<?xml version="1.0" encoding="UTF-8"?>
<robot generator="Robot 3.2.2 (Python 3.11.2 on win32)" generated="20240226 09:18:49.513" rpa="false">
<suite id="s1" name="Binder Amazon" source="C:\Eclipse_WS\Binder_Amazon">
<suite id="s1-s1" name="Test Cases" source="C:\Eclipse_WS\Binder_Amazon\Test Cases">
<suite id="s1-s1-s1" name="CartTestCases" source="C:\Eclipse_WS\Binder_Amazon\Test Cases\CartTestCases.robot">
<kw name="Begin Test" library="CommonFunctionalities" type="setup">
<arguments>
<arg>chrome</arg>
<arg>${validMobileNumber}</arg>
<arg>${validPassword}</arg>
</arguments>
<kw name="Begin Test for login" library="CommonFunctionalities">
<arguments>
<arg>${browser}</arg>
</arguments>
<kw name="Set Screenshot Directory" library="SeleniumLibrary">
<doc>Sets the directory for captured screenshots.</doc>
<arguments>
<arg>../Screenshots</arg>
</arguments>
<status status="PASS" starttime="20240226 09:18:49.690" endtime="20240226 09:18:49.690"></status>
</kw>
<kw name="Open Browser" library="SeleniumLibrary">
<doc>Opens a new browser instance to the optional ``url``.</doc>
<arguments>
<arg>blank:browser</arg>
<arg>${browser}</arg>
</arguments>
<msg timestamp="20240226 09:18:49.691" level="INFO">Opening browser 'chrome' to base url 'blank:browser'.</msg>
<status status="PASS" starttime="20240226 09:18:49.691" endtime="20240226 09:18:50.959"></status>
</kw>
<kw name="Delete All Cookies" library="SeleniumLibrary">
<doc>Deletes all cookies.</doc>
<status status="PASS" starttime="20240226 09:18:50.960" endtime="20240226 09:18:50.969"></status>
</kw>
<kw name="Sleep" library="BuiltIn">
<doc>Pauses the test executed for the given time.</doc>
<arguments>
<arg>2</arg>
</arguments>
<msg timestamp="20240226 09:18:52.969" level="INFO">Slept 2 seconds</msg>
<status status="PASS" starttime="20240226 09:18:50.969" endtime="20240226 09:18:52.970"></status>
</kw>
<kw name="Maximize Browser Window" library="SeleniumLibrary">
<doc>Maximizes current browser window.</doc>
<status status="PASS" starttime="20240226 09:18:52.970" endtime="20240226 09:18:53.097"></status>
</kw>
<status status="PASS" starttime="20240226 09:18:49.690" endtime="20240226 09:18:53.098"></status>
</kw>
<kw name="Login with valid user and valid password" library="Login">
<arguments>
<arg>${username}</arg>
<arg>${password}</arg>
</arguments>
<kw name="Navigate to login page" library="Login">
<kw name="Set Variable" library="BuiltIn">
<doc>Returns the given values which can then be assigned to a variables.</doc>
<arguments>
<arg>5</arg>
</arguments>
<assign>
<var>${max_retries}</var>
</assign>
<msg timestamp="20240226 09:18:53.101" level="INFO">${max_retries} = 5</msg>
<status status="PASS" starttime="20240226 09:18:53.100" endtime="20240226 09:18:53.101"></status>
</kw>
<kw name="Delete All Cookies" library="SeleniumLibrary">
<doc>Deletes all cookies.</doc>
<status status="PASS" starttime="20240226 09:18:53.101" endtime="20240226 09:18:53.108"></status>
</kw>
<kw name="${i} IN RANGE [ 0 | ${max_retries} ]" type="for">
<kw name="${i} = 0" type="foritem">
<kw name="Go To" library="SeleniumLibrary">
<doc>Navigates the current browser window to the provided ``url``.</doc>
<arguments>
<arg>https://www.amazon.in</arg>
</arguments>
<msg timestamp="20240226 09:18:53.108" level="INFO">Opening url 'https://www.amazon.in'</msg>
<status status="PASS" starttime="20240226 09:18:53.108" endtime="20240226 09:18:54.346"></status>
</kw>
<kw name="Run Keyword And Return Status" library="BuiltIn">
<doc>Runs the given keyword with given arguments and returns the status as a Boolean value.</doc>
<arguments>
<arg>Wait Until Page Contains Element</arg>
<arg>${txt_hello_SignIn}</arg>
</arguments>
<assign>
<var>${status}</var>
</assign>
<kw name="Wait Until Page Contains Element" library="SeleniumLibrary">
<doc>Waits until the element ``locator`` appears on the current page.</doc>
<arguments>
<arg>${txt_hello_SignIn}</arg>
</arguments>
<status status="PASS" starttime="20240226 09:18:54.347" endtime="20240226 09:18:54.361"></status>
</kw>
<msg timestamp="20240226 09:18:54.361" level="INFO">${status} = True</msg>
<status status="PASS" starttime="20240226 09:18:54.347" endtime="20240226 09:18:54.361"></status>
</kw>
<kw name="Run Keyword If" library="BuiltIn">
<doc>Runs the given keyword with the given arguments, if ``condition`` is true.</doc>
<arguments>
<arg>${status}==True</arg>
<arg>Exit For Loop</arg>
</arguments>
<kw name="Exit For Loop" library="BuiltIn">
<doc>Stops executing the enclosing for loop.</doc>
<msg timestamp="20240226 09:18:54.362" level="INFO">Exiting for loop altogether.</msg>
<status status="PASS" starttime="20240226 09:18:54.361" endtime="20240226 09:18:54.362"></status>
</kw>
<status status="PASS" starttime="20240226 09:18:54.361" endtime="20240226 09:18:54.362"></status>
</kw>
<status status="PASS" starttime="20240226 09:18:53.108" endtime="20240226 09:18:54.362"></status>
</kw>
<status status="PASS" starttime="20240226 09:18:53.108" endtime="20240226 09:18:54.362"></status>
</kw>
<status status="PASS" starttime="20240226 09:18:53.100" endtime="20240226 09:18:54.362"></status>
</kw>
<kw name="Sleep" library="BuiltIn">
<doc>Pauses the test executed for the given time.</doc>
<arguments>
<arg>1</arg>
</arguments>
<msg timestamp="20240226 09:18:55.365" level="INFO">Slept 1 second</msg>
<status status="PASS" starttime="20240226 09:18:54.362" endtime="20240226 09:18:55.365"></status>
</kw>
<kw name="Enter Username" library="Login">
<arguments>
<arg>${username}</arg>
</arguments>
<kw name="Mouse Over" library="SeleniumLibrary">
<doc>Simulates hovering the mouse over the element ``locator``.</doc>
<arguments>
<arg>${txt_hello_SignIn}</arg>
</arguments>
<msg timestamp="20240226 09:18:55.369" level="INFO">Simulating Mouse Over on element 'id=nav-link-accountList'.</msg>
<status status="PASS" starttime="20240226 09:18:55.368" endtime="20240226 09:18:55.682"></status>
</kw>
<kw name="Click Element" library="SeleniumLibrary">
<doc>Click the element identified by ``locator``.</doc>
<arguments>
<arg>${btn_login}</arg>
</arguments>
<msg timestamp="20240226 09:18:55.683" level="INFO">Clicking element 'xpath=//*[@id="nav-flyout-ya-signin"]/a'.</msg>
<status status="PASS" starttime="20240226 09:18:55.682" endtime="20240226 09:18:56.438"></status>
</kw>
<kw name="Wait Until Page Contains Element" library="SeleniumLibrary">
<doc>Waits until the element ``locator`` appears on the current page.</doc>
<arguments>
<arg>${label_signin}</arg>
</arguments>
<status status="PASS" starttime="20240226 09:18:56.439" endtime="20240226 09:18:56.467"></status>
</kw>
<kw name="Click Element" library="SeleniumLibrary">
<doc>Click the element identified by ``locator``.</doc>
<arguments>
<arg>${input_username}</arg>
</arguments>
<msg timestamp="20240226 09:18:56.467" level="INFO">Clicking element 'id=ap_email'.</msg>
<status status="PASS" starttime="20240226 09:18:56.467" endtime="20240226 09:18:56.514"></status>
</kw>
<kw name="Input Text" library="SeleniumLibrary">
<doc>Types the given ``text`` into the text field identified by ``locator``.</doc>
<arguments>
<arg>${input_username}</arg>
<arg>${username}</arg>
</arguments>
<msg timestamp="20240226 09:18:56.514" level="INFO">Typing text '8957636994' into text field 'id=ap_email'.</msg>
<status status="PASS" starttime="20240226 09:18:56.514" endtime="20240226 09:18:56.609"></status>
</kw>
<kw name="Press Keys" library="SeleniumLibrary">
<doc>Simulates the user pressing key(s) to an element or on the active browser.</doc>
<arguments>
<arg>${btn_continue}</arg>
<arg>ENTER</arg>
</arguments>
<msg timestamp="20240226 09:18:56.610" level="INFO">Sending key(s) ('ENTER',) to id=continue element.</msg>
<msg timestamp="20240226 09:18:57.708" level="INFO">Pressing special key ENTER to element.</msg>
<msg timestamp="20240226 09:18:57.708" level="INFO">Releasing special key ENTER.</msg>
<status status="PASS" starttime="20240226 09:18:56.610" endtime="20240226 09:18:57.736"></status>
</kw>
<status status="PASS" starttime="20240226 09:18:55.366" endtime="20240226 09:18:57.737"></status>
</kw>
<kw name="Capture Page Screenshot" library="SeleniumLibrary">
<doc>Takes a screenshot of the current page and embeds it into a log file.</doc>
<msg timestamp="20240226 09:18:57.898" level="INFO" html="yes">&lt;/td&gt;&lt;/tr&gt;&lt;tr&gt;&lt;td colspan="3"&gt;&lt;a href="../Screenshots/selenium-screenshot-509.png"&gt;&lt;img src="../Screenshots/selenium-screenshot-509.png" width="800px"&gt;&lt;/a&gt;</msg>
<status status="PASS" starttime="20240226 09:18:57.737" endtime="20240226 09:18:57.898"></status>
</kw>
<kw name="Sleep" library="BuiltIn">
<doc>Pauses the test executed for the given time.</doc>
<arguments>
<arg>1</arg>
</arguments>
<msg timestamp="20240226 09:18:58.899" level="INFO">Slept 1 second</msg>
<status status="PASS" starttime="20240226 09:18:57.898" endtime="20240226 09:18:58.899"></status>
</kw>
<kw name="Enter Password" library="Login">
<arguments>
<arg>${password}</arg>
</arguments>
<kw name="Wait Until Page Contains Element" library="SeleniumLibrary">
<doc>Waits until the element ``locator`` appears on the current page.</doc>
<arguments>
<arg>${input_password}</arg>
</arguments>
<status status="PASS" starttime="20240226 09:18:58.901" endtime="20240226 09:18:58.921"></status>
</kw>
<kw name="Click Element" library="SeleniumLibrary">
<doc>Click the element identified by ``locator``.</doc>
<arguments>
<arg>${input_password}</arg>
</arguments>
<msg timestamp="20240226 09:18:58.922" level="INFO">Clicking element 'id=ap_password'.</msg>
<status status="PASS" starttime="20240226 09:18:58.921" endtime="20240226 09:18:58.952"></status>
</kw>
<kw name="Input Text" library="SeleniumLibrary">
<doc>Types the given ``text`` into the text field identified by ``locator``.</doc>
<arguments>
<arg>${input_password}</arg>
<arg>${password}</arg>
</arguments>
<msg timestamp="20240226 09:18:58.953" level="INFO">Typing text 'Abcd1234' into text field 'id=ap_password'.</msg>
<status status="PASS" starttime="20240226 09:18:58.953" endtime="20240226 09:18:59.007"></status>
</kw>
<kw name="Select Checkbox" library="SeleniumLibrary">
<doc>Selects the checkbox identified by ``locator``.</doc>
<arguments>
<arg>${chkSigned}</arg>
</arguments>
<msg timestamp="20240226 09:18:59.008" level="INFO">Selecting checkbox 'xpath=//*[@id="authportal-main-section"]/div[2]/div/div[2]/div/form/div/div[2]/div/div/label/div/label/input'.</msg>
<status status="PASS" starttime="20240226 09:18:59.008" endtime="20240226 09:18:59.075"></status>
</kw>
<kw name="Sleep" library="BuiltIn">
<doc>Pauses the test executed for the given time.</doc>
<arguments>
<arg>1</arg>
</arguments>
<msg timestamp="20240226 09:19:00.077" level="INFO">Slept 1 second</msg>
<status status="PASS" starttime="20240226 09:18:59.077" endtime="20240226 09:19:00.077"></status>
</kw>
<kw name="Click Element" library="SeleniumLibrary">
<doc>Click the element identified by ``locator``.</doc>
<arguments>
<arg>${submit_btn_signin}</arg>
</arguments>
<msg timestamp="20240226 09:19:00.078" level="INFO">Clicking element 'id=signInSubmit'.</msg>
<status status="PASS" starttime="20240226 09:19:00.077" endtime="20240226 09:19:00.162"></status>
</kw>
<status status="PASS" starttime="20240226 09:18:58.900" endtime="20240226 09:19:00.162"></status>
</kw>
<kw name="Capture Page Screenshot" library="SeleniumLibrary">
<doc>Takes a screenshot of the current page and embeds it into a log file.</doc>
<msg timestamp="20240226 09:19:02.474" level="INFO" html="yes">&lt;/td&gt;&lt;/tr&gt;&lt;tr&gt;&lt;td colspan="3"&gt;&lt;a href="../Screenshots/selenium-screenshot-510.png"&gt;&lt;img src="../Screenshots/selenium-screenshot-510.png" width="800px"&gt;&lt;/a&gt;</msg>
<status status="PASS" starttime="20240226 09:19:00.162" endtime="20240226 09:19:02.474"></status>
</kw>
<kw name="Sleep" library="BuiltIn">
<doc>Pauses the test executed for the given time.</doc>
<arguments>
<arg>1</arg>
</arguments>
<msg timestamp="20240226 09:19:03.476" level="INFO">Slept 1 second</msg>
<status status="PASS" starttime="20240226 09:19:02.474" endtime="20240226 09:19:03.476"></status>
</kw>
<kw name="Set Variable" library="BuiltIn">
<doc>Returns the given values which can then be assigned to a variables.</doc>
<arguments>
<arg>5</arg>
</arguments>
<assign>
<var>${max_retries}</var>
</assign>
<msg timestamp="20240226 09:19:03.476" level="INFO">${max_retries} = 5</msg>
<status status="PASS" starttime="20240226 09:19:03.476" endtime="20240226 09:19:03.477"></status>
</kw>
<kw name="${i} IN RANGE [ 0 | ${max_retries} ]" type="for">
<kw name="${i} = 0" type="foritem">
<kw name="Run Keyword And Return Status" library="BuiltIn">
<doc>Runs the given keyword with given arguments and returns the status as a Boolean value.</doc>
<arguments>
<arg>Page Should Contain Element</arg>
<arg>${txt_hello_SignIn}</arg>
</arguments>
<assign>
<var>${status}</var>
</assign>
<kw name="Page Should Contain Element" library="SeleniumLibrary">
<doc>Verifies that element ``locator`` is found on the current page.</doc>
<arguments>
<arg>${txt_hello_SignIn}</arg>
</arguments>
<msg timestamp="20240226 09:19:03.488" level="INFO">Current page contains element 'id=nav-link-accountList'.</msg>
<status status="PASS" starttime="20240226 09:19:03.477" endtime="20240226 09:19:03.488"></status>
</kw>
<msg timestamp="20240226 09:19:03.488" level="INFO">${status} = True</msg>
<status status="PASS" starttime="20240226 09:19:03.477" endtime="20240226 09:19:03.488"></status>
</kw>
<kw name="Run Keyword If" library="BuiltIn">
<doc>Runs the given keyword with the given arguments, if ``condition`` is true.</doc>
<arguments>
<arg>${status}==True</arg>
<arg>Exit For Loop</arg>
</arguments>
<kw name="Exit For Loop" library="BuiltIn">
<doc>Stops executing the enclosing for loop.</doc>
<msg timestamp="20240226 09:19:03.489" level="INFO">Exiting for loop altogether.</msg>
<status status="PASS" starttime="20240226 09:19:03.489" endtime="20240226 09:19:03.489"></status>
</kw>
<status status="PASS" starttime="20240226 09:19:03.488" endtime="20240226 09:19:03.489"></status>
</kw>
<status status="PASS" starttime="20240226 09:19:03.477" endtime="20240226 09:19:03.489"></status>
</kw>
<status status="PASS" starttime="20240226 09:19:03.477" endtime="20240226 09:19:03.489"></status>
</kw>
<kw name="Mouse Over" library="SeleniumLibrary">
<doc>Simulates hovering the mouse over the element ``locator``.</doc>
<arguments>
<arg>${txt_hello_SignIn}</arg>
</arguments>
<msg timestamp="20240226 09:19:03.490" level="INFO">Simulating Mouse Over on element 'id=nav-link-accountList'.</msg>
<status status="PASS" starttime="20240226 09:19:03.489" endtime="20240226 09:19:03.807"></status>
</kw>
<kw name="Page Should Contain Element" library="SeleniumLibrary">
<doc>Verifies that element ``locator`` is found on the current page.</doc>
<arguments>
<arg>${element_after_login}</arg>
</arguments>
<msg timestamp="20240226 09:19:03.818" level="INFO">Current page contains element 'id=nav-item-signout'.</msg>
<status status="PASS" starttime="20240226 09:19:03.807" endtime="20240226 09:19:03.818"></status>
</kw>
<kw name="Capture Page Screenshot" library="SeleniumLibrary">
<doc>Takes a screenshot of the current page and embeds it into a log file.</doc>
<msg timestamp="20240226 09:19:04.170" level="INFO" html="yes">&lt;/td&gt;&lt;/tr&gt;&lt;tr&gt;&lt;td colspan="3"&gt;&lt;a href="../Screenshots/selenium-screenshot-511.png"&gt;&lt;img src="../Screenshots/selenium-screenshot-511.png" width="800px"&gt;&lt;/a&gt;</msg>
<status status="PASS" starttime="20240226 09:19:03.818" endtime="20240226 09:19:04.171"></status>
</kw>
<status status="PASS" starttime="20240226 09:18:53.099" endtime="20240226 09:19:04.171"></status>
</kw>
<kw name="Sleep" library="BuiltIn">
<doc>Pauses the test executed for the given time.</doc>
<arguments>
<arg>1</arg>
</arguments>
<msg timestamp="20240226 09:19:05.171" level="INFO">Slept 1 second</msg>
<status status="PASS" starttime="20240226 09:19:04.171" endtime="20240226 09:19:05.171"></status>
</kw>
<status status="PASS" starttime="20240226 09:18:49.689" endtime="20240226 09:19:05.172"></status>
</kw>
<test id="s1-s1-s1-t1" name="Cart_Functional_TestCase01">
<kw name="Set Screenshot Directory" library="SeleniumLibrary">
<doc>Sets the directory for captured screenshots.</doc>
<arguments>
<arg>Screenshots/Cart/TestCase01</arg>
</arguments>
<status status="PASS" starttime="20240226 09:19:05.174" endtime="20240226 09:19:05.174"></status>
</kw>
<kw name="Search functionality when search item is matching and available" library="Search">
<arguments>
<arg>${singleWordSearch}</arg>
</arguments>
<kw name="Perform Search and display search results" library="Search">
<arguments>
<arg>${SearchKeyword}</arg>
</arguments>
<kw name="Click Element" library="SeleniumLibrary">
<doc>Click the element identified by ``locator``.</doc>
<arguments>
<arg>${searchBox}</arg>
</arguments>
<msg timestamp="20240226 09:19:05.176" level="INFO">Clicking element 'id=twotabsearchtextbox'.</msg>
<status status="PASS" starttime="20240226 09:19:05.176" endtime="20240226 09:19:05.254"></status>
</kw>
<kw name="Clear Element Text" library="SeleniumLibrary">
<doc>Clears the value of the text-input-element identified by ``locator``.</doc>
<arguments>
<arg>${searchBox}</arg>
</arguments>
<status status="PASS" starttime="20240226 09:19:05.254" endtime="20240226 09:19:05.295"></status>
</kw>
<kw name="Sleep" library="BuiltIn">
<doc>Pauses the test executed for the given time.</doc>
<arguments>
<arg>1</arg>
</arguments>
<msg timestamp="20240226 09:19:06.295" level="INFO">Slept 1 second</msg>
<status status="PASS" starttime="20240226 09:19:05.295" endtime="20240226 09:19:06.295"></status>
</kw>
<kw name="Input Text" library="SeleniumLibrary">
<doc>Types the given ``text`` into the text field identified by ``locator``.</doc>
<arguments>
<arg>${searchBox}</arg>
<arg>${SearchKeyword}</arg>
</arguments>
<msg timestamp="20240226 09:19:06.297" level="INFO">Typing text 'Iphone' into text field 'id=twotabsearchtextbox'.</msg>
<status status="PASS" starttime="20240226 09:19:06.296" endtime="20240226 09:19:06.365"></status>
</kw>
<kw name="Sleep" library="BuiltIn">
<doc>Pauses the test executed for the given time.</doc>
<arguments>
<arg>1</arg>
</arguments>
<msg timestamp="20240226 09:19:07.366" level="INFO">Slept 1 second</msg>
<status status="PASS" starttime="20240226 09:19:06.365" endtime="20240226 09:19:07.366"></status>
</kw>
<kw name="Click Element" library="SeleniumLibrary">
<doc>Click the element identified by ``locator``.</doc>
<arguments>
<arg>${searchButton}</arg>
</arguments>
<msg timestamp="20240226 09:19:07.367" level="INFO">Clicking element 'id=nav-search-submit-button'.</msg>
<status status="PASS" starttime="20240226 09:19:07.366" endtime="20240226 09:19:10.838"></status>
</kw>
<status status="PASS" starttime="20240226 09:19:05.175" endtime="20240226 09:19:10.839"></status>
</kw>
<kw name="Capture Page Screenshot" library="SeleniumLibrary">
<doc>Takes a screenshot of the current page and embeds it into a log file.</doc>
<msg timestamp="20240226 09:19:11.076" level="INFO" html="yes">&lt;/td&gt;&lt;/tr&gt;&lt;tr&gt;&lt;td colspan="3"&gt;&lt;a href="Screenshots/Cart/TestCase01/selenium-screenshot-1.png"&gt;&lt;img src="Screenshots/Cart/TestCase01/selenium-screenshot-1.png" width="800px"&gt;&lt;/a&gt;</msg>
<status status="PASS" starttime="20240226 09:19:10.839" endtime="20240226 09:19:11.076"></status>
</kw>
<kw name="Wait Until Page Contains Element" library="SeleniumLibrary">
<doc>Waits until the element ``locator`` appears on the current page.</doc>
<arguments>
<arg>${searchRefinementBar}</arg>
</arguments>
<status status="PASS" starttime="20240226 09:19:11.076" endtime="20240226 09:19:11.100"></status>
</kw>
<kw name="Wait Until Page Contains Element" library="SeleniumLibrary">
<doc>Waits until the element ``locator`` appears on the current page.</doc>
<arguments>
<arg>${searchResultsText}</arg>
</arguments>
<status status="PASS" starttime="20240226 09:19:11.100" endtime="20240226 09:19:11.119"></status>
</kw>
<kw name="Scroll Element Into View" library="SeleniumLibrary">
<doc>Scrolls the element identified by ``locator`` into view.</doc>
<arguments>
<arg>${searchResultsComponent}</arg>
</arguments>
<status status="PASS" starttime="20240226 09:19:11.120" endtime="20240226 09:19:11.427"></status>
</kw>
<kw name="Get WebElements" library="SeleniumLibrary">
<doc>Returns a list of WebElement objects matching the ``locator``.</doc>
<arguments>
<arg>${searchResultsComponent}</arg>
</arguments>
<assign>
<var>${search_results}</var>
</assign>
<msg timestamp="20240226 09:19:11.436" level="INFO">${search_results} = [&lt;selenium.webdriver.remote.webelement.WebElement (session="99558e4ddb597a7685652912f40f2dad", element="28F5FB34301BA84157AC3F745A0DE8F8_element_415")&gt;, &lt;selenium.webdriver.remote.webelement.WebElemen...</msg>
<status status="PASS" starttime="20240226 09:19:11.428" endtime="20240226 09:19:11.437"></status>
</kw>
<kw name="Should Not Be Empty" library="BuiltIn">
<doc>Verifies that the given item is not empty.</doc>
<arguments>
<arg>${search_results}</arg>
</arguments>
<msg timestamp="20240226 09:19:11.437" level="INFO">Length is 18</msg>
<status status="PASS" starttime="20240226 09:19:11.437" endtime="20240226 09:19:11.437"></status>
</kw>
<kw name="${result} IN [ @{search_results} ]" type="for">
<kw name="${result} = &lt;selenium.webdriver.remote.webelement.WebElement (session=&quot;99558e4ddb597a7685652912f40f2dad&quot;, element=&quot;28F5FB34301BA84157AC3F745A0DE8F8_element_415&quot;)&gt;" type="foritem">
<kw name="Split Search Keyword by space and validate match" library="Search">
<arguments>
<arg>${SearchKeyword}</arg>
<arg>${result}</arg>
</arguments>
<kw name="Split String" library="String">
<doc>Splits the ``string`` using ``separator`` as a delimiter string.</doc>
<arguments>
<arg>${SearchKeyword}</arg>
</arguments>
<assign>
<var>${searchText_parts}</var>
</assign>
<msg timestamp="20240226 09:19:11.438" level="INFO">${searchText_parts} = ['Iphone']</msg>
<status status="PASS" starttime="20240226 09:19:11.438" endtime="20240226 09:19:11.438"></status>
</kw>
<kw name="${text} IN [ @{searchText_parts} ]" type="for">
<kw name="${text} = Iphone" type="foritem">
<kw name="Run Keyword And Return Status" library="BuiltIn">
<doc>Runs the given keyword with given arguments and returns the status as a Boolean value.</doc>
<arguments>
<arg>Should Contain</arg>
<arg>${result.text}</arg>
<arg>${text}</arg>
<arg>ignore_case=True</arg>
</arguments>
<assign>
<var>${status}</var>
</assign>
<kw name="Should Contain" library="BuiltIn">
<doc>Fails if ``container`` does not contain ``item`` one or more times.</doc>
<arguments>
<arg>${result.text}</arg>
<arg>${text}</arg>
<arg>ignore_case=True</arg>
</arguments>
<status status="PASS" starttime="20240226 09:19:11.438" endtime="20240226 09:19:11.472"></status>
</kw>
<msg timestamp="20240226 09:19:11.472" level="INFO">${status} = True</msg>
<status status="PASS" starttime="20240226 09:19:11.438" endtime="20240226 09:19:11.472"></status>
</kw>
<kw name="Run Keyword If" library="BuiltIn">
<doc>Runs the given keyword with the given arguments, if ``condition`` is true.</doc>
<arguments>
<arg>${status}==True</arg>
<arg>Exit For Loop</arg>
</arguments>
<kw name="Exit For Loop" library="BuiltIn">
<doc>Stops executing the enclosing for loop.</doc>
<msg timestamp="20240226 09:19:11.474" level="INFO">Exiting for loop altogether.</msg>
<status status="PASS" starttime="20240226 09:19:11.474" endtime="20240226 09:19:11.474"></status>
</kw>
<status status="PASS" starttime="20240226 09:19:11.472" endtime="20240226 09:19:11.474"></status>
</kw>
<status status="PASS" starttime="20240226 09:19:11.438" endtime="20240226 09:19:11.474"></status>
</kw>
<status status="PASS" starttime="20240226 09:19:11.438" endtime="20240226 09:19:11.474"></status>
</kw>
<status status="PASS" starttime="20240226 09:19:11.437" endtime="20240226 09:19:11.474"></status>
</kw>
<kw name="Run Keyword And Return Status" library="BuiltIn">
<doc>Runs the given keyword with given arguments and returns the status as a Boolean value.</doc>
<arguments>
<arg>Get Element Attribute</arg>
<arg>${searchResultsComponent}</arg>
<arg>img</arg>
</arguments>
<assign>
<var>${status}</var>
</assign>
<kw name="Get Element Attribute" library="SeleniumLibrary">
<doc>Returns the value of ``attribute`` from the element ``locator``.</doc>
<arguments>
<arg>${searchResultsComponent}</arg>
<arg>img</arg>
</arguments>
<status status="PASS" starttime="20240226 09:19:11.474" endtime="20240226 09:19:11.494"></status>
</kw>
<msg timestamp="20240226 09:19:11.494" level="INFO">${status} = True</msg>
<status status="PASS" starttime="20240226 09:19:11.474" endtime="20240226 09:19:11.494"></status>
</kw>
<kw name="Should Be Equal As Strings" library="BuiltIn">
<doc>Fails if objects are unequal after converting them to strings.</doc>
<arguments>
<arg>${status}</arg>
<arg>True</arg>
</arguments>
<msg timestamp="20240226 09:19:11.494" level="INFO">Argument types are:
&lt;class 'bool'&gt;
&lt;type 'unicode'&gt;</msg>
<status status="PASS" starttime="20240226 09:19:11.494" endtime="20240226 09:19:11.494"></status>
</kw>
<status status="PASS" starttime="20240226 09:19:11.437" endtime="20240226 09:19:11.494"></status>
</kw>
<kw name="${result} = &lt;selenium.webdriver.remote.webelement.WebElement (session=&quot;99558e4ddb597a7685652912f40f2dad&quot;, element=&quot;28F5FB34301BA84157AC3F745A0DE8F8_element_416&quot;)&gt;" type="foritem">
<kw name="Split Search Keyword by space and validate match" library="Search">
<arguments>
<arg>${SearchKeyword}</arg>
<arg>${result}</arg>
</arguments>
<kw name="Split String" library="String">
<doc>Splits the ``string`` using ``separator`` as a delimiter string.</doc>
<arguments>
<arg>${SearchKeyword}</arg>
</arguments>
<assign>
<var>${searchText_parts}</var>
</assign>
<msg timestamp="20240226 09:19:11.495" level="INFO">${searchText_parts} = ['Iphone']</msg>
<status status="PASS" starttime="20240226 09:19:11.495" endtime="20240226 09:19:11.495"></status>
</kw>
<kw name="${text} IN [ @{searchText_parts} ]" type="for">
<kw name="${text} = Iphone" type="foritem">
<kw name="Run Keyword And Return Status" library="BuiltIn">
<doc>Runs the given keyword with given arguments and returns the status as a Boolean value.</doc>
<arguments>
<arg>Should Contain</arg>
<arg>${result.text}</arg>
<arg>${text}</arg>
<arg>ignore_case=True</arg>
</arguments>
<assign>
<var>${status}</var>
</assign>
<kw name="Should Contain" library="BuiltIn">
<doc>Fails if ``container`` does not contain ``item`` one or more times.</doc>
<arguments>
<arg>${result.text}</arg>
<arg>${text}</arg>
<arg>ignore_case=True</arg>
</arguments>
<status status="PASS" starttime="20240226 09:19:11.496" endtime="20240226 09:19:11.528"></status>
</kw>
<msg timestamp="20240226 09:19:11.529" level="INFO">${status} = True</msg>
<status status="PASS" starttime="20240226 09:19:11.495" endtime="20240226 09:19:11.529"></status>
</kw>
<kw name="Run Keyword If" library="BuiltIn">
<doc>Runs the given keyword with the given arguments, if ``condition`` is true.</doc>
<arguments>
<arg>${status}==True</arg>
<arg>Exit For Loop</arg>
</arguments>
<kw name="Exit For Loop" library="BuiltIn">
<doc>Stops executing the enclosing for loop.</doc>
<msg timestamp="20240226 09:19:11.530" level="INFO">Exiting for loop altogether.</msg>
<status status="PASS" starttime="20240226 09:19:11.530" endtime="20240226 09:19:11.530"></status>
</kw>
<status status="PASS" starttime="20240226 09:19:11.529" endtime="20240226 09:19:11.530"></status>
</kw>
<status status="PASS" starttime="20240226 09:19:11.495" endtime="20240226 09:19:11.530"></status>
</kw>
<status status="PASS" starttime="20240226 09:19:11.495" endtime="20240226 09:19:11.531"></status>
</kw>
<status status="PASS" starttime="20240226 09:19:11.495" endtime="20240226 09:19:11.531"></status>
</kw>
<kw name="Run Keyword And Return Status" library="BuiltIn">
<doc>Runs the given keyword with given arguments and returns the status as a Boolean value.</doc>
<arguments>
<arg>Get Element Attribute</arg>
<arg>${searchResultsComponent}</arg>
<arg>img</arg>
</arguments>
<assign>
<var>${status}</var>
</assign>
<kw name="Get Element Attribute" library="SeleniumLibrary">
<doc>Returns the value of ``attribute`` from the element ``locator``.</doc>
<arguments>
<arg>${searchResultsComponent}</arg>
<arg>img</arg>
</arguments>
<status status="PASS" starttime="20240226 09:19:11.531" endtime="20240226 09:19:11.552"></status>
</kw>
<msg timestamp="20240226 09:19:11.552" level="INFO">${status} = True</msg>
<status status="PASS" starttime="20240226 09:19:11.531" endtime="20240226 09:19:11.552"></status>
</kw>
<kw name="Should Be Equal As Strings" library="BuiltIn">
<doc>Fails if objects are unequal after converting them to strings.</doc>
<arguments>
<arg>${status}</arg>
<arg>True</arg>
</arguments>
<msg timestamp="20240226 09:19:11.552" level="INFO">Argument types are:
&lt;class 'bool'&gt;
&lt;type 'unicode'&gt;</msg>
<status status="PASS" starttime="20240226 09:19:11.552" endtime="20240226 09:19:11.553"></status>
</kw>
<status status="PASS" starttime="20240226 09:19:11.495" endtime="20240226 09:19:11.553"></status>
</kw>
<kw name="${result} = &lt;selenium.webdriver.remote.webelement.WebElement (session=&quot;99558e4ddb597a7685652912f40f2dad&quot;, element=&quot;28F5FB34301BA84157AC3F745A0DE8F8_element_417&quot;)&gt;" type="foritem">
<kw name="Split Search Keyword by space and validate match" library="Search">
<arguments>
<arg>${SearchKeyword}</arg>
<arg>${result}</arg>
</arguments>
<kw name="Split String" library="String">
<doc>Splits the ``string`` using ``separator`` as a delimiter string.</doc>
<arguments>
<arg>${SearchKeyword}</arg>
</arguments>
<assign>
<var>${searchText_parts}</var>
</assign>
<msg timestamp="20240226 09:19:11.554" level="INFO">${searchText_parts} = ['Iphone']</msg>
<status status="PASS" starttime="20240226 09:19:11.553" endtime="20240226 09:19:11.554"></status>
</kw>
<kw name="${text} IN [ @{searchText_parts} ]" type="for">
<kw name="${text} = Iphone" type="foritem">
<kw name="Run Keyword And Return Status" library="BuiltIn">
<doc>Runs the given keyword with given arguments and returns the status as a Boolean value.</doc>
<arguments>
<arg>Should Contain</arg>
<arg>${result.text}</arg>
<arg>${text}</arg>
<arg>ignore_case=True</arg>
</arguments>
<assign>
<var>${status}</var>
</assign>
<kw name="Should Contain" library="BuiltIn">
<doc>Fails if ``container`` does not contain ``item`` one or more times.</doc>
<arguments>
<arg>${result.text}</arg>
<arg>${text}</arg>
<arg>ignore_case=True</arg>
</arguments>
<status status="PASS" starttime="20240226 09:19:11.554" endtime="20240226 09:19:11.589"></status>
</kw>
<msg timestamp="20240226 09:19:11.589" level="INFO">${status} = True</msg>
<status status="PASS" starttime="20240226 09:19:11.554" endtime="20240226 09:19:11.589"></status>
</kw>
<kw name="Run Keyword If" library="BuiltIn">
<doc>Runs the given keyword with the given arguments, if ``condition`` is true.</doc>
<arguments>
<arg>${status}==True</arg>
<arg>Exit For Loop</arg>
</arguments>
<kw name="Exit For Loop" library="BuiltIn">
<doc>Stops executing the enclosing for loop.</doc>
<msg timestamp="20240226 09:19:11.590" level="INFO">Exiting for loop altogether.</msg>
<status status="PASS" starttime="20240226 09:19:11.590" endtime="20240226 09:19:11.590"></status>
</kw>
<status status="PASS" starttime="20240226 09:19:11.589" endtime="20240226 09:19:11.590"></status>
</kw>
<status status="PASS" starttime="20240226 09:19:11.554" endtime="20240226 09:19:11.590"></status>
</kw>
<status status="PASS" starttime="20240226 09:19:11.554" endtime="20240226 09:19:11.590"></status>
</kw>
<status status="PASS" starttime="20240226 09:19:11.553" endtime="20240226 09:19:11.590"></status>
</kw>
<kw name="Run Keyword And Return Status" library="BuiltIn">
<doc>Runs the given keyword with given arguments and returns the status as a Boolean value.</doc>
<arguments>
<arg>Get Element Attribute</arg>
<arg>${searchResultsComponent}</arg>
<arg>img</arg>
</arguments>
<assign>
<var>${status}</var>
</assign>
<kw name="Get Element Attribute" library="SeleniumLibrary">
<doc>Returns the value of ``attribute`` from the element ``locator``.</doc>
<arguments>
<arg>${searchResultsComponent}</arg>
<arg>img</arg>
</arguments>
<status status="PASS" starttime="20240226 09:19:11.591" endtime="20240226 09:19:11.609"></status>
</kw>
<msg timestamp="20240226 09:19:11.609" level="INFO">${status} = True</msg>
<status status="PASS" starttime="20240226 09:19:11.590" endtime="20240226 09:19:11.609"></status>
</kw>
<kw name="Should Be Equal As Strings" library="BuiltIn">
<doc>Fails if objects are unequal after converting them to strings.</doc>
<arguments>
<arg>${status}</arg>
<arg>True</arg>
</arguments>
<msg timestamp="20240226 09:19:11.609" level="INFO">Argument types are:
&lt;class 'bool'&gt;
&lt;type 'unicode'&gt;</msg>
<status status="PASS" starttime="20240226 09:19:11.609" endtime="20240226 09:19:11.609"></status>
</kw>
<status status="PASS" starttime="20240226 09:19:11.553" endtime="20240226 09:19:11.609"></status>
</kw>
<kw name="${result} = &lt;selenium.webdriver.remote.webelement.WebElement (session=&quot;99558e4ddb597a7685652912f40f2dad&quot;, element=&quot;28F5FB34301BA84157AC3F745A0DE8F8_element_418&quot;)&gt;" type="foritem">
<kw name="Split Search Keyword by space and validate match" library="Search">
<arguments>
<arg>${SearchKeyword}</arg>
<arg>${result}</arg>
</arguments>
<kw name="Split String" library="String">
<doc>Splits the ``string`` using ``separator`` as a delimiter string.</doc>
<arguments>
<arg>${SearchKeyword}</arg>
</arguments>
<assign>
<var>${searchText_parts}</var>
</assign>
<msg timestamp="20240226 09:19:11.610" level="INFO">${searchText_parts} = ['Iphone']</msg>
<status status="PASS" starttime="20240226 09:19:11.610" endtime="20240226 09:19:11.610"></status>
</kw>
<kw name="${text} IN [ @{searchText_parts} ]" type="for">
<kw name="${text} = Iphone" type="foritem">
<kw name="Run Keyword And Return Status" library="BuiltIn">
<doc>Runs the given keyword with given arguments and returns the status as a Boolean value.</doc>
<arguments>
<arg>Should Contain</arg>
<arg>${result.text}</arg>
<arg>${text}</arg>
<arg>ignore_case=True</arg>
</arguments>
<assign>
<var>${status}</var>
</assign>
<kw name="Should Contain" library="BuiltIn">
<doc>Fails if ``container`` does not contain ``item`` one or more times.</doc>
<arguments>
<arg>${result.text}</arg>
<arg>${text}</arg>
<arg>ignore_case=True</arg>
</arguments>
<status status="PASS" starttime="20240226 09:19:11.610" endtime="20240226 09:19:11.645"></status>
</kw>
<msg timestamp="20240226 09:19:11.645" level="INFO">${status} = True</msg>
<status status="PASS" starttime="20240226 09:19:11.610" endtime="20240226 09:19:11.645"></status>
</kw>
<kw name="Run Keyword If" library="BuiltIn">
<doc>Runs the given keyword with the given arguments, if ``condition`` is true.</doc>
<arguments>
<arg>${status}==True</arg>
<arg>Exit For Loop</arg>
</arguments>
<kw name="Exit For Loop" library="BuiltIn">
<doc>Stops executing the enclosing for loop.</doc>
<msg timestamp="20240226 09:19:11.646" level="INFO">Exiting for loop altogether.</msg>
<status status="PASS" starttime="20240226 09:19:11.646" endtime="20240226 09:19:11.647"></status>
</kw>
<status status="PASS" starttime="20240226 09:19:11.646" endtime="20240226 09:19:11.647"></status>
</kw>
<status status="PASS" starttime="20240226 09:19:11.610" endtime="20240226 09:19:11.647"></status>
</kw>
<status status="PASS" starttime="20240226 09:19:11.610" endtime="20240226 09:19:11.647"></status>
</kw>
<status status="PASS" starttime="20240226 09:19:11.609" endtime="20240226 09:19:11.648"></status>
</kw>
<kw name="Run Keyword And Return Status" library="BuiltIn">
<doc>Runs the given keyword with given arguments and returns the status as a Boolean value.</doc>
<arguments>
<arg>Get Element Attribute</arg>
<arg>${searchResultsComponent}</arg>
<arg>img</arg>
</arguments>
<assign>
<var>${status}</var>
</assign>
<kw name="Get Element Attribute" library="SeleniumLibrary">
<doc>Returns the value of ``attribute`` from the element ``locator``.</doc>
<arguments>
<arg>${searchResultsComponent}</arg>
<arg>img</arg>
</arguments>
<status status="PASS" starttime="20240226 09:19:11.648" endtime="20240226 09:19:11.668"></status>
</kw>
<msg timestamp="20240226 09:19:11.668" level="INFO">${status} = True</msg>
<status status="PASS" starttime="20240226 09:19:11.648" endtime="20240226 09:19:11.668"></status>
</kw>
<kw name="Should Be Equal As Strings" library="BuiltIn">
<doc>Fails if objects are unequal after converting them to strings.</doc>
<arguments>
<arg>${status}</arg>
<arg>True</arg>
</arguments>
<msg timestamp="20240226 09:19:11.668" level="INFO">Argument types are:
&lt;class 'bool'&gt;
&lt;type 'unicode'&gt;</msg>
<status status="PASS" starttime="20240226 09:19:11.668" endtime="20240226 09:19:11.669"></status>
</kw>
<status status="PASS" starttime="20240226 09:19:11.609" endtime="20240226 09:19:11.669"></status>
</kw>
<kw name="${result} = &lt;selenium.webdriver.remote.webelement.WebElement (session=&quot;99558e4ddb597a7685652912f40f2dad&quot;, element=&quot;28F5FB34301BA84157AC3F745A0DE8F8_element_419&quot;)&gt;" type="foritem">
<kw name="Split Search Keyword by space and validate match" library="Search">
<arguments>
<arg>${SearchKeyword}</arg>
<arg>${result}</arg>
</arguments>
<kw name="Split String" library="String">
<doc>Splits the ``string`` using ``separator`` as a delimiter string.</doc>
<arguments>
<arg>${SearchKeyword}</arg>
</arguments>
<assign>
<var>${searchText_parts}</var>
</assign>
<msg timestamp="20240226 09:19:11.669" level="INFO">${searchText_parts} = ['Iphone']</msg>
<status status="PASS" starttime="20240226 09:19:11.669" endtime="20240226 09:19:11.669"></status>
</kw>
<kw name="${text} IN [ @{searchText_parts} ]" type="for">
<kw name="${text} = Iphone" type="foritem">
<kw name="Run Keyword And Return Status" library="BuiltIn">
<doc>Runs the given keyword with given arguments and returns the status as a Boolean value.</doc>
<arguments>
<arg>Should Contain</arg>
<arg>${result.text}</arg>
<arg>${text}</arg>
<arg>ignore_case=True</arg>
</arguments>
<assign>
<var>${status}</var>
</assign>
<kw name="Should Contain" library="BuiltIn">
<doc>Fails if ``container`` does not contain ``item`` one or more times.</doc>
<arguments>
<arg>${result.text}</arg>
<arg>${text}</arg>
<arg>ignore_case=True</arg>
</arguments>
<status status="PASS" starttime="20240226 09:19:11.670" endtime="20240226 09:19:11.712"></status>
</kw>
<msg timestamp="20240226 09:19:11.712" level="INFO">${status} = True</msg>
<status status="PASS" starttime="20240226 09:19:11.670" endtime="20240226 09:19:11.712"></status>
</kw>
<kw name="Run Keyword If" library="BuiltIn">
<doc>Runs the given keyword with the given arguments, if ``condition`` is true.</doc>
<arguments>
<arg>${status}==True</arg>
<arg>Exit For Loop</arg>
</arguments>
<kw name="Exit For Loop" library="BuiltIn">
<doc>Stops executing the enclosing for loop.</doc>
<msg timestamp="20240226 09:19:11.712" level="INFO">Exiting for loop altogether.</msg>
<status status="PASS" starttime="20240226 09:19:11.712" endtime="20240226 09:19:11.713"></status>
</kw>
<status status="PASS" starttime="20240226 09:19:11.712" endtime="20240226 09:19:11.713"></status>
</kw>
<status status="PASS" starttime="20240226 09:19:11.670" endtime="20240226 09:19:11.713"></status>
</kw>
<status status="PASS" starttime="20240226 09:19:11.669" endtime="20240226 09:19:11.713"></status>
</kw>
<status status="PASS" starttime="20240226 09:19:11.669" endtime="20240226 09:19:11.713"></status>
</kw>
<kw name="Run Keyword And Return Status" library="BuiltIn">
<doc>Runs the given keyword with given arguments and returns the status as a Boolean value.</doc>
<arguments>
<arg>Get Element Attribute</arg>
<arg>${searchResultsComponent}</arg>
<arg>img</arg>
</arguments>
<assign>
<var>${status}</var>
</assign>
<kw name="Get Element Attribute" library="SeleniumLibrary">
<doc>Returns the value of ``attribute`` from the element ``locator``.</doc>
<arguments>
<arg>${searchResultsComponent}</arg>
<arg>img</arg>
</arguments>
<status status="PASS" starttime="20240226 09:19:11.714" endtime="20240226 09:19:11.733"></status>
</kw>
<msg timestamp="20240226 09:19:11.733" level="INFO">${status} = True</msg>
<status status="PASS" starttime="20240226 09:19:11.713" endtime="20240226 09:19:11.733"></status>
</kw>
<kw name="Should Be Equal As Strings" library="BuiltIn">
<doc>Fails if objects are unequal after converting them to strings.</doc>
<arguments>
<arg>${status}</arg>
<arg>True</arg>
</arguments>
<msg timestamp="20240226 09:19:11.734" level="INFO">Argument types are:
&lt;class 'bool'&gt;
&lt;type 'unicode'&gt;</msg>
<status status="PASS" starttime="20240226 09:19:11.733" endtime="20240226 09:19:11.734"></status>
</kw>
<status status="PASS" starttime="20240226 09:19:11.669" endtime="20240226 09:19:11.734"></status>
</kw>
<kw name="${result} = &lt;selenium.webdriver.remote.webelement.WebElement (session=&quot;99558e4ddb597a7685652912f40f2dad&quot;, element=&quot;28F5FB34301BA84157AC3F745A0DE8F8_element_420&quot;)&gt;" type="foritem">
<kw name="Split Search Keyword by space and validate match" library="Search">
<arguments>
<arg>${SearchKeyword}</arg>
<arg>${result}</arg>
</arguments>
<kw name="Split String" library="String">
<doc>Splits the ``string`` using ``separator`` as a delimiter string.</doc>
<arguments>
<arg>${SearchKeyword}</arg>
</arguments>
<assign>
<var>${searchText_parts}</var>
</assign>
<msg timestamp="20240226 09:19:11.735" level="INFO">${searchText_parts} = ['Iphone']</msg>
<status status="PASS" starttime="20240226 09:19:11.734" endtime="20240226 09:19:11.735"></status>
</kw>
<kw name="${text} IN [ @{searchText_parts} ]" type="for">
<kw name="${text} = Iphone" type="foritem">
<kw name="Run Keyword And Return Status" library="BuiltIn">
<doc>Runs the given keyword with given arguments and returns the status as a Boolean value.</doc>
<arguments>
<arg>Should Contain</arg>
<arg>${result.text}</arg>
<arg>${text}</arg>
<arg>ignore_case=True</arg>
</arguments>
<assign>
<var>${status}</var>
</assign>
<kw name="Should Contain" library="BuiltIn">
<doc>Fails if ``container`` does not contain ``item`` one or more times.</doc>
<arguments>
<arg>${result.text}</arg>
<arg>${text}</arg>
<arg>ignore_case=True</arg>
</arguments>
<status status="PASS" starttime="20240226 09:19:11.735" endtime="20240226 09:19:11.779"></status>
</kw>
<msg timestamp="20240226 09:19:11.779" level="INFO">${status} = True</msg>
<status status="PASS" starttime="20240226 09:19:11.735" endtime="20240226 09:19:11.779"></status>
</kw>
<kw name="Run Keyword If" library="BuiltIn">
<doc>Runs the given keyword with the given arguments, if ``condition`` is true.</doc>
<arguments>
<arg>${status}==True</arg>
<arg>Exit For Loop</arg>
</arguments>
<kw name="Exit For Loop" library="BuiltIn">
<doc>Stops executing the enclosing for loop.</doc>
<msg timestamp="20240226 09:19:11.780" level="INFO">Exiting for loop altogether.</msg>
<status status="PASS" starttime="20240226 09:19:11.780" endtime="20240226 09:19:11.780"></status>
</kw>
<status status="PASS" starttime="20240226 09:19:11.780" endtime="20240226 09:19:11.780"></status>
</kw>
<status status="PASS" starttime="20240226 09:19:11.735" endtime="20240226 09:19:11.781"></status>
</kw>
<status status="PASS" starttime="20240226 09:19:11.735" endtime="20240226 09:19:11.781"></status>
</kw>
<status status="PASS" starttime="20240226 09:19:11.734" endtime="20240226 09:19:11.781"></status>
</kw>
<kw name="Run Keyword And Return Status" library="BuiltIn">
<doc>Runs the given keyword with given arguments and returns the status as a Boolean value.</doc>
<arguments>
<arg>Get Element Attribute</arg>
<arg>${searchResultsComponent}</arg>
<arg>img</arg>
</arguments>
<assign>
<var>${status}</var>
</assign>
<kw name="Get Element Attribute" library="SeleniumLibrary">
<doc>Returns the value of ``attribute`` from the element ``locator``.</doc>
<arguments>
<arg>${searchResultsComponent}</arg>
<arg>img</arg>
</arguments>
<status status="PASS" starttime="20240226 09:19:11.781" endtime="20240226 09:19:11.812"></status>
</kw>
<msg timestamp="20240226 09:19:11.813" level="INFO">${status} = True</msg>
<status status="PASS" starttime="20240226 09:19:11.781" endtime="20240226 09:19:11.813"></status>
</kw>
<kw name="Should Be Equal As Strings" library="BuiltIn">
<doc>Fails if objects are unequal after converting them to strings.</doc>
<arguments>
<arg>${status}</arg>
<arg>True</arg>
</arguments>
<msg timestamp="20240226 09:19:11.814" level="INFO">Argument types are:
&lt;class 'bool'&gt;
&lt;type 'unicode'&gt;</msg>
<status status="PASS" starttime="20240226 09:19:11.813" endtime="20240226 09:19:11.814"></status>
</kw>
<status status="PASS" starttime="20240226 09:19:11.734" endtime="20240226 09:19:11.814"></status>
</kw>
<kw name="${result} = &lt;selenium.webdriver.remote.webelement.WebElement (session=&quot;99558e4ddb597a7685652912f40f2dad&quot;, element=&quot;28F5FB34301BA84157AC3F745A0DE8F8_element_421&quot;)&gt;" type="foritem">
<kw name="Split Search Keyword by space and validate match" library="Search">
<arguments>
<arg>${SearchKeyword}</arg>
<arg>${result}</arg>
</arguments>
<kw name="Split String" library="String">
<doc>Splits the ``string`` using ``separator`` as a delimiter string.</doc>
<arguments>
<arg>${SearchKeyword}</arg>
</arguments>
<assign>
<var>${searchText_parts}</var>
</assign>
<msg timestamp="20240226 09:19:11.816" level="INFO">${searchText_parts} = ['Iphone']</msg>
<status status="PASS" starttime="20240226 09:19:11.815" endtime="20240226 09:19:11.816"></status>
</kw>
<kw name="${text} IN [ @{searchText_parts} ]" type="for">
<kw name="${text} = Iphone" type="foritem">
<kw name="Run Keyword And Return Status" library="BuiltIn">
<doc>Runs the given keyword with given arguments and returns the status as a Boolean value.</doc>
<arguments>
<arg>Should Contain</arg>
<arg>${result.text}</arg>
<arg>${text}</arg>
<arg>ignore_case=True</arg>
</arguments>
<assign>
<var>${status}</var>
</assign>
<kw name="Should Contain" library="BuiltIn">
<doc>Fails if ``container`` does not contain ``item`` one or more times.</doc>
<arguments>
<arg>${result.text}</arg>
<arg>${text}</arg>
<arg>ignore_case=True</arg>
</arguments>
<status status="PASS" starttime="20240226 09:19:11.816" endtime="20240226 09:19:11.840"></status>
</kw>
<msg timestamp="20240226 09:19:11.840" level="INFO">${status} = True</msg>
<status status="PASS" starttime="20240226 09:19:11.816" endtime="20240226 09:19:11.840"></status>
</kw>
<kw name="Run Keyword If" library="BuiltIn">
<doc>Runs the given keyword with the given arguments, if ``condition`` is true.</doc>
<arguments>
<arg>${status}==True</arg>
<arg>Exit For Loop</arg>
</arguments>
<kw name="Exit For Loop" library="BuiltIn">
<doc>Stops executing the enclosing for loop.</doc>
<msg timestamp="20240226 09:19:11.841" level="INFO">Exiting for loop altogether.</msg>
<status status="PASS" starttime="20240226 09:19:11.840" endtime="20240226 09:19:11.841"></status>
</kw>
<status status="PASS" starttime="20240226 09:19:11.840" endtime="20240226 09:19:11.841"></status>
</kw>
<status status="PASS" starttime="20240226 09:19:11.816" endtime="20240226 09:19:11.841"></status>
</kw>
<status status="PASS" starttime="20240226 09:19:11.816" endtime="20240226 09:19:11.841"></status>
</kw>
<status status="PASS" starttime="20240226 09:19:11.815" endtime="20240226 09:19:11.841"></status>
</kw>
<kw name="Run Keyword And Return Status" library="BuiltIn">
<doc>Runs the given keyword with given arguments and returns the status as a Boolean value.</doc>
<arguments>
<arg>Get Element Attribute</arg>
<arg>${searchResultsComponent}</arg>
<arg>img</arg>
</arguments>
<assign>
<var>${status}</var>
</assign>
<kw name="Get Element Attribute" library="SeleniumLibrary">
<doc>Returns the value of ``attribute`` from the element ``locator``.</doc>
<arguments>
<arg>${searchResultsComponent}</arg>
<arg>img</arg>
</arguments>
<status status="PASS" starttime="20240226 09:19:11.841" endtime="20240226 09:19:11.855"></status>
</kw>
<msg timestamp="20240226 09:19:11.855" level="INFO">${status} = True</msg>
<status status="PASS" starttime="20240226 09:19:11.841" endtime="20240226 09:19:11.855"></status>
</kw>
<kw name="Should Be Equal As Strings" library="BuiltIn">
<doc>Fails if objects are unequal after converting them to strings.</doc>
<arguments>
<arg>${status}</arg>
<arg>True</arg>
</arguments>
<msg timestamp="20240226 09:19:11.855" level="INFO">Argument types are:
&lt;class 'bool'&gt;
&lt;type 'unicode'&gt;</msg>
<status status="PASS" starttime="20240226 09:19:11.855" endtime="20240226 09:19:11.855"></status>
</kw>
<status status="PASS" starttime="20240226 09:19:11.814" endtime="20240226 09:19:11.855"></status>
</kw>
<kw name="${result} = &lt;selenium.webdriver.remote.webelement.WebElement (session=&quot;99558e4ddb597a7685652912f40f2dad&quot;, element=&quot;28F5FB34301BA84157AC3F745A0DE8F8_element_422&quot;)&gt;" type="foritem">
<kw name="Split Search Keyword by space and validate match" library="Search">
<arguments>
<arg>${SearchKeyword}</arg>
<arg>${result}</arg>
</arguments>
<kw name="Split String" library="String">
<doc>Splits the ``string`` using ``separator`` as a delimiter string.</doc>
<arguments>
<arg>${SearchKeyword}</arg>
</arguments>
<assign>
<var>${searchText_parts}</var>
</assign>
<msg timestamp="20240226 09:19:11.856" level="INFO">${searchText_parts} = ['Iphone']</msg>
<status status="PASS" starttime="20240226 09:19:11.856" endtime="20240226 09:19:11.856"></status>
</kw>
<kw name="${text} IN [ @{searchText_parts} ]" type="for">
<kw name="${text} = Iphone" type="foritem">
<kw name="Run Keyword And Return Status" library="BuiltIn">
<doc>Runs the given keyword with given arguments and returns the status as a Boolean value.</doc>
<arguments>
<arg>Should Contain</arg>
<arg>${result.text}</arg>
<arg>${text}</arg>
<arg>ignore_case=True</arg>
</arguments>
<assign>
<var>${status}</var>
</assign>
<kw name="Should Contain" library="BuiltIn">
<doc>Fails if ``container`` does not contain ``item`` one or more times.</doc>
<arguments>
<arg>${result.text}</arg>
<arg>${text}</arg>
<arg>ignore_case=True</arg>
</arguments>
<status status="PASS" starttime="20240226 09:19:11.857" endtime="20240226 09:19:11.913"></status>
</kw>
<msg timestamp="20240226 09:19:11.914" level="INFO">${status} = True</msg>
<status status="PASS" starttime="20240226 09:19:11.857" endtime="20240226 09:19:11.914"></status>
</kw>
<kw name="Run Keyword If" library="BuiltIn">
<doc>Runs the given keyword with the given arguments, if ``condition`` is true.</doc>
<arguments>
<arg>${status}==True</arg>
<arg>Exit For Loop</arg>
</arguments>
<kw name="Exit For Loop" library="BuiltIn">
<doc>Stops executing the enclosing for loop.</doc>
<msg timestamp="20240226 09:19:11.914" level="INFO">Exiting for loop altogether.</msg>
<status status="PASS" starttime="20240226 09:19:11.914" endtime="20240226 09:19:11.914"></status>
</kw>
<status status="PASS" starttime="20240226 09:19:11.914" endtime="20240226 09:19:11.915"></status>
</kw>
<status status="PASS" starttime="20240226 09:19:11.856" endtime="20240226 09:19:11.915"></status>
</kw>
<status status="PASS" starttime="20240226 09:19:11.856" endtime="20240226 09:19:11.915"></status>
</kw>
<status status="PASS" starttime="20240226 09:19:11.856" endtime="20240226 09:19:11.915"></status>
</kw>
<kw name="Run Keyword And Return Status" library="BuiltIn">
<doc>Runs the given keyword with given arguments and returns the status as a Boolean value.</doc>
<arguments>
<arg>Get Element Attribute</arg>
<arg>${searchResultsComponent}</arg>
<arg>img</arg>
</arguments>
<assign>
<var>${status}</var>
</assign>
<kw name="Get Element Attribute" library="SeleniumLibrary">
<doc>Returns the value of ``attribute`` from the element ``locator``.</doc>
<arguments>
<arg>${searchResultsComponent}</arg>
<arg>img</arg>
</arguments>
<status status="PASS" starttime="20240226 09:19:11.915" endtime="20240226 09:19:11.940"></status>
</kw>
<msg timestamp="20240226 09:19:11.940" level="INFO">${status} = True</msg>
<status status="PASS" starttime="20240226 09:19:11.915" endtime="20240226 09:19:11.940"></status>
</kw>
<kw name="Should Be Equal As Strings" library="BuiltIn">
<doc>Fails if objects are unequal after converting them to strings.</doc>
<arguments>
<arg>${status}</arg>
<arg>True</arg>
</arguments>
<msg timestamp="20240226 09:19:11.940" level="INFO">Argument types are:
&lt;class 'bool'&gt;
&lt;type 'unicode'&gt;</msg>
<status status="PASS" starttime="20240226 09:19:11.940" endtime="20240226 09:19:11.940"></status>
</kw>
<status status="PASS" starttime="20240226 09:19:11.856" endtime="20240226 09:19:11.940"></status>
</kw>
<kw name="${result} = &lt;selenium.webdriver.remote.webelement.WebElement (session=&quot;99558e4ddb597a7685652912f40f2dad&quot;, element=&quot;28F5FB34301BA84157AC3F745A0DE8F8_element_423&quot;)&gt;" type="foritem">
<kw name="Split Search Keyword by space and validate match" library="Search">
<arguments>
<arg>${SearchKeyword}</arg>
<arg>${result}</arg>
</arguments>
<kw name="Split String" library="String">
<doc>Splits the ``string`` using ``separator`` as a delimiter string.</doc>
<arguments>
<arg>${SearchKeyword}</arg>
</arguments>
<assign>
<var>${searchText_parts}</var>
</assign>
<msg timestamp="20240226 09:19:11.941" level="INFO">${searchText_parts} = ['Iphone']</msg>
<status status="PASS" starttime="20240226 09:19:11.941" endtime="20240226 09:19:11.941"></status>
</kw>
<kw name="${text} IN [ @{searchText_parts} ]" type="for">
<kw name="${text} = Iphone" type="foritem">
<kw name="Run Keyword And Return Status" library="BuiltIn">
<doc>Runs the given keyword with given arguments and returns the status as a Boolean value.</doc>
<arguments>
<arg>Should Contain</arg>
<arg>${result.text}</arg>
<arg>${text}</arg>
<arg>ignore_case=True</arg>
</arguments>
<assign>
<var>${status}</var>
</assign>
<kw name="Should Contain" library="BuiltIn">
<doc>Fails if ``container`` does not contain ``item`` one or more times.</doc>
<arguments>
<arg>${result.text}</arg>
<arg>${text}</arg>
<arg>ignore_case=True</arg>
</arguments>
<status status="PASS" starttime="20240226 09:19:11.942" endtime="20240226 09:19:11.972"></status>
</kw>
<msg timestamp="20240226 09:19:11.972" level="INFO">${status} = True</msg>
<status status="PASS" starttime="20240226 09:19:11.941" endtime="20240226 09:19:11.972"></status>
</kw>
<kw name="Run Keyword If" library="BuiltIn">
<doc>Runs the given keyword with the given arguments, if ``condition`` is true.</doc>
<arguments>
<arg>${status}==True</arg>
<arg>Exit For Loop</arg>
</arguments>
<kw name="Exit For Loop" library="BuiltIn">
<doc>Stops executing the enclosing for loop.</doc>
<msg timestamp="20240226 09:19:11.973" level="INFO">Exiting for loop altogether.</msg>
<status status="PASS" starttime="20240226 09:19:11.973" endtime="20240226 09:19:11.973"></status>
</kw>
<status status="PASS" starttime="20240226 09:19:11.973" endtime="20240226 09:19:11.973"></status>
</kw>
<status status="PASS" starttime="20240226 09:19:11.941" endtime="20240226 09:19:11.974"></status>
</kw>
<status status="PASS" starttime="20240226 09:19:11.941" endtime="20240226 09:19:11.974"></status>
</kw>
<status status="PASS" starttime="20240226 09:19:11.941" endtime="20240226 09:19:11.974"></status>
</kw>
<kw name="Run Keyword And Return Status" library="BuiltIn">
<doc>Runs the given keyword with given arguments and returns the status as a Boolean value.</doc>
<arguments>
<arg>Get Element Attribute</arg>
<arg>${searchResultsComponent}</arg>
<arg>img</arg>
</arguments>
<assign>
<var>${status}</var>
</assign>
<kw name="Get Element Attribute" library="SeleniumLibrary">
<doc>Returns the value of ``attribute`` from the element ``locator``.</doc>
<arguments>
<arg>${searchResultsComponent}</arg>
<arg>img</arg>
</arguments>
<status status="PASS" starttime="20240226 09:19:11.974" endtime="20240226 09:19:11.993"></status>
</kw>
<msg timestamp="20240226 09:19:11.993" level="INFO">${status} = True</msg>
<status status="PASS" starttime="20240226 09:19:11.974" endtime="20240226 09:19:11.993"></status>
</kw>
<kw name="Should Be Equal As Strings" library="BuiltIn">
<doc>Fails if objects are unequal after converting them to strings.</doc>
<arguments>
<arg>${status}</arg>
<arg>True</arg>
</arguments>
<msg timestamp="20240226 09:19:11.993" level="INFO">Argument types are:
&lt;class 'bool'&gt;
&lt;type 'unicode'&gt;</msg>
<status status="PASS" starttime="20240226 09:19:11.993" endtime="20240226 09:19:11.993"></status>
</kw>
<status status="PASS" starttime="20240226 09:19:11.940" endtime="20240226 09:19:11.993"></status>
</kw>
<kw name="${result} = &lt;selenium.webdriver.remote.webelement.WebElement (session=&quot;99558e4ddb597a7685652912f40f2dad&quot;, element=&quot;28F5FB34301BA84157AC3F745A0DE8F8_element_424&quot;)&gt;" type="foritem">
<kw name="Split Search Keyword by space and validate match" library="Search">
<arguments>
<arg>${SearchKeyword}</arg>
<arg>${result}</arg>
</arguments>
<kw name="Split String" library="String">
<doc>Splits the ``string`` using ``separator`` as a delimiter string.</doc>
<arguments>
<arg>${SearchKeyword}</arg>
</arguments>
<assign>
<var>${searchText_parts}</var>
</assign>
<msg timestamp="20240226 09:19:11.994" level="INFO">${searchText_parts} = ['Iphone']</msg>
<status status="PASS" starttime="20240226 09:19:11.994" endtime="20240226 09:19:11.994"></status>
</kw>
<kw name="${text} IN [ @{searchText_parts} ]" type="for">
<kw name="${text} = Iphone" type="foritem">
<kw name="Run Keyword And Return Status" library="BuiltIn">
<doc>Runs the given keyword with given arguments and returns the status as a Boolean value.</doc>
<arguments>
<arg>Should Contain</arg>
<arg>${result.text}</arg>
<arg>${text}</arg>
<arg>ignore_case=True</arg>
</arguments>
<assign>
<var>${status}</var>
</assign>
<kw name="Should Contain" library="BuiltIn">
<doc>Fails if ``container`` does not contain ``item`` one or more times.</doc>
<arguments>
<arg>${result.text}</arg>
<arg>${text}</arg>
<arg>ignore_case=True</arg>
</arguments>
<status status="PASS" starttime="20240226 09:19:11.995" endtime="20240226 09:19:12.023"></status>
</kw>
<msg timestamp="20240226 09:19:12.023" level="INFO">${status} = True</msg>
<status status="PASS" starttime="20240226 09:19:11.994" endtime="20240226 09:19:12.024"></status>
</kw>
<kw name="Run Keyword If" library="BuiltIn">
<doc>Runs the given keyword with the given arguments, if ``condition`` is true.</doc>
<arguments>
<arg>${status}==True</arg>
<arg>Exit For Loop</arg>
</arguments>
<kw name="Exit For Loop" library="BuiltIn">
<doc>Stops executing the enclosing for loop.</doc>
<msg timestamp="20240226 09:19:12.024" level="INFO">Exiting for loop altogether.</msg>
<status status="PASS" starttime="20240226 09:19:12.024" endtime="20240226 09:19:12.024"></status>
</kw>
<status status="PASS" starttime="20240226 09:19:12.024" endtime="20240226 09:19:12.024"></status>
</kw>
<status status="PASS" starttime="20240226 09:19:11.994" endtime="20240226 09:19:12.024"></status>
</kw>
<status status="PASS" starttime="20240226 09:19:11.994" endtime="20240226 09:19:12.025"></status>
</kw>
<status status="PASS" starttime="20240226 09:19:11.994" endtime="20240226 09:19:12.025"></status>
</kw>
<kw name="Run Keyword And Return Status" library="BuiltIn">
<doc>Runs the given keyword with given arguments and returns the status as a Boolean value.</doc>
<arguments>
<arg>Get Element Attribute</arg>
<arg>${searchResultsComponent}</arg>
<arg>img</arg>
</arguments>
<assign>
<var>${status}</var>
</assign>
<kw name="Get Element Attribute" library="SeleniumLibrary">
<doc>Returns the value of ``attribute`` from the element ``locator``.</doc>
<arguments>
<arg>${searchResultsComponent}</arg>
<arg>img</arg>
</arguments>
<status status="PASS" starttime="20240226 09:19:12.025" endtime="20240226 09:19:12.040"></status>
</kw>
<msg timestamp="20240226 09:19:12.040" level="INFO">${status} = True</msg>
<status status="PASS" starttime="20240226 09:19:12.025" endtime="20240226 09:19:12.040"></status>
</kw>
<kw name="Should Be Equal As Strings" library="BuiltIn">
<doc>Fails if objects are unequal after converting them to strings.</doc>
<arguments>
<arg>${status}</arg>
<arg>True</arg>
</arguments>
<msg timestamp="20240226 09:19:12.040" level="INFO">Argument types are:
&lt;class 'bool'&gt;
&lt;type 'unicode'&gt;</msg>
<status status="PASS" starttime="20240226 09:19:12.040" endtime="20240226 09:19:12.040"></status>
</kw>
<status status="PASS" starttime="20240226 09:19:11.993" endtime="20240226 09:19:12.040"></status>
</kw>
<kw name="${result} = &lt;selenium.webdriver.remote.webelement.WebElement (session=&quot;99558e4ddb597a7685652912f40f2dad&quot;, element=&quot;28F5FB34301BA84157AC3F745A0DE8F8_element_425&quot;)&gt;" type="foritem">
<kw name="Split Search Keyword by space and validate match" library="Search">
<arguments>
<arg>${SearchKeyword}</arg>
<arg>${result}</arg>
</arguments>
<kw name="Split String" library="String">
<doc>Splits the ``string`` using ``separator`` as a delimiter string.</doc>
<arguments>
<arg>${SearchKeyword}</arg>
</arguments>
<assign>
<var>${searchText_parts}</var>
</assign>
<msg timestamp="20240226 09:19:12.041" level="INFO">${searchText_parts} = ['Iphone']</msg>
<status status="PASS" starttime="20240226 09:19:12.041" endtime="20240226 09:19:12.041"></status>
</kw>
<kw name="${text} IN [ @{searchText_parts} ]" type="for">
<kw name="${text} = Iphone" type="foritem">
<kw name="Run Keyword And Return Status" library="BuiltIn">
<doc>Runs the given keyword with given arguments and returns the status as a Boolean value.</doc>
<arguments>
<arg>Should Contain</arg>
<arg>${result.text}</arg>
<arg>${text}</arg>
<arg>ignore_case=True</arg>
</arguments>
<assign>
<var>${status}</var>
</assign>
<kw name="Should Contain" library="BuiltIn">
<doc>Fails if ``container`` does not contain ``item`` one or more times.</doc>
<arguments>
<arg>${result.text}</arg>
<arg>${text}</arg>
<arg>ignore_case=True</arg>
</arguments>
<status status="PASS" starttime="20240226 09:19:12.042" endtime="20240226 09:19:12.079"></status>
</kw>
<msg timestamp="20240226 09:19:12.079" level="INFO">${status} = True</msg>
<status status="PASS" starttime="20240226 09:19:12.042" endtime="20240226 09:19:12.079"></status>
</kw>
<kw name="Run Keyword If" library="BuiltIn">
<doc>Runs the given keyword with the given arguments, if ``condition`` is true.</doc>
<arguments>
<arg>${status}==True</arg>
<arg>Exit For Loop</arg>
</arguments>
<kw name="Exit For Loop" library="BuiltIn">
<doc>Stops executing the enclosing for loop.</doc>
<msg timestamp="20240226 09:19:12.080" level="INFO">Exiting for loop altogether.</msg>
<status status="PASS" starttime="20240226 09:19:12.080" endtime="20240226 09:19:12.080"></status>
</kw>
<status status="PASS" starttime="20240226 09:19:12.079" endtime="20240226 09:19:12.080"></status>
</kw>
<status status="PASS" starttime="20240226 09:19:12.042" endtime="20240226 09:19:12.080"></status>
</kw>
<status status="PASS" starttime="20240226 09:19:12.041" endtime="20240226 09:19:12.080"></status>
</kw>
<status status="PASS" starttime="20240226 09:19:12.041" endtime="20240226 09:19:12.080"></status>
</kw>
<kw name="Run Keyword And Return Status" library="BuiltIn">
<doc>Runs the given keyword with given arguments and returns the status as a Boolean value.</doc>
<arguments>
<arg>Get Element Attribute</arg>
<arg>${searchResultsComponent}</arg>
<arg>img</arg>
</arguments>
<assign>
<var>${status}</var>
</assign>
<kw name="Get Element Attribute" library="SeleniumLibrary">
<doc>Returns the value of ``attribute`` from the element ``locator``.</doc>
<arguments>
<arg>${searchResultsComponent}</arg>
<arg>img</arg>
</arguments>
<status status="PASS" starttime="20240226 09:19:12.081" endtime="20240226 09:19:12.103"></status>
</kw>
<msg timestamp="20240226 09:19:12.103" level="INFO">${status} = True</msg>
<status status="PASS" starttime="20240226 09:19:12.080" endtime="20240226 09:19:12.104"></status>
</kw>
<kw name="Should Be Equal As Strings" library="BuiltIn">
<doc>Fails if objects are unequal after converting them to strings.</doc>
<arguments>
<arg>${status}</arg>
<arg>True</arg>
</arguments>
<msg timestamp="20240226 09:19:12.104" level="INFO">Argument types are:
&lt;class 'bool'&gt;
&lt;type 'unicode'&gt;</msg>
<status status="PASS" starttime="20240226 09:19:12.104" endtime="20240226 09:19:12.104"></status>
</kw>
<status status="PASS" starttime="20240226 09:19:12.041" endtime="20240226 09:19:12.104"></status>
</kw>
<kw name="${result} = &lt;selenium.webdriver.remote.webelement.WebElement (session=&quot;99558e4ddb597a7685652912f40f2dad&quot;, element=&quot;28F5FB34301BA84157AC3F745A0DE8F8_element_426&quot;)&gt;" type="foritem">
<kw name="Split Search Keyword by space and validate match" library="Search">
<arguments>
<arg>${SearchKeyword}</arg>
<arg>${result}</arg>
</arguments>
<kw name="Split String" library="String">
<doc>Splits the ``string`` using ``separator`` as a delimiter string.</doc>
<arguments>
<arg>${SearchKeyword}</arg>
</arguments>
<assign>
<var>${searchText_parts}</var>
</assign>
<msg timestamp="20240226 09:19:12.105" level="INFO">${searchText_parts} = ['Iphone']</msg>
<status status="PASS" starttime="20240226 09:19:12.104" endtime="20240226 09:19:12.105"></status>
</kw>
<kw name="${text} IN [ @{searchText_parts} ]" type="for">
<kw name="${text} = Iphone" type="foritem">
<kw name="Run Keyword And Return Status" library="BuiltIn">
<doc>Runs the given keyword with given arguments and returns the status as a Boolean value.</doc>
<arguments>
<arg>Should Contain</arg>
<arg>${result.text}</arg>
<arg>${text}</arg>
<arg>ignore_case=True</arg>
</arguments>
<assign>
<var>${status}</var>
</assign>
<kw name="Should Contain" library="BuiltIn">
<doc>Fails if ``container`` does not contain ``item`` one or more times.</doc>
<arguments>
<arg>${result.text}</arg>
<arg>${text}</arg>
<arg>ignore_case=True</arg>
</arguments>
<status status="PASS" starttime="20240226 09:19:12.105" endtime="20240226 09:19:12.138"></status>
</kw>
<msg timestamp="20240226 09:19:12.138" level="INFO">${status} = True</msg>
<status status="PASS" starttime="20240226 09:19:12.105" endtime="20240226 09:19:12.138"></status>
</kw>
<kw name="Run Keyword If" library="BuiltIn">
<doc>Runs the given keyword with the given arguments, if ``condition`` is true.</doc>
<arguments>
<arg>${status}==True</arg>
<arg>Exit For Loop</arg>
</arguments>
<kw name="Exit For Loop" library="BuiltIn">
<doc>Stops executing the enclosing for loop.</doc>
<msg timestamp="20240226 09:19:12.139" level="INFO">Exiting for loop altogether.</msg>
<status status="PASS" starttime="20240226 09:19:12.139" endtime="20240226 09:19:12.139"></status>
</kw>
<status status="PASS" starttime="20240226 09:19:12.139" endtime="20240226 09:19:12.139"></status>
</kw>
<status status="PASS" starttime="20240226 09:19:12.105" endtime="20240226 09:19:12.139"></status>
</kw>
<status status="PASS" starttime="20240226 09:19:12.105" endtime="20240226 09:19:12.139"></status>
</kw>
<status status="PASS" starttime="20240226 09:19:12.104" endtime="20240226 09:19:12.140"></status>
</kw>
<kw name="Run Keyword And Return Status" library="BuiltIn">
<doc>Runs the given keyword with given arguments and returns the status as a Boolean value.</doc>
<arguments>
<arg>Get Element Attribute</arg>
<arg>${searchResultsComponent}</arg>
<arg>img</arg>
</arguments>
<assign>
<var>${status}</var>
</assign>
<kw name="Get Element Attribute" library="SeleniumLibrary">
<doc>Returns the value of ``attribute`` from the element ``locator``.</doc>
<arguments>
<arg>${searchResultsComponent}</arg>
<arg>img</arg>
</arguments>
<status status="PASS" starttime="20240226 09:19:12.140" endtime="20240226 09:19:12.156"></status>
</kw>
<msg timestamp="20240226 09:19:12.156" level="INFO">${status} = True</msg>
<status status="PASS" starttime="20240226 09:19:12.140" endtime="20240226 09:19:12.156"></status>
</kw>
<kw name="Should Be Equal As Strings" library="BuiltIn">
<doc>Fails if objects are unequal after converting them to strings.</doc>
<arguments>
<arg>${status}</arg>
<arg>True</arg>
</arguments>
<msg timestamp="20240226 09:19:12.157" level="INFO">Argument types are:
&lt;class 'bool'&gt;
&lt;type 'unicode'&gt;</msg>
<status status="PASS" starttime="20240226 09:19:12.156" endtime="20240226 09:19:12.157"></status>
</kw>
<status status="PASS" starttime="20240226 09:19:12.104" endtime="20240226 09:19:12.157"></status>
</kw>
<kw name="${result} = &lt;selenium.webdriver.remote.webelement.WebElement (session=&quot;99558e4ddb597a7685652912f40f2dad&quot;, element=&quot;28F5FB34301BA84157AC3F745A0DE8F8_element_427&quot;)&gt;" type="foritem">
<kw name="Split Search Keyword by space and validate match" library="Search">
<arguments>
<arg>${SearchKeyword}</arg>
<arg>${result}</arg>
</arguments>
<kw name="Split String" library="String">
<doc>Splits the ``string`` using ``separator`` as a delimiter string.</doc>
<arguments>
<arg>${SearchKeyword}</arg>
</arguments>
<assign>
<var>${searchText_parts}</var>
</assign>
<msg timestamp="20240226 09:19:12.157" level="INFO">${searchText_parts} = ['Iphone']</msg>
<status status="PASS" starttime="20240226 09:19:12.157" endtime="20240226 09:19:12.158"></status>
</kw>
<kw name="${text} IN [ @{searchText_parts} ]" type="for">
<kw name="${text} = Iphone" type="foritem">
<kw name="Run Keyword And Return Status" library="BuiltIn">
<doc>Runs the given keyword with given arguments and returns the status as a Boolean value.</doc>
<arguments>
<arg>Should Contain</arg>
<arg>${result.text}</arg>
<arg>${text}</arg>
<arg>ignore_case=True</arg>
</arguments>
<assign>
<var>${status}</var>
</assign>
<kw name="Should Contain" library="BuiltIn">
<doc>Fails if ``container`` does not contain ``item`` one or more times.</doc>
<arguments>
<arg>${result.text}</arg>
<arg>${text}</arg>
<arg>ignore_case=True</arg>
</arguments>
<status status="PASS" starttime="20240226 09:19:12.158" endtime="20240226 09:19:12.194"></status>
</kw>
<msg timestamp="20240226 09:19:12.194" level="INFO">${status} = True</msg>
<status status="PASS" starttime="20240226 09:19:12.158" endtime="20240226 09:19:12.194"></status>
</kw>
<kw name="Run Keyword If" library="BuiltIn">
<doc>Runs the given keyword with the given arguments, if ``condition`` is true.</doc>
<arguments>
<arg>${status}==True</arg>
<arg>Exit For Loop</arg>
</arguments>
<kw name="Exit For Loop" library="BuiltIn">
<doc>Stops executing the enclosing for loop.</doc>
<msg timestamp="20240226 09:19:12.194" level="INFO">Exiting for loop altogether.</msg>
<status status="PASS" starttime="20240226 09:19:12.194" endtime="20240226 09:19:12.194"></status>
</kw>
<status status="PASS" starttime="20240226 09:19:12.194" endtime="20240226 09:19:12.195"></status>
</kw>
<status status="PASS" starttime="20240226 09:19:12.158" endtime="20240226 09:19:12.195"></status>
</kw>
<status status="PASS" starttime="20240226 09:19:12.158" endtime="20240226 09:19:12.195"></status>
</kw>
<status status="PASS" starttime="20240226 09:19:12.157" endtime="20240226 09:19:12.195"></status>
</kw>
<kw name="Run Keyword And Return Status" library="BuiltIn">
<doc>Runs the given keyword with given arguments and returns the status as a Boolean value.</doc>
<arguments>
<arg>Get Element Attribute</arg>
<arg>${searchResultsComponent}</arg>
<arg>img</arg>
</arguments>
<assign>
<var>${status}</var>
</assign>
<kw name="Get Element Attribute" library="SeleniumLibrary">
<doc>Returns the value of ``attribute`` from the element ``locator``.</doc>
<arguments>
<arg>${searchResultsComponent}</arg>
<arg>img</arg>
</arguments>
<status status="PASS" starttime="20240226 09:19:12.195" endtime="20240226 09:19:12.215"></status>
</kw>
<msg timestamp="20240226 09:19:12.215" level="INFO">${status} = True</msg>
<status status="PASS" starttime="20240226 09:19:12.195" endtime="20240226 09:19:12.215"></status>
</kw>
<kw name="Should Be Equal As Strings" library="BuiltIn">
<doc>Fails if objects are unequal after converting them to strings.</doc>
<arguments>
<arg>${status}</arg>
<arg>True</arg>
</arguments>
<msg timestamp="20240226 09:19:12.215" level="INFO">Argument types are:
&lt;class 'bool'&gt;
&lt;type 'unicode'&gt;</msg>
<status status="PASS" starttime="20240226 09:19:12.215" endtime="20240226 09:19:12.216"></status>
</kw>
<status status="PASS" starttime="20240226 09:19:12.157" endtime="20240226 09:19:12.216"></status>
</kw>
<kw name="${result} = &lt;selenium.webdriver.remote.webelement.WebElement (session=&quot;99558e4ddb597a7685652912f40f2dad&quot;, element=&quot;28F5FB34301BA84157AC3F745A0DE8F8_element_428&quot;)&gt;" type="foritem">
<kw name="Split Search Keyword by space and validate match" library="Search">
<arguments>
<arg>${SearchKeyword}</arg>
<arg>${result}</arg>
</arguments>
<kw name="Split String" library="String">
<doc>Splits the ``string`` using ``separator`` as a delimiter string.</doc>
<arguments>
<arg>${SearchKeyword}</arg>
</arguments>
<assign>
<var>${searchText_parts}</var>
</assign>
<msg timestamp="20240226 09:19:12.216" level="INFO">${searchText_parts} = ['Iphone']</msg>
<status status="PASS" starttime="20240226 09:19:12.216" endtime="20240226 09:19:12.216"></status>
</kw>
<kw name="${text} IN [ @{searchText_parts} ]" type="for">
<kw name="${text} = Iphone" type="foritem">
<kw name="Run Keyword And Return Status" library="BuiltIn">
<doc>Runs the given keyword with given arguments and returns the status as a Boolean value.</doc>
<arguments>
<arg>Should Contain</arg>
<arg>${result.text}</arg>
<arg>${text}</arg>
<arg>ignore_case=True</arg>
</arguments>
<assign>
<var>${status}</var>
</assign>
<kw name="Should Contain" library="BuiltIn">
<doc>Fails if ``container`` does not contain ``item`` one or more times.</doc>
<arguments>
<arg>${result.text}</arg>
<arg>${text}</arg>
<arg>ignore_case=True</arg>
</arguments>
<status status="PASS" starttime="20240226 09:19:12.217" endtime="20240226 09:19:12.241"></status>
</kw>
<msg timestamp="20240226 09:19:12.242" level="INFO">${status} = True</msg>
<status status="PASS" starttime="20240226 09:19:12.217" endtime="20240226 09:19:12.242"></status>
</kw>
<kw name="Run Keyword If" library="BuiltIn">
<doc>Runs the given keyword with the given arguments, if ``condition`` is true.</doc>
<arguments>
<arg>${status}==True</arg>
<arg>Exit For Loop</arg>
</arguments>
<kw name="Exit For Loop" library="BuiltIn">
<doc>Stops executing the enclosing for loop.</doc>
<msg timestamp="20240226 09:19:12.242" level="INFO">Exiting for loop altogether.</msg>
<status status="PASS" starttime="20240226 09:19:12.242" endtime="20240226 09:19:12.242"></status>
</kw>
<status status="PASS" starttime="20240226 09:19:12.242" endtime="20240226 09:19:12.242"></status>
</kw>
<status status="PASS" starttime="20240226 09:19:12.217" endtime="20240226 09:19:12.242"></status>
</kw>
<status status="PASS" starttime="20240226 09:19:12.217" endtime="20240226 09:19:12.242"></status>
</kw>
<status status="PASS" starttime="20240226 09:19:12.216" endtime="20240226 09:19:12.244"></status>
</kw>
<kw name="Run Keyword And Return Status" library="BuiltIn">
<doc>Runs the given keyword with given arguments and returns the status as a Boolean value.</doc>
<arguments>
<arg>Get Element Attribute</arg>
<arg>${searchResultsComponent}</arg>
<arg>img</arg>
</arguments>
<assign>
<var>${status}</var>
</assign>
<kw name="Get Element Attribute" library="SeleniumLibrary">
<doc>Returns the value of ``attribute`` from the element ``locator``.</doc>
<arguments>
<arg>${searchResultsComponent}</arg>
<arg>img</arg>
</arguments>
<status status="PASS" starttime="20240226 09:19:12.244" endtime="20240226 09:19:12.264"></status>
</kw>
<msg timestamp="20240226 09:19:12.264" level="INFO">${status} = True</msg>
<status status="PASS" starttime="20240226 09:19:12.244" endtime="20240226 09:19:12.265"></status>
</kw>
<kw name="Should Be Equal As Strings" library="BuiltIn">
<doc>Fails if objects are unequal after converting them to strings.</doc>
<arguments>
<arg>${status}</arg>
<arg>True</arg>
</arguments>
<msg timestamp="20240226 09:19:12.265" level="INFO">Argument types are:
&lt;class 'bool'&gt;
&lt;type 'unicode'&gt;</msg>
<status status="PASS" starttime="20240226 09:19:12.265" endtime="20240226 09:19:12.265"></status>
</kw>
<status status="PASS" starttime="20240226 09:19:12.216" endtime="20240226 09:19:12.265"></status>
</kw>
<kw name="${result} = &lt;selenium.webdriver.remote.webelement.WebElement (session=&quot;99558e4ddb597a7685652912f40f2dad&quot;, element=&quot;28F5FB34301BA84157AC3F745A0DE8F8_element_429&quot;)&gt;" type="foritem">
<kw name="Split Search Keyword by space and validate match" library="Search">
<arguments>
<arg>${SearchKeyword}</arg>
<arg>${result}</arg>
</arguments>
<kw name="Split String" library="String">
<doc>Splits the ``string`` using ``separator`` as a delimiter string.</doc>
<arguments>
<arg>${SearchKeyword}</arg>
</arguments>
<assign>
<var>${searchText_parts}</var>
</assign>
<msg timestamp="20240226 09:19:12.266" level="INFO">${searchText_parts} = ['Iphone']</msg>
<status status="PASS" starttime="20240226 09:19:12.266" endtime="20240226 09:19:12.266"></status>
</kw>
<kw name="${text} IN [ @{searchText_parts} ]" type="for">
<kw name="${text} = Iphone" type="foritem">
<kw name="Run Keyword And Return Status" library="BuiltIn">
<doc>Runs the given keyword with given arguments and returns the status as a Boolean value.</doc>
<arguments>
<arg>Should Contain</arg>
<arg>${result.text}</arg>
<arg>${text}</arg>
<arg>ignore_case=True</arg>
</arguments>
<assign>
<var>${status}</var>
</assign>
<kw name="Should Contain" library="BuiltIn">
<doc>Fails if ``container`` does not contain ``item`` one or more times.</doc>
<arguments>
<arg>${result.text}</arg>
<arg>${text}</arg>
<arg>ignore_case=True</arg>
</arguments>
<status status="PASS" starttime="20240226 09:19:12.267" endtime="20240226 09:19:12.372"></status>
</kw>
<msg timestamp="20240226 09:19:12.373" level="INFO">${status} = True</msg>
<status status="PASS" starttime="20240226 09:19:12.267" endtime="20240226 09:19:12.373"></status>
</kw>
<kw name="Run Keyword If" library="BuiltIn">
<doc>Runs the given keyword with the given arguments, if ``condition`` is true.</doc>
<arguments>
<arg>${status}==True</arg>
<arg>Exit For Loop</arg>
</arguments>
<kw name="Exit For Loop" library="BuiltIn">
<doc>Stops executing the enclosing for loop.</doc>
<msg timestamp="20240226 09:19:12.374" level="INFO">Exiting for loop altogether.</msg>
<status status="PASS" starttime="20240226 09:19:12.373" endtime="20240226 09:19:12.374"></status>
</kw>
<status status="PASS" starttime="20240226 09:19:12.373" endtime="20240226 09:19:12.374"></status>
</kw>
<status status="PASS" starttime="20240226 09:19:12.267" endtime="20240226 09:19:12.375"></status>
</kw>
<status status="PASS" starttime="20240226 09:19:12.266" endtime="20240226 09:19:12.375"></status>
</kw>
<status status="PASS" starttime="20240226 09:19:12.266" endtime="20240226 09:19:12.375"></status>
</kw>
<kw name="Run Keyword And Return Status" library="BuiltIn">
<doc>Runs the given keyword with given arguments and returns the status as a Boolean value.</doc>
<arguments>
<arg>Get Element Attribute</arg>
<arg>${searchResultsComponent}</arg>
<arg>img</arg>
</arguments>
<assign>
<var>${status}</var>
</assign>
<kw name="Get Element Attribute" library="SeleniumLibrary">
<doc>Returns the value of ``attribute`` from the element ``locator``.</doc>
<arguments>
<arg>${searchResultsComponent}</arg>
<arg>img</arg>
</arguments>
<status status="PASS" starttime="20240226 09:19:12.376" endtime="20240226 09:19:12.425"></status>
</kw>
[...]
<status status="PASS" starttime="20240226 09:19:38.128" endtime="20240226 09:19:38.136"></status>
</kw>
<kw name="Should Not Be Empty" library="BuiltIn">
<doc>Verifies that the given item is not empty.</doc>
<arguments>
<arg>${search_results}</arg>
</arguments>
<msg timestamp="20240226 09:19:38.137" level="INFO">Length is 2</msg>
<status status="PASS" starttime="20240226 09:19:38.137" endtime="20240226 09:19:38.137"></status>
</kw>
<kw name="${result} IN [ @{search_results} ]" type="for">
<kw name="${result} = &lt;selenium.webdriver.remote.webelement.WebElement (session=&quot;99558e4ddb597a7685652912f40f2dad&quot;, element=&quot;FA5D3FEDDD894DC9422B6AB0D5138558_element_894&quot;)&gt;" type="foritem">
<kw name="Split Search Keyword by space and validate match" library="Search">
<arguments>
<arg>${SearchKeyword}</arg>
<arg>${result}</arg>
</arguments>
<kw name="Split String" library="String">
<doc>Splits the ``string`` using ``separator`` as a delimiter string.</doc>
<arguments>
<arg>${SearchKeyword}</arg>
</arguments>
<assign>
<var>${searchText_parts}</var>
</assign>
<msg timestamp="20240226 09:19:38.138" level="INFO">${searchText_parts} = ['pneumonoultramicroscopicsilicovolcanoconiosis']</msg>
<status status="PASS" starttime="20240226 09:19:38.138" endtime="20240226 09:19:38.139"></status>
</kw>
<kw name="${text} IN [ @{searchText_parts} ]" type="for">
<kw name="${text} = pneumonoultramicroscopicsilicovolcanoconiosis" type="foritem">
<kw name="Run Keyword And Return Status" library="BuiltIn">
<doc>Runs the given keyword with given arguments and returns the status as a Boolean value.</doc>
<arguments>
<arg>Should Contain</arg>
<arg>${result.text}</arg>
<arg>${text}</arg>
<arg>ignore_case=True</arg>
</arguments>
<assign>
<var>${status}</var>
</assign>
<kw name="Should Contain" library="BuiltIn">
<doc>Fails if ``container`` does not contain ``item`` one or more times.</doc>
<arguments>
<arg>${result.text}</arg>
<arg>${text}</arg>
<arg>ignore_case=True</arg>
</arguments>
<status status="PASS" starttime="20240226 09:19:38.139" endtime="20240226 09:19:38.176"></status>
</kw>
<msg timestamp="20240226 09:19:38.176" level="INFO">${status} = True</msg>
<status status="PASS" starttime="20240226 09:19:38.139" endtime="20240226 09:19:38.176"></status>
</kw>
<kw name="Run Keyword If" library="BuiltIn">
<doc>Runs the given keyword with the given arguments, if ``condition`` is true.</doc>
<arguments>
<arg>${status}==True</arg>
<arg>Exit For Loop</arg>
</arguments>
<kw name="Exit For Loop" library="BuiltIn">
<doc>Stops executing the enclosing for loop.</doc>
<msg timestamp="20240226 09:19:38.177" level="INFO">Exiting for loop altogether.</msg>
<status status="PASS" starttime="20240226 09:19:38.177" endtime="20240226 09:19:38.177"></status>
</kw>
<status status="PASS" starttime="20240226 09:19:38.177" endtime="20240226 09:19:38.178"></status>
</kw>
<status status="PASS" starttime="20240226 09:19:38.139" endtime="20240226 09:19:38.178"></status>
</kw>
<status status="PASS" starttime="20240226 09:19:38.139" endtime="20240226 09:19:38.178"></status>
</kw>
<status status="PASS" starttime="20240226 09:19:38.138" endtime="20240226 09:19:38.178"></status>
</kw>
<kw name="Run Keyword And Return Status" library="BuiltIn">
<doc>Runs the given keyword with given arguments and returns the status as a Boolean value.</doc>
<arguments>
<arg>Get Element Attribute</arg>
<arg>${searchResultsComponent}</arg>
<arg>img</arg>
</arguments>
<assign>
<var>${status}</var>
</assign>
<kw name="Get Element Attribute" library="SeleniumLibrary">
<doc>Returns the value of ``attribute`` from the element ``locator``.</doc>
<arguments>
<arg>${searchResultsComponent}</arg>
<arg>img</arg>
</arguments>
<status status="PASS" starttime="20240226 09:19:38.179" endtime="20240226 09:19:38.195"></status>
</kw>
<msg timestamp="20240226 09:19:38.195" level="INFO">${status} = True</msg>
<status status="PASS" starttime="20240226 09:19:38.178" endtime="20240226 09:19:38.195"></status>
</kw>
<kw name="Should Be Equal As Strings" library="BuiltIn">
<doc>Fails if objects are unequal after converting them to strings.</doc>
<arguments>
<arg>${status}</arg>
<arg>True</arg>
</arguments>
<msg timestamp="20240226 09:19:38.196" level="INFO">Argument types are:
&lt;class 'bool'&gt;
&lt;type 'unicode'&gt;</msg>
<status status="PASS" starttime="20240226 09:19:38.196" endtime="20240226 09:19:38.196"></status>
</kw>
<status status="PASS" starttime="20240226 09:19:38.138" endtime="20240226 09:19:38.196"></status>
</kw>
<kw name="${result} = &lt;selenium.webdriver.remote.webelement.WebElement (session=&quot;99558e4ddb597a7685652912f40f2dad&quot;, element=&quot;FA5D3FEDDD894DC9422B6AB0D5138558_element_895&quot;)&gt;" type="foritem">
<kw name="Split Search Keyword by space and validate match" library="Search">
<arguments>
<arg>${SearchKeyword}</arg>
<arg>${result}</arg>
</arguments>
<kw name="Split String" library="String">
<doc>Splits the ``string`` using ``separator`` as a delimiter string.</doc>
<arguments>
<arg>${SearchKeyword}</arg>
</arguments>
<assign>
<var>${searchText_parts}</var>
</assign>
<msg timestamp="20240226 09:19:38.197" level="INFO">${searchText_parts} = ['pneumonoultramicroscopicsilicovolcanoconiosis']</msg>
<status status="PASS" starttime="20240226 09:19:38.197" endtime="20240226 09:19:38.197"></status>
</kw>
<kw name="${text} IN [ @{searchText_parts} ]" type="for">
<kw name="${text} = pneumonoultramicroscopicsilicovolcanoconiosis" type="foritem">
<kw name="Run Keyword And Return Status" library="BuiltIn">
<doc>Runs the given keyword with given arguments and returns the status as a Boolean value.</doc>
<arguments>
<arg>Should Contain</arg>
<arg>${result.text}</arg>
<arg>${text}</arg>
<arg>ignore_case=True</arg>
</arguments>
<assign>
<var>${status}</var>
</assign>
<kw name="Should Contain" library="BuiltIn">
<doc>Fails if ``container`` does not contain ``item`` one or more times.</doc>
<arguments>
<arg>${result.text}</arg>
<arg>${text}</arg>
<arg>ignore_case=True</arg>
</arguments>
<msg timestamp="20240226 09:19:38.235" level="FAIL">'Geopedia: A Brief Compendium of Geologic Curiosities (Pedia Books Book 6)
by Marcia Bjornerud and Haley Hagerman | 3 May 2022
57
Kindle Edition
₹651
95 (44% off)
Available instantly
Hardcover
₹475 M.R.P:
₹699 (32% off)
FREE delivery Mon, 4 Mar on ₹499 of items fulfilled by Amazon' does not contain 'pneumonoultramicroscopicsilicovolcanoconiosis'</msg>
<status status="FAIL" starttime="20240226 09:19:38.198" endtime="20240226 09:19:38.236"></status>
</kw>
<msg timestamp="20240226 09:19:38.236" level="INFO">${status} = False</msg>
<status status="PASS" starttime="20240226 09:19:38.198" endtime="20240226 09:19:38.236"></status>
</kw>
<kw name="Run Keyword If" library="BuiltIn">
<doc>Runs the given keyword with the given arguments, if ``condition`` is true.</doc>
<arguments>
<arg>${status}==True</arg>
<arg>Exit For Loop</arg>
</arguments>
<status status="PASS" starttime="20240226 09:19:38.236" endtime="20240226 09:19:38.236"></status>
</kw>
<kw name="Run Keyword If" library="BuiltIn">
<doc>Runs the given keyword with the given arguments, if ``condition`` is true.</doc>
<arguments>
<arg>${status}==True</arg>
<arg>Element Should Contain</arg>
<arg>${searchResultsDescription}</arg>
<arg>${text}</arg>
<arg>ignore_case=True</arg>
</arguments>
<status status="PASS" starttime="20240226 09:19:38.237" endtime="20240226 09:19:38.237"></status>
</kw>
<kw name="Run Keyword If" library="BuiltIn">
<doc>Runs the given keyword with the given arguments, if ``condition`` is true.</doc>
<arguments>
<arg>${status}==False</arg>
<arg>Continue For Loop</arg>
</arguments>
<kw name="Continue For Loop" library="BuiltIn">
<doc>Skips the current for loop iteration and continues from the next.</doc>
<msg timestamp="20240226 09:19:38.237" level="INFO">Continuing for loop from the next iteration.</msg>
<status status="PASS" starttime="20240226 09:19:38.237" endtime="20240226 09:19:38.238"></status>
</kw>
<status status="PASS" starttime="20240226 09:19:38.237" endtime="20240226 09:19:38.238"></status>
</kw>
<status status="PASS" starttime="20240226 09:19:38.198" endtime="20240226 09:19:38.238"></status>
</kw>
<status status="PASS" starttime="20240226 09:19:38.198" endtime="20240226 09:19:38.238"></status>
</kw>
<status status="PASS" starttime="20240226 09:19:38.197" endtime="20240226 09:19:38.238"></status>
</kw>
<kw name="Run Keyword And Return Status" library="BuiltIn">
<doc>Runs the given keyword with given arguments and returns the status as a Boolean value.</doc>
<arguments>
<arg>Get Element Attribute</arg>
<arg>${searchResultsComponent}</arg>
<arg>img</arg>
</arguments>
<assign>
<var>${status}</var>
</assign>
<kw name="Get Element Attribute" library="SeleniumLibrary">
<doc>Returns the value of ``attribute`` from the element ``locator``.</doc>
<arguments>
<arg>${searchResultsComponent}</arg>
<arg>img</arg>
</arguments>
<status status="PASS" starttime="20240226 09:19:38.238" endtime="20240226 09:19:38.256"></status>
</kw>
<msg timestamp="20240226 09:19:38.256" level="INFO">${status} = True</msg>
<status status="PASS" starttime="20240226 09:19:38.238" endtime="20240226 09:19:38.256"></status>
</kw>
<kw name="Should Be Equal As Strings" library="BuiltIn">
<doc>Fails if objects are unequal after converting them to strings.</doc>
<arguments>
<arg>${status}</arg>
<arg>True</arg>
</arguments>
<msg timestamp="20240226 09:19:38.257" level="INFO">Argument types are:
&lt;class 'bool'&gt;
&lt;type 'unicode'&gt;</msg>
<status status="PASS" starttime="20240226 09:19:38.256" endtime="20240226 09:19:38.257"></status>
</kw>
<status status="PASS" starttime="20240226 09:19:38.196" endtime="20240226 09:19:38.257"></status>
</kw>
<status status="PASS" starttime="20240226 09:19:38.137" endtime="20240226 09:19:38.257"></status>
</kw>
<status status="PASS" starttime="20240226 09:19:33.859" endtime="20240226 09:19:38.257"></status>
</kw>
<kw name="Add to Cart" library="Cart">
<arguments>
<arg>1</arg>
</arguments>
<kw name="Set Global Variable" library="BuiltIn">
<doc>Makes a variable available globally in all tests and suites.</doc>
<arguments>
<arg>@{indexsOfItemToBeAddedInCart}</arg>
<arg>@{indexsOfItemToBeAddedInCart}</arg>
</arguments>
<msg timestamp="20240226 09:19:38.258" level="INFO">@{indexsOfItemToBeAddedInCart} = [ 1 ]</msg>
<status status="PASS" starttime="20240226 09:19:38.258" endtime="20240226 09:19:38.258"></status>
</kw>
<kw name="Delete all from side bar cart" library="Cart">
<kw name="Get WebElements" library="SeleniumLibrary">
<doc>Returns a list of WebElement objects matching the ``locator``.</doc>
<arguments>
<arg>${deleteIconsOnSideBar}</arg>
</arguments>
<assign>
<var>${totalItemsToBeDeleted}</var>
</assign>
<msg timestamp="20240226 09:19:38.267" level="INFO">${totalItemsToBeDeleted} = [&lt;selenium.webdriver.remote.webelement.WebElement (session="99558e4ddb597a7685652912f40f2dad", element="FA5D3FEDDD894DC9422B6AB0D5138558_element_908")&gt;, &lt;selenium.webdriver.remote.webelement.WebElemen...</msg>
<status status="PASS" starttime="20240226 09:19:38.259" endtime="20240226 09:19:38.267"></status>
</kw>
<kw name="${elements} IN [ @{totalItemsToBeDeleted} ]" type="for">
<kw name="${elements} = &lt;selenium.webdriver.remote.webelement.WebElement (session=&quot;99558e4ddb597a7685652912f40f2dad&quot;, element=&quot;FA5D3FEDDD894DC9422B6AB0D5138558_element_908&quot;)&gt;" type="foritem">
<kw name="Click Element" library="SeleniumLibrary">
<doc>Click the element identified by ``locator``.</doc>
<arguments>
<arg>${elements}</arg>
</arguments>
<msg timestamp="20240226 09:19:38.268" level="INFO">Clicking element '&lt;selenium.webdriver.remote.webelement.WebElement (session="99558e4ddb597a7685652912f40f2dad", element="FA5D3FEDDD894DC9422B6AB0D5138558_element_908")&gt;'.</msg>
<status status="PASS" starttime="20240226 09:19:38.268" endtime="20240226 09:19:38.326"></status>
</kw>
<kw name="Sleep" library="BuiltIn">
<doc>Pauses the test executed for the given time.</doc>
<arguments>
<arg>1</arg>
</arguments>
<msg timestamp="20240226 09:19:39.327" level="INFO">Slept 1 second</msg>
<status status="PASS" starttime="20240226 09:19:38.326" endtime="20240226 09:19:39.327"></status>
</kw>
<status status="PASS" starttime="20240226 09:19:38.268" endtime="20240226 09:19:39.327"></status>
</kw>
<kw name="${elements} = &lt;selenium.webdriver.remote.webelement.WebElement (session=&quot;99558e4ddb597a7685652912f40f2dad&quot;, element=&quot;FA5D3FEDDD894DC9422B6AB0D5138558_element_910&quot;)&gt;" type="foritem">
<kw name="Click Element" library="SeleniumLibrary">
<doc>Click the element identified by ``locator``.</doc>
<arguments>
<arg>${elements}</arg>
</arguments>
<msg timestamp="20240226 09:19:39.329" level="INFO">Clicking element '&lt;selenium.webdriver.remote.webelement.WebElement (session="99558e4ddb597a7685652912f40f2dad", element="FA5D3FEDDD894DC9422B6AB0D5138558_element_910")&gt;'.</msg>
<status status="PASS" starttime="20240226 09:19:39.327" endtime="20240226 09:19:39.375"></status>
</kw>
<kw name="Sleep" library="BuiltIn">
<doc>Pauses the test executed for the given time.</doc>
<arguments>
<arg>1</arg>
</arguments>
<msg timestamp="20240226 09:19:40.376" level="INFO">Slept 1 second</msg>
<status status="PASS" starttime="20240226 09:19:39.375" endtime="20240226 09:19:40.376"></status>
</kw>
<status status="PASS" starttime="20240226 09:19:39.327" endtime="20240226 09:19:40.376"></status>
</kw>
<kw name="${elements} = &lt;selenium.webdriver.remote.webelement.WebElement (session=&quot;99558e4ddb597a7685652912f40f2dad&quot;, element=&quot;FA5D3FEDDD894DC9422B6AB0D5138558_element_912&quot;)&gt;" type="foritem">
<kw name="Click Element" library="SeleniumLibrary">
<doc>Click the element identified by ``locator``.</doc>
<arguments>
<arg>${elements}</arg>
</arguments>
<msg timestamp="20240226 09:19:40.377" level="INFO">Clicking element '&lt;selenium.webdriver.remote.webelement.WebElement (session="99558e4ddb597a7685652912f40f2dad", element="FA5D3FEDDD894DC9422B6AB0D5138558_element_912")&gt;'.</msg>
<status status="PASS" starttime="20240226 09:19:40.376" endtime="20240226 09:19:40.420"></status>
</kw>
<kw name="Sleep" library="BuiltIn">
<doc>Pauses the test executed for the given time.</doc>
<arguments>
<arg>1</arg>
</arguments>
<msg timestamp="20240226 09:19:41.421" level="INFO">Slept 1 second</msg>
<status status="PASS" starttime="20240226 09:19:40.421" endtime="20240226 09:19:41.421"></status>
</kw>
<status status="PASS" starttime="20240226 09:19:40.376" endtime="20240226 09:19:41.421"></status>
</kw>
<status status="PASS" starttime="20240226 09:19:38.267" endtime="20240226 09:19:41.421"></status>
</kw>
<kw name="Capture Page Screenshot" library="SeleniumLibrary">
<doc>Takes a screenshot of the current page and embeds it into a log file.</doc>
<msg timestamp="20240226 09:19:41.600" level="INFO" html="yes">&lt;/td&gt;&lt;/tr&gt;&lt;tr&gt;&lt;td colspan="3"&gt;&lt;a href="Screenshots/Cart/TestCase03/selenium-screenshot-2.png"&gt;&lt;img src="Screenshots/Cart/TestCase03/selenium-screenshot-2.png" width="800px"&gt;&lt;/a&gt;</msg>
<status status="PASS" starttime="20240226 09:19:41.421" endtime="20240226 09:19:41.600"></status>
</kw>
<status status="PASS" starttime="20240226 09:19:38.259" endtime="20240226 09:19:41.600"></status>
</kw>
<kw name="Get Length" library="BuiltIn">
<doc>Returns and logs the length of the given item as an integer.</doc>
<arguments>
<arg>${indexsOfItemToBeAddedInCart}</arg>
</arguments>
<assign>
<var>${numberOfItems}</var>
</assign>
<msg timestamp="20240226 09:19:41.601" level="INFO">Length is 1</msg>
<msg timestamp="20240226 09:19:41.601" level="INFO">${numberOfItems} = 1</msg>
<status status="PASS" starttime="20240226 09:19:41.601" endtime="20240226 09:19:41.601"></status>
</kw>
<kw name="Execute Javascript" library="SeleniumLibrary">
<doc>Executes the given JavaScript code with possible arguments.</doc>
<arguments>
<arg>window.scrollTo(1,500)</arg>
</arguments>
<msg timestamp="20240226 09:19:41.613" level="INFO">Executing JavaScript:
window.scrollTo(1,500)
Without any arguments.</msg>
<status status="PASS" starttime="20240226 09:19:41.601" endtime="20240226 09:19:41.620"></status>
</kw>
<kw name="Wait Until Element Is Visible" library="SeleniumLibrary">
<doc>Waits until the element ``locator`` is visible.</doc>
<arguments>
<arg>${addToCartBtnOnSearchResults}</arg>
</arguments>
<msg timestamp="20240226 09:19:46.756" level="INFO" html="yes">&lt;/td&gt;&lt;/tr&gt;&lt;tr&gt;&lt;td colspan="3"&gt;&lt;a href="Screenshots/Cart/TestCase03/selenium-screenshot-3.png"&gt;&lt;img src="Screenshots/Cart/TestCase03/selenium-screenshot-3.png" width="800px"&gt;&lt;/a&gt;</msg>
<msg timestamp="20240226 09:19:46.761" level="FAIL">Element 'xpath=//button[contains(@id,'a-autoid')]' not visible after 5 seconds.</msg>
<status status="FAIL" starttime="20240226 09:19:41.621" endtime="20240226 09:19:46.761"></status>
</kw>
<status status="FAIL" starttime="20240226 09:19:38.257" endtime="20240226 09:19:46.761"></status>
</kw>
<doc>This test case is searching with random long word keyword
and then adding few items in cart from search results page itself</doc>
<status status="FAIL" starttime="20240226 09:19:33.857" endtime="20240226 09:19:46.762" critical="yes">Element 'xpath=//button[contains(@id,'a-autoid')]' not visible after 5 seconds.</status>
</test>
<kw name="End Test" library="CommonFunctionalities" type="teardown">
<kw name="Logout" library="Login">
<kw name="Mouse Over" library="SeleniumLibrary">
<doc>Simulates hovering the mouse over the element ``locator``.</doc>
<arguments>
<arg>${txt_hello_SignIn}</arg>
</arguments>
<msg timestamp="20240226 09:19:46.764" level="INFO">Simulating Mouse Over on element 'id=nav-link-accountList'.</msg>
<status status="PASS" starttime="20240226 09:19:46.763" endtime="20240226 09:19:47.060"></status>
</kw>
<kw name="Click Element" library="SeleniumLibrary">
<doc>Click the element identified by ``locator``.</doc>
<arguments>
<arg>${element_after_login}</arg>
</arguments>
<msg timestamp="20240226 09:19:47.061" level="INFO">Clicking element 'id=nav-item-signout'.</msg>
<status status="PASS" starttime="20240226 09:19:47.060" endtime="20240226 09:19:48.659"></status>
</kw>
<kw name="Sleep" library="BuiltIn">
<doc>Pauses the test executed for the given time.</doc>
<arguments>
<arg>1</arg>
</arguments>
<msg timestamp="20240226 09:19:49.661" level="INFO">Slept 1 second</msg>
<status status="PASS" starttime="20240226 09:19:48.659" endtime="20240226 09:19:49.661"></status>
</kw>
<status status="PASS" starttime="20240226 09:19:46.763" endtime="20240226 09:19:49.661"></status>
</kw>
<kw name="Close Browser" library="SeleniumLibrary">
<doc>Closes the current browser.</doc>
<status status="PASS" starttime="20240226 09:19:49.661" endtime="20240226 09:19:51.825"></status>
</kw>
<status status="PASS" starttime="20240226 09:19:46.762" endtime="20240226 09:19:51.827"></status>
</kw>
<status status="FAIL" starttime="20240226 09:18:49.548" endtime="20240226 09:19:51.827"></status>
</suite>
<status status="FAIL" starttime="20240226 09:18:49.546" endtime="20240226 09:19:51.829"></status>
</suite>
<status status="FAIL" starttime="20240226 09:18:49.533" endtime="20240226 09:19:51.832"></status>
</suite>
<statistics>
<total>
<stat pass="2" fail="1">Critical Tests</stat>
<stat pass="2" fail="1">All Tests</stat>
</total>
<tag>
</tag>
<suite>
<stat pass="2" fail="1" id="s1" name="Binder Amazon">Binder Amazon</stat>
<stat pass="2" fail="1" id="s1-s1" name="Test Cases">Binder Amazon.Test Cases</stat>
<stat pass="2" fail="1" id="s1-s1-s1" name="CartTestCases">Binder Amazon.Test Cases.CartTestCases</stat>
</suite>
</statistics>
<errors>
</errors>
</robot>
