<?xml version="1.0" encoding="UTF-8"?>
<robot generator="Robot 3.2.2 (Python 3.11.2 on win32)" generated="20240226 09:17:24.277" rpa="false">
<suite id="s1" name="Binder Amazon" source="C:\Eclipse_WS\Binder_Amazon">
<suite id="s1-s1" name="Test Cases" source="C:\Eclipse_WS\Binder_Amazon\Test Cases">
<suite id="s1-s1-s1" name="SearchTestCases" source="C:\Eclipse_WS\Binder_Amazon\Test Cases\SearchTestCases.robot">
<kw name="Begin Test" library="CommonFunctionalities" type="setup">
<arguments>
<arg>chrome</arg>
<arg>${validUsername}</arg>
<arg>${validPassword}</arg>
</arguments>
<kw name="Begin Test for login" library="CommonFunctionalities">
<arguments>
<arg>${browser}</arg>
</arguments>
<kw name="Set Screenshot Directory" library="SeleniumLibrary">
<doc>Sets the directory for captured screenshots.</doc>
<arguments>
<arg>../Screenshots</arg>
</arguments>
<status status="PASS" starttime="20240226 09:17:24.456" endtime="20240226 09:17:24.457"></status>
</kw>
<kw name="Open Browser" library="SeleniumLibrary">
<doc>Opens a new browser instance to the optional ``url``.</doc>
<arguments>
<arg>blank:browser</arg>
<arg>${browser}</arg>
</arguments>
<msg timestamp="20240226 09:17:24.457" level="INFO">Opening browser 'chrome' to base url 'blank:browser'.</msg>
<status status="PASS" starttime="20240226 09:17:24.457" endtime="20240226 09:17:25.707"></status>
</kw>
<kw name="Delete All Cookies" library="SeleniumLibrary">
<doc>Deletes all cookies.</doc>
<status status="PASS" starttime="20240226 09:17:25.709" endtime="20240226 09:17:25.717"></status>
</kw>
<kw name="Sleep" library="BuiltIn">
<doc>Pauses the test executed for the given time.</doc>
<arguments>
<arg>2</arg>
</arguments>
<msg timestamp="20240226 09:17:27.719" level="INFO">Slept 2 seconds</msg>
<status status="PASS" starttime="20240226 09:17:25.718" endtime="20240226 09:17:27.719"></status>
</kw>
<kw name="Maximize Browser Window" library="SeleniumLibrary">
<doc>Maximizes current browser window.</doc>
<status status="PASS" starttime="20240226 09:17:27.719" endtime="20240226 09:17:27.837"></status>
</kw>
<status status="PASS" starttime="20240226 09:17:24.456" endtime="20240226 09:17:27.837"></status>
</kw>
<kw name="Login with valid user and valid password" library="Login">
<arguments>
<arg>${username}</arg>
<arg>${password}</arg>
</arguments>
<kw name="Navigate to login page" library="Login">
<kw name="Set Variable" library="BuiltIn">
<doc>Returns the given values which can then be assigned to a variables.</doc>
<arguments>
<arg>5</arg>
</arguments>
<assign>
<var>${max_retries}</var>
</assign>
<msg timestamp="20240226 09:17:27.839" level="INFO">${max_retries} = 5</msg>
<status status="PASS" starttime="20240226 09:17:27.839" endtime="20240226 09:17:27.839"></status>
</kw>
<kw name="Delete All Cookies" library="SeleniumLibrary">
<doc>Deletes all cookies.</doc>
<status status="PASS" starttime="20240226 09:17:27.839" endtime="20240226 09:17:27.846"></status>
</kw>
<kw name="${i} IN RANGE [ 0 | ${max_retries} ]" type="for">
<kw name="${i} = 0" type="foritem">
<kw name="Go To" library="SeleniumLibrary">
<doc>Navigates the current browser window to the provided ``url``.</doc>
<arguments>
<arg>https://www.amazon.in</arg>
</arguments>
<msg timestamp="20240226 09:17:27.847" level="INFO">Opening url 'https://www.amazon.in'</msg>
<status status="PASS" starttime="20240226 09:17:27.846" endtime="20240226 09:17:29.103"></status>
</kw>
<kw name="Run Keyword And Return Status" library="BuiltIn">
<doc>Runs the given keyword with given arguments and returns the status as a Boolean value.</doc>
<arguments>
<arg>Wait Until Page Contains Element</arg>
<arg>${txt_hello_SignIn}</arg>
</arguments>
<assign>
<var>${status}</var>
</assign>
<kw name="Wait Until Page Contains Element" library="SeleniumLibrary">
<doc>Waits until the element ``locator`` appears on the current page.</doc>
<arguments>
<arg>${txt_hello_SignIn}</arg>
</arguments>
<status status="PASS" starttime="20240226 09:17:29.104" endtime="20240226 09:17:29.119"></status>
</kw>
<msg timestamp="20240226 09:17:29.119" level="INFO">${status} = True</msg>
<status status="PASS" starttime="20240226 09:17:29.104" endtime="20240226 09:17:29.119"></status>
</kw>
<kw name="Run Keyword If" library="BuiltIn">
<doc>Runs the given keyword with the given arguments, if ``condition`` is true.</doc>
<arguments>
<arg>${status}==True</arg>
<arg>Exit For Loop</arg>
</arguments>
<kw name="Exit For Loop" library="BuiltIn">
<doc>Stops executing the enclosing for loop.</doc>
<msg timestamp="20240226 09:17:29.120" level="INFO">Exiting for loop altogether.</msg>
<status status="PASS" starttime="20240226 09:17:29.120" endtime="20240226 09:17:29.120"></status>
</kw>
<status status="PASS" starttime="20240226 09:17:29.119" endtime="20240226 09:17:29.120"></status>
</kw>
<status status="PASS" starttime="20240226 09:17:27.846" endtime="20240226 09:17:29.120"></status>
</kw>
<status status="PASS" starttime="20240226 09:17:27.846" endtime="20240226 09:17:29.120"></status>
</kw>
<status status="PASS" starttime="20240226 09:17:27.838" endtime="20240226 09:17:29.121"></status>
</kw>
<kw name="Sleep" library="BuiltIn">
<doc>Pauses the test executed for the given time.</doc>
<arguments>
<arg>1</arg>
</arguments>
<msg timestamp="20240226 09:17:30.122" level="INFO">Slept 1 second</msg>
<status status="PASS" starttime="20240226 09:17:29.121" endtime="20240226 09:17:30.122"></status>
</kw>
<kw name="Enter Username" library="Login">
<arguments>
<arg>${username}</arg>
</arguments>
<kw name="Mouse Over" library="SeleniumLibrary">
<doc>Simulates hovering the mouse over the element ``locator``.</doc>
<arguments>
<arg>${txt_hello_SignIn}</arg>
</arguments>
<msg timestamp="20240226 09:17:30.124" level="INFO">Simulating Mouse Over on element 'id=nav-link-accountList'.</msg>
<status status="PASS" starttime="20240226 09:17:30.124" endtime="20240226 09:17:30.417"></status>
</kw>
<kw name="Click Element" library="SeleniumLibrary">
<doc>Click the element identified by ``locator``.</doc>
<arguments>
<arg>${btn_login}</arg>
</arguments>
<msg timestamp="20240226 09:17:30.417" level="INFO">Clicking element 'xpath=//*[@id="nav-flyout-ya-signin"]/a'.</msg>
<status status="PASS" starttime="20240226 09:17:30.417" endtime="20240226 09:17:30.971"></status>
</kw>
<kw name="Wait Until Page Contains Element" library="SeleniumLibrary">
<doc>Waits until the element ``locator`` appears on the current page.</doc>
<arguments>
<arg>${label_signin}</arg>
</arguments>
<status status="PASS" starttime="20240226 09:17:30.972" endtime="20240226 09:17:30.994"></status>
</kw>
<kw name="Click Element" library="SeleniumLibrary">
<doc>Click the element identified by ``locator``.</doc>
<arguments>
<arg>${input_username}</arg>
</arguments>
<msg timestamp="20240226 09:17:30.995" level="INFO">Clicking element 'id=ap_email'.</msg>
<status status="PASS" starttime="20240226 09:17:30.995" endtime="20240226 09:17:31.044"></status>
</kw>
<kw name="Input Text" library="SeleniumLibrary">
<doc>Types the given ``text`` into the text field identified by ``locator``.</doc>
<arguments>
<arg>${input_username}</arg>
<arg>${username}</arg>
</arguments>
<msg timestamp="20240226 09:17:31.045" level="INFO">Typing text 'gajendraverma@hotmail.com' into text field 'id=ap_email'.</msg>
<status status="PASS" starttime="20240226 09:17:31.044" endtime="20240226 09:17:31.172"></status>
</kw>
<kw name="Press Keys" library="SeleniumLibrary">
<doc>Simulates the user pressing key(s) to an element or on the active browser.</doc>
<arguments>
<arg>${btn_continue}</arg>
<arg>ENTER</arg>
</arguments>
<msg timestamp="20240226 09:17:31.173" level="INFO">Sending key(s) ('ENTER',) to id=continue element.</msg>
<msg timestamp="20240226 09:17:32.362" level="INFO">Pressing special key ENTER to element.</msg>
<msg timestamp="20240226 09:17:32.363" level="INFO">Releasing special key ENTER.</msg>
<status status="PASS" starttime="20240226 09:17:31.172" endtime="20240226 09:17:32.398"></status>
</kw>
<status status="PASS" starttime="20240226 09:17:30.123" endtime="20240226 09:17:32.399"></status>
</kw>
<kw name="Capture Page Screenshot" library="SeleniumLibrary">
<doc>Takes a screenshot of the current page and embeds it into a log file.</doc>
<msg timestamp="20240226 09:17:32.573" level="INFO" html="yes">&lt;/td&gt;&lt;/tr&gt;&lt;tr&gt;&lt;td colspan="3"&gt;&lt;a href="../Screenshots/selenium-screenshot-506.png"&gt;&lt;img src="../Screenshots/selenium-screenshot-506.png" width="800px"&gt;&lt;/a&gt;</msg>
<status status="PASS" starttime="20240226 09:17:32.399" endtime="20240226 09:17:32.573"></status>
</kw>
<kw name="Sleep" library="BuiltIn">
<doc>Pauses the test executed for the given time.</doc>
<arguments>
<arg>1</arg>
</arguments>
<msg timestamp="20240226 09:17:33.574" level="INFO">Slept 1 second</msg>
<status status="PASS" starttime="20240226 09:17:32.573" endtime="20240226 09:17:33.574"></status>
</kw>
<kw name="Enter Password" library="Login">
<arguments>
<arg>${password}</arg>
</arguments>
<kw name="Wait Until Page Contains Element" library="SeleniumLibrary">
<doc>Waits until the element ``locator`` appears on the current page.</doc>
<arguments>
<arg>${input_password}</arg>
</arguments>
<status status="PASS" starttime="20240226 09:17:33.575" endtime="20240226 09:17:33.592"></status>
</kw>
<kw name="Click Element" library="SeleniumLibrary">
<doc>Click the element identified by ``locator``.</doc>
<arguments>
<arg>${input_password}</arg>
</arguments>
<msg timestamp="20240226 09:17:33.592" level="INFO">Clicking element 'id=ap_password'.</msg>
<status status="PASS" starttime="20240226 09:17:33.592" endtime="20240226 09:17:33.625"></status>
</kw>
<kw name="Input Text" library="SeleniumLibrary">
<doc>Types the given ``text`` into the text field identified by ``locator``.</doc>
<arguments>
<arg>${input_password}</arg>
<arg>${password}</arg>
</arguments>
<msg timestamp="20240226 09:17:33.625" level="INFO">Typing text 'Abcd1234' into text field 'id=ap_password'.</msg>
<status status="PASS" starttime="20240226 09:17:33.625" endtime="20240226 09:17:33.682"></status>
</kw>
<kw name="Select Checkbox" library="SeleniumLibrary">
<doc>Selects the checkbox identified by ``locator``.</doc>
<arguments>
<arg>${chkSigned}</arg>
</arguments>
<msg timestamp="20240226 09:17:33.683" level="INFO">Selecting checkbox 'xpath=//*[@id="authportal-main-section"]/div[2]/div/div[2]/div/form/div/div[2]/div/div/label/div/label/input'.</msg>
<status status="PASS" starttime="20240226 09:17:33.682" endtime="20240226 09:17:33.759"></status>
</kw>
<kw name="Sleep" library="BuiltIn">
<doc>Pauses the test executed for the given time.</doc>
<arguments>
<arg>1</arg>
</arguments>
<msg timestamp="20240226 09:17:34.759" level="INFO">Slept 1 second</msg>
<status status="PASS" starttime="20240226 09:17:33.759" endtime="20240226 09:17:34.759"></status>
</kw>
<kw name="Click Element" library="SeleniumLibrary">
<doc>Click the element identified by ``locator``.</doc>
<arguments>
<arg>${submit_btn_signin}</arg>
</arguments>
<msg timestamp="20240226 09:17:34.759" level="INFO">Clicking element 'id=signInSubmit'.</msg>
<status status="PASS" starttime="20240226 09:17:34.759" endtime="20240226 09:17:34.860"></status>
</kw>
<status status="PASS" starttime="20240226 09:17:33.575" endtime="20240226 09:17:34.860"></status>
</kw>
<kw name="Capture Page Screenshot" library="SeleniumLibrary">
<doc>Takes a screenshot of the current page and embeds it into a log file.</doc>
<msg timestamp="20240226 09:17:37.032" level="INFO" html="yes">&lt;/td&gt;&lt;/tr&gt;&lt;tr&gt;&lt;td colspan="3"&gt;&lt;a href="../Screenshots/selenium-screenshot-507.png"&gt;&lt;img src="../Screenshots/selenium-screenshot-507.png" width="800px"&gt;&lt;/a&gt;</msg>
<status status="PASS" starttime="20240226 09:17:34.861" endtime="20240226 09:17:37.032"></status>
</kw>
<kw name="Sleep" library="BuiltIn">
<doc>Pauses the test executed for the given time.</doc>
<arguments>
<arg>1</arg>
</arguments>
<msg timestamp="20240226 09:17:38.034" level="INFO">Slept 1 second</msg>
<status status="PASS" starttime="20240226 09:17:37.032" endtime="20240226 09:17:38.034"></status>
</kw>
<kw name="Set Variable" library="BuiltIn">
<doc>Returns the given values which can then be assigned to a variables.</doc>
<arguments>
<arg>5</arg>
</arguments>
<assign>
<var>${max_retries}</var>
</assign>
<msg timestamp="20240226 09:17:38.034" level="INFO">${max_retries} = 5</msg>
<status status="PASS" starttime="20240226 09:17:38.034" endtime="20240226 09:17:38.034"></status>
</kw>
<kw name="${i} IN RANGE [ 0 | ${max_retries} ]" type="for">
<kw name="${i} = 0" type="foritem">
<kw name="Run Keyword And Return Status" library="BuiltIn">
<doc>Runs the given keyword with given arguments and returns the status as a Boolean value.</doc>
<arguments>
<arg>Page Should Contain Element</arg>
<arg>${txt_hello_SignIn}</arg>
</arguments>
<assign>
<var>${status}</var>
</assign>
<kw name="Page Should Contain Element" library="SeleniumLibrary">
<doc>Verifies that element ``locator`` is found on the current page.</doc>
<arguments>
<arg>${txt_hello_SignIn}</arg>
</arguments>
<msg timestamp="20240226 09:17:38.051" level="INFO">Current page contains element 'id=nav-link-accountList'.</msg>
<status status="PASS" starttime="20240226 09:17:38.035" endtime="20240226 09:17:38.052"></status>
</kw>
<msg timestamp="20240226 09:17:38.052" level="INFO">${status} = True</msg>
<status status="PASS" starttime="20240226 09:17:38.035" endtime="20240226 09:17:38.052"></status>
</kw>
<kw name="Run Keyword If" library="BuiltIn">
<doc>Runs the given keyword with the given arguments, if ``condition`` is true.</doc>
<arguments>
<arg>${status}==True</arg>
<arg>Exit For Loop</arg>
</arguments>
<kw name="Exit For Loop" library="BuiltIn">
<doc>Stops executing the enclosing for loop.</doc>
<msg timestamp="20240226 09:17:38.053" level="INFO">Exiting for loop altogether.</msg>
<status status="PASS" starttime="20240226 09:17:38.052" endtime="20240226 09:17:38.053"></status>
</kw>
<status status="PASS" starttime="20240226 09:17:38.052" endtime="20240226 09:17:38.053"></status>
</kw>
<status status="PASS" starttime="20240226 09:17:38.035" endtime="20240226 09:17:38.053"></status>
</kw>
<status status="PASS" starttime="20240226 09:17:38.035" endtime="20240226 09:17:38.053"></status>
</kw>
<kw name="Mouse Over" library="SeleniumLibrary">
<doc>Simulates hovering the mouse over the element ``locator``.</doc>
<arguments>
<arg>${txt_hello_SignIn}</arg>
</arguments>
<msg timestamp="20240226 09:17:38.053" level="INFO">Simulating Mouse Over on element 'id=nav-link-accountList'.</msg>
<status status="PASS" starttime="20240226 09:17:38.053" endtime="20240226 09:17:38.712"></status>
</kw>
<kw name="Page Should Contain Element" library="SeleniumLibrary">
<doc>Verifies that element ``locator`` is found on the current page.</doc>
<arguments>
<arg>${element_after_login}</arg>
</arguments>
<msg timestamp="20240226 09:17:38.757" level="INFO">Current page contains element 'id=nav-item-signout'.</msg>
<status status="PASS" starttime="20240226 09:17:38.715" endtime="20240226 09:17:38.758"></status>
</kw>
<kw name="Capture Page Screenshot" library="SeleniumLibrary">
<doc>Takes a screenshot of the current page and embeds it into a log file.</doc>
<msg timestamp="20240226 09:17:39.171" level="INFO" html="yes">&lt;/td&gt;&lt;/tr&gt;&lt;tr&gt;&lt;td colspan="3"&gt;&lt;a href="../Screenshots/selenium-screenshot-508.png"&gt;&lt;img src="../Screenshots/selenium-screenshot-508.png" width="800px"&gt;&lt;/a&gt;</msg>
<status status="PASS" starttime="20240226 09:17:38.758" endtime="20240226 09:17:39.171"></status>
</kw>
<status status="PASS" starttime="20240226 09:17:27.838" endtime="20240226 09:17:39.171"></status>
</kw>
<kw name="Sleep" library="BuiltIn">
<doc>Pauses the test executed for the given time.</doc>
<arguments>
<arg>1</arg>
</arguments>
<msg timestamp="20240226 09:17:40.172" level="INFO">Slept 1 second</msg>
<status status="PASS" starttime="20240226 09:17:39.172" endtime="20240226 09:17:40.172"></status>
</kw>
<status status="PASS" starttime="20240226 09:17:24.456" endtime="20240226 09:17:40.172"></status>
</kw>
<test id="s1-s1-s1-t1" name="Search_Functional_TestCase01">
<kw name="Set Screenshot Directory" library="SeleniumLibrary">
<doc>Sets the directory for captured screenshots.</doc>
<arguments>
<arg>Screenshots/Search/TestCase01</arg>
</arguments>
<status status="PASS" starttime="20240226 09:17:40.173" endtime="20240226 09:17:40.173"></status>
</kw>
<kw name="Search functionality when search item is matching and available" library="Search">
<arguments>
<arg>${singleWordSearch}</arg>
</arguments>
<kw name="Perform Search and display search results" library="Search">
<arguments>
<arg>${SearchKeyword}</arg>
</arguments>
<kw name="Click Element" library="SeleniumLibrary">
<doc>Click the element identified by ``locator``.</doc>
<arguments>
<arg>${searchBox}</arg>
</arguments>
<msg timestamp="20240226 09:17:40.174" level="INFO">Clicking element 'id=twotabsearchtextbox'.</msg>
<status status="PASS" starttime="20240226 09:17:40.174" endtime="20240226 09:17:40.253"></status>
</kw>
<kw name="Clear Element Text" library="SeleniumLibrary">
<doc>Clears the value of the text-input-element identified by ``locator``.</doc>
<arguments>
<arg>${searchBox}</arg>
</arguments>
<status status="PASS" starttime="20240226 09:17:40.253" endtime="20240226 09:17:40.322"></status>
</kw>
<kw name="Sleep" library="BuiltIn">
<doc>Pauses the test executed for the given time.</doc>
<arguments>
<arg>1</arg>
</arguments>
<msg timestamp="20240226 09:17:41.324" level="INFO">Slept 1 second</msg>
<status status="PASS" starttime="20240226 09:17:40.323" endtime="20240226 09:17:41.324"></status>
</kw>
<kw name="Input Text" library="SeleniumLibrary">
<doc>Types the given ``text`` into the text field identified by ``locator``.</doc>
<arguments>
<arg>${searchBox}</arg>
<arg>${SearchKeyword}</arg>
</arguments>
<msg timestamp="20240226 09:17:41.326" level="INFO">Typing text 'Iphone' into text field 'id=twotabsearchtextbox'.</msg>
<status status="PASS" starttime="20240226 09:17:41.325" endtime="20240226 09:17:41.423"></status>
</kw>
<kw name="Sleep" library="BuiltIn">
<doc>Pauses the test executed for the given time.</doc>
<arguments>
<arg>1</arg>
</arguments>
<msg timestamp="20240226 09:17:42.425" level="INFO">Slept 1 second</msg>
<status status="PASS" starttime="20240226 09:17:41.424" endtime="20240226 09:17:42.425"></status>
</kw>
<kw name="Click Element" library="SeleniumLibrary">
<doc>Click the element identified by ``locator``.</doc>
<arguments>
<arg>${searchButton}</arg>
</arguments>
<msg timestamp="20240226 09:17:42.426" level="INFO">Clicking element 'id=nav-search-submit-button'.</msg>
<status status="PASS" starttime="20240226 09:17:42.426" endtime="20240226 09:17:44.143"></status>
</kw>
<status status="PASS" starttime="20240226 09:17:40.174" endtime="20240226 09:17:44.144"></status>
</kw>
<kw name="Capture Page Screenshot" library="SeleniumLibrary">
<doc>Takes a screenshot of the current page and embeds it into a log file.</doc>
<msg timestamp="20240226 09:17:44.369" level="INFO" html="yes">&lt;/td&gt;&lt;/tr&gt;&lt;tr&gt;&lt;td colspan="3"&gt;&lt;a href="Screenshots/Search/TestCase01/selenium-screenshot-1.png"&gt;&lt;img src="Screenshots/Search/TestCase01/selenium-screenshot-1.png" width="800px"&gt;&lt;/a&gt;</msg>
<status status="PASS" starttime="20240226 09:17:44.144" endtime="20240226 09:17:44.369"></status>
</kw>
<kw name="Wait Until Page Contains Element" library="SeleniumLibrary">
<doc>Waits until the element ``locator`` appears on the current page.</doc>
<arguments>
<arg>${searchRefinementBar}</arg>
</arguments>
<status status="PASS" starttime="20240226 09:17:44.370" endtime="20240226 09:17:44.387"></status>
</kw>
<kw name="Wait Until Page Contains Element" library="SeleniumLibrary">
<doc>Waits until the element ``locator`` appears on the current page.</doc>
<arguments>
<arg>${searchResultsText}</arg>
</arguments>
<status status="PASS" starttime="20240226 09:17:44.388" endtime="20240226 09:17:44.400"></status>
</kw>
<kw name="Scroll Element Into View" library="SeleniumLibrary">
<doc>Scrolls the element identified by ``locator`` into view.</doc>
<arguments>
<arg>${searchResultsComponent}</arg>
</arguments>
<status status="PASS" starttime="20240226 09:17:44.401" endtime="20240226 09:17:44.716"></status>
</kw>
<kw name="Get WebElements" library="SeleniumLibrary">
<doc>Returns a list of WebElement objects matching the ``locator``.</doc>
<arguments>
<arg>${searchResultsComponent}</arg>
</arguments>
<assign>
<var>${search_results}</var>
</assign>
<msg timestamp="20240226 09:17:44.742" level="INFO">${search_results} = [&lt;selenium.webdriver.remote.webelement.WebElement (session="a1331f96b794434cd80c3f213eda44ca", element="52C0E600024204D96ACCAD9D43C40FBA_element_417")&gt;, &lt;selenium.webdriver.remote.webelement.WebElemen...</msg>
<status status="PASS" starttime="20240226 09:17:44.716" endtime="20240226 09:17:44.742"></status>
</kw>
<kw name="Should Not Be Empty" library="BuiltIn">
<doc>Verifies that the given item is not empty.</doc>
<arguments>
<arg>${search_results}</arg>
</arguments>
<msg timestamp="20240226 09:17:44.742" level="INFO">Length is 18</msg>
<status status="PASS" starttime="20240226 09:17:44.742" endtime="20240226 09:17:44.742"></status>
</kw>
<kw name="${result} IN [ @{search_results} ]" type="for">
<kw name="${result} = &lt;selenium.webdriver.remote.webelement.WebElement (session=&quot;a1331f96b794434cd80c3f213eda44ca&quot;, element=&quot;52C0E600024204D96ACCAD9D43C40FBA_element_417&quot;)&gt;" type="foritem">
<kw name="Split Search Keyword by space and validate match" library="Search">
<arguments>
<arg>${SearchKeyword}</arg>
<arg>${result}</arg>
</arguments>
<kw name="Split String" library="String">
<doc>Splits the ``string`` using ``separator`` as a delimiter string.</doc>
<arguments>
<arg>${SearchKeyword}</arg>
</arguments>
<assign>
<var>${searchText_parts}</var>
</assign>
<msg timestamp="20240226 09:17:44.743" level="INFO">${searchText_parts} = ['Iphone']</msg>
<status status="PASS" starttime="20240226 09:17:44.743" endtime="20240226 09:17:44.743"></status>
</kw>
<kw name="${text} IN [ @{searchText_parts} ]" type="for">
<kw name="${text} = Iphone" type="foritem">
<kw name="Run Keyword And Return Status" library="BuiltIn">
<doc>Runs the given keyword with given arguments and returns the status as a Boolean value.</doc>
<arguments>
<arg>Should Contain</arg>
<arg>${result.text}</arg>
<arg>${text}</arg>
<arg>ignore_case=True</arg>
</arguments>
<assign>
<var>${status}</var>
</assign>
<kw name="Should Contain" library="BuiltIn">
<doc>Fails if ``container`` does not contain ``item`` one or more times.</doc>
<arguments>
<arg>${result.text}</arg>
<arg>${text}</arg>
<arg>ignore_case=True</arg>
</arguments>
<status status="PASS" starttime="20240226 09:17:44.744" endtime="20240226 09:17:44.785"></status>
</kw>
<msg timestamp="20240226 09:17:44.785" level="INFO">${status} = True</msg>
<status status="PASS" starttime="20240226 09:17:44.744" endtime="20240226 09:17:44.785"></status>
</kw>
<kw name="Run Keyword If" library="BuiltIn">
<doc>Runs the given keyword with the given arguments, if ``condition`` is true.</doc>
<arguments>
<arg>${status}==True</arg>
<arg>Exit For Loop</arg>
</arguments>
<kw name="Exit For Loop" library="BuiltIn">
<doc>Stops executing the enclosing for loop.</doc>
<msg timestamp="20240226 09:17:44.787" level="INFO">Exiting for loop altogether.</msg>
<status status="PASS" starttime="20240226 09:17:44.787" endtime="20240226 09:17:44.787"></status>
</kw>
<status status="PASS" starttime="20240226 09:17:44.785" endtime="20240226 09:17:44.787"></status>
</kw>
<status status="PASS" starttime="20240226 09:17:44.743" endtime="20240226 09:17:44.787"></status>
</kw>
<status status="PASS" starttime="20240226 09:17:44.743" endtime="20240226 09:17:44.787"></status>
</kw>
<status status="PASS" starttime="20240226 09:17:44.743" endtime="20240226 09:17:44.787"></status>
</kw>
<kw name="Run Keyword And Return Status" library="BuiltIn">
<doc>Runs the given keyword with given arguments and returns the status as a Boolean value.</doc>
<arguments>
<arg>Get Element Attribute</arg>
<arg>${searchResultsComponent}</arg>
<arg>img</arg>
</arguments>
<assign>
<var>${status}</var>
</assign>
<kw name="Get Element Attribute" library="SeleniumLibrary">
<doc>Returns the value of ``attribute`` from the element ``locator``.</doc>
<arguments>
<arg>${searchResultsComponent}</arg>
<arg>img</arg>
</arguments>
<status status="PASS" starttime="20240226 09:17:44.788" endtime="20240226 09:17:44.818"></status>
</kw>
<msg timestamp="20240226 09:17:44.818" level="INFO">${status} = True</msg>
<status status="PASS" starttime="20240226 09:17:44.788" endtime="20240226 09:17:44.818"></status>
</kw>
<kw name="Should Be Equal As Strings" library="BuiltIn">
<doc>Fails if objects are unequal after converting them to strings.</doc>
<arguments>
<arg>${status}</arg>
<arg>True</arg>
</arguments>
<msg timestamp="20240226 09:17:44.820" level="INFO">Argument types are:
&lt;class 'bool'&gt;
&lt;type 'unicode'&gt;</msg>
<status status="PASS" starttime="20240226 09:17:44.820" endtime="20240226 09:17:44.820"></status>
</kw>
<status status="PASS" starttime="20240226 09:17:44.742" endtime="20240226 09:17:44.820"></status>
</kw>
<kw name="${result} = &lt;selenium.webdriver.remote.webelement.WebElement (session=&quot;a1331f96b794434cd80c3f213eda44ca&quot;, element=&quot;52C0E600024204D96ACCAD9D43C40FBA_element_418&quot;)&gt;" type="foritem">
<kw name="Split Search Keyword by space and validate match" library="Search">
<arguments>
<arg>${SearchKeyword}</arg>
<arg>${result}</arg>
</arguments>
<kw name="Split String" library="String">
<doc>Splits the ``string`` using ``separator`` as a delimiter string.</doc>
<arguments>
<arg>${SearchKeyword}</arg>
</arguments>
<assign>
<var>${searchText_parts}</var>
</assign>
<msg timestamp="20240226 09:17:44.822" level="INFO">${searchText_parts} = ['Iphone']</msg>
<status status="PASS" starttime="20240226 09:17:44.822" endtime="20240226 09:17:44.822"></status>
</kw>
<kw name="${text} IN [ @{searchText_parts} ]" type="for">
<kw name="${text} = Iphone" type="foritem">
<kw name="Run Keyword And Return Status" library="BuiltIn">
<doc>Runs the given keyword with given arguments and returns the status as a Boolean value.</doc>
<arguments>
<arg>Should Contain</arg>
<arg>${result.text}</arg>
<arg>${text}</arg>
<arg>ignore_case=True</arg>
</arguments>
<assign>
<var>${status}</var>
</assign>
<kw name="Should Contain" library="BuiltIn">
<doc>Fails if ``container`` does not contain ``item`` one or more times.</doc>
<arguments>
<arg>${result.text}</arg>
<arg>${text}</arg>
<arg>ignore_case=True</arg>
</arguments>
<status status="PASS" starttime="20240226 09:17:44.823" endtime="20240226 09:17:44.859"></status>
</kw>
<msg timestamp="20240226 09:17:44.859" level="INFO">${status} = True</msg>
<status status="PASS" starttime="20240226 09:17:44.823" endtime="20240226 09:17:44.859"></status>
</kw>
<kw name="Run Keyword If" library="BuiltIn">
<doc>Runs the given keyword with the given arguments, if ``condition`` is true.</doc>
<arguments>
<arg>${status}==True</arg>
<arg>Exit For Loop</arg>
</arguments>
<kw name="Exit For Loop" library="BuiltIn">
<doc>Stops executing the enclosing for loop.</doc>
<msg timestamp="20240226 09:17:44.860" level="INFO">Exiting for loop altogether.</msg>
<status status="PASS" starttime="20240226 09:17:44.859" endtime="20240226 09:17:44.860"></status>
</kw>
<status status="PASS" starttime="20240226 09:17:44.859" endtime="20240226 09:17:44.860"></status>
</kw>
<status status="PASS" starttime="20240226 09:17:44.823" endtime="20240226 09:17:44.860"></status>
</kw>
<status status="PASS" starttime="20240226 09:17:44.822" endtime="20240226 09:17:44.860"></status>
</kw>
<status status="PASS" starttime="20240226 09:17:44.821" endtime="20240226 09:17:44.860"></status>
</kw>
<kw name="Run Keyword And Return Status" library="BuiltIn">
<doc>Runs the given keyword with given arguments and returns the status as a Boolean value.</doc>
<arguments>
<arg>Get Element Attribute</arg>
<arg>${searchResultsComponent}</arg>
<arg>img</arg>
</arguments>
<assign>
<var>${status}</var>
</assign>
<kw name="Get Element Attribute" library="SeleniumLibrary">
<doc>Returns the value of ``attribute`` from the element ``locator``.</doc>
<arguments>
<arg>${searchResultsComponent}</arg>
<arg>img</arg>
</arguments>
<status status="PASS" starttime="20240226 09:17:44.861" endtime="20240226 09:17:44.881"></status>
</kw>
<msg timestamp="20240226 09:17:44.881" level="INFO">${status} = True</msg>
<status status="PASS" starttime="20240226 09:17:44.860" endtime="20240226 09:17:44.881"></status>
</kw>
<kw name="Should Be Equal As Strings" library="BuiltIn">
<doc>Fails if objects are unequal after converting them to strings.</doc>
<arguments>
<arg>${status}</arg>
<arg>True</arg>
</arguments>
<msg timestamp="20240226 09:17:44.882" level="INFO">Argument types are:
&lt;class 'bool'&gt;
&lt;type 'unicode'&gt;</msg>
<status status="PASS" starttime="20240226 09:17:44.881" endtime="20240226 09:17:44.882"></status>
</kw>
<status status="PASS" starttime="20240226 09:17:44.821" endtime="20240226 09:17:44.882"></status>
</kw>
<kw name="${result} = &lt;selenium.webdriver.remote.webelement.WebElement (session=&quot;a1331f96b794434cd80c3f213eda44ca&quot;, element=&quot;52C0E600024204D96ACCAD9D43C40FBA_element_419&quot;)&gt;" type="foritem">
<kw name="Split Search Keyword by space and validate match" library="Search">
<arguments>
<arg>${SearchKeyword}</arg>
<arg>${result}</arg>
</arguments>
<kw name="Split String" library="String">
<doc>Splits the ``string`` using ``separator`` as a delimiter string.</doc>
<arguments>
<arg>${SearchKeyword}</arg>
</arguments>
<assign>
<var>${searchText_parts}</var>
</assign>
<msg timestamp="20240226 09:17:44.883" level="INFO">${searchText_parts} = ['Iphone']</msg>
<status status="PASS" starttime="20240226 09:17:44.882" endtime="20240226 09:17:44.883"></status>
</kw>
<kw name="${text} IN [ @{searchText_parts} ]" type="for">
<kw name="${text} = Iphone" type="foritem">
<kw name="Run Keyword And Return Status" library="BuiltIn">
<doc>Runs the given keyword with given arguments and returns the status as a Boolean value.</doc>
<arguments>
<arg>Should Contain</arg>
<arg>${result.text}</arg>
<arg>${text}</arg>
<arg>ignore_case=True</arg>
</arguments>
<assign>
<var>${status}</var>
</assign>
<kw name="Should Contain" library="BuiltIn">
<doc>Fails if ``container`` does not contain ``item`` one or more times.</doc>
<arguments>
<arg>${result.text}</arg>
<arg>${text}</arg>
<arg>ignore_case=True</arg>
</arguments>
<status status="PASS" starttime="20240226 09:17:44.883" endtime="20240226 09:17:44.929"></status>
</kw>
<msg timestamp="20240226 09:17:44.930" level="INFO">${status} = True</msg>
<status status="PASS" starttime="20240226 09:17:44.883" endtime="20240226 09:17:44.930"></status>
</kw>
<kw name="Run Keyword If" library="BuiltIn">
<doc>Runs the given keyword with the given arguments, if ``condition`` is true.</doc>
<arguments>
<arg>${status}==True</arg>
<arg>Exit For Loop</arg>
</arguments>
<kw name="Exit For Loop" library="BuiltIn">
<doc>Stops executing the enclosing for loop.</doc>
<msg timestamp="20240226 09:17:44.930" level="INFO">Exiting for loop altogether.</msg>
<status status="PASS" starttime="20240226 09:17:44.930" endtime="20240226 09:17:44.930"></status>
</kw>
<status status="PASS" starttime="20240226 09:17:44.930" endtime="20240226 09:17:44.931"></status>
</kw>
<status status="PASS" starttime="20240226 09:17:44.883" endtime="20240226 09:17:44.931"></status>
</kw>
<status status="PASS" starttime="20240226 09:17:44.883" endtime="20240226 09:17:44.931"></status>
</kw>
<status status="PASS" starttime="20240226 09:17:44.882" endtime="20240226 09:17:44.931"></status>
</kw>
<kw name="Run Keyword And Return Status" library="BuiltIn">
<doc>Runs the given keyword with given arguments and returns the status as a Boolean value.</doc>
<arguments>
<arg>Get Element Attribute</arg>
<arg>${searchResultsComponent}</arg>
<arg>img</arg>
</arguments>
<assign>
<var>${status}</var>
</assign>
<kw name="Get Element Attribute" library="SeleniumLibrary">
<doc>Returns the value of ``attribute`` from the element ``locator``.</doc>
<arguments>
<arg>${searchResultsComponent}</arg>
<arg>img</arg>
</arguments>
<status status="PASS" starttime="20240226 09:17:44.931" endtime="20240226 09:17:44.953"></status>
</kw>
<msg timestamp="20240226 09:17:44.953" level="INFO">${status} = True</msg>
<status status="PASS" starttime="20240226 09:17:44.931" endtime="20240226 09:17:44.953"></status>
</kw>
<kw name="Should Be Equal As Strings" library="BuiltIn">
<doc>Fails if objects are unequal after converting them to strings.</doc>
<arguments>
<arg>${status}</arg>
<arg>True</arg>
</arguments>
<msg timestamp="20240226 09:17:44.954" level="INFO">Argument types are:
&lt;class 'bool'&gt;
&lt;type 'unicode'&gt;</msg>
<status status="PASS" starttime="20240226 09:17:44.954" endtime="20240226 09:17:44.954"></status>
</kw>
<status status="PASS" starttime="20240226 09:17:44.882" endtime="20240226 09:17:44.954"></status>
</kw>
<kw name="${result} = &lt;selenium.webdriver.remote.webelement.WebElement (session=&quot;a1331f96b794434cd80c3f213eda44ca&quot;, element=&quot;52C0E600024204D96ACCAD9D43C40FBA_element_420&quot;)&gt;" type="foritem">
<kw name="Split Search Keyword by space and validate match" library="Search">
<arguments>
<arg>${SearchKeyword}</arg>
<arg>${result}</arg>
</arguments>
<kw name="Split String" library="String">
<doc>Splits the ``string`` using ``separator`` as a delimiter string.</doc>
<arguments>
<arg>${SearchKeyword}</arg>
</arguments>
<assign>
<var>${searchText_parts}</var>
</assign>
<msg timestamp="20240226 09:17:44.956" level="INFO">${searchText_parts} = ['Iphone']</msg>
<status status="PASS" starttime="20240226 09:17:44.955" endtime="20240226 09:17:44.956"></status>
</kw>
<kw name="${text} IN [ @{searchText_parts} ]" type="for">
<kw name="${text} = Iphone" type="foritem">
<kw name="Run Keyword And Return Status" library="BuiltIn">
<doc>Runs the given keyword with given arguments and returns the status as a Boolean value.</doc>
<arguments>
<arg>Should Contain</arg>
<arg>${result.text}</arg>
<arg>${text}</arg>
<arg>ignore_case=True</arg>
</arguments>
<assign>
<var>${status}</var>
</assign>
<kw name="Should Contain" library="BuiltIn">
<doc>Fails if ``container`` does not contain ``item`` one or more times.</doc>
<arguments>
<arg>${result.text}</arg>
<arg>${text}</arg>
<arg>ignore_case=True</arg>
</arguments>
<status status="PASS" starttime="20240226 09:17:44.957" endtime="20240226 09:17:45.016"></status>
</kw>
<msg timestamp="20240226 09:17:45.016" level="INFO">${status} = True</msg>
<status status="PASS" starttime="20240226 09:17:44.957" endtime="20240226 09:17:45.016"></status>
</kw>
<kw name="Run Keyword If" library="BuiltIn">
<doc>Runs the given keyword with the given arguments, if ``condition`` is true.</doc>
<arguments>
<arg>${status}==True</arg>
<arg>Exit For Loop</arg>
</arguments>
<kw name="Exit For Loop" library="BuiltIn">
<doc>Stops executing the enclosing for loop.</doc>
<msg timestamp="20240226 09:17:45.017" level="INFO">Exiting for loop altogether.</msg>
<status status="PASS" starttime="20240226 09:17:45.017" endtime="20240226 09:17:45.017"></status>
</kw>
<status status="PASS" starttime="20240226 09:17:45.017" endtime="20240226 09:17:45.018"></status>
</kw>
<status status="PASS" starttime="20240226 09:17:44.957" endtime="20240226 09:17:45.018"></status>
</kw>
<status status="PASS" starttime="20240226 09:17:44.956" endtime="20240226 09:17:45.018"></status>
</kw>
<status status="PASS" starttime="20240226 09:17:44.955" endtime="20240226 09:17:45.018"></status>
</kw>
<kw name="Run Keyword And Return Status" library="BuiltIn">
<doc>Runs the given keyword with given arguments and returns the status as a Boolean value.</doc>
<arguments>
<arg>Get Element Attribute</arg>
<arg>${searchResultsComponent}</arg>
<arg>img</arg>
</arguments>
<assign>
<var>${status}</var>
</assign>
<kw name="Get Element Attribute" library="SeleniumLibrary">
<doc>Returns the value of ``attribute`` from the element ``locator``.</doc>
<arguments>
<arg>${searchResultsComponent}</arg>
<arg>img</arg>
</arguments>
<status status="PASS" starttime="20240226 09:17:45.019" endtime="20240226 09:17:45.040"></status>
</kw>
<msg timestamp="20240226 09:17:45.040" level="INFO">${status} = True</msg>
<status status="PASS" starttime="20240226 09:17:45.018" endtime="20240226 09:17:45.040"></status>
</kw>
<kw name="Should Be Equal As Strings" library="BuiltIn">
<doc>Fails if objects are unequal after converting them to strings.</doc>
<arguments>
<arg>${status}</arg>
<arg>True</arg>
</arguments>
<msg timestamp="20240226 09:17:45.041" level="INFO">Argument types are:
&lt;class 'bool'&gt;
&lt;type 'unicode'&gt;</msg>
<status status="PASS" starttime="20240226 09:17:45.040" endtime="20240226 09:17:45.041"></status>
</kw>
<status status="PASS" starttime="20240226 09:17:44.955" endtime="20240226 09:17:45.041"></status>
</kw>
<kw name="${result} = &lt;selenium.webdriver.remote.webelement.WebElement (session=&quot;a1331f96b794434cd80c3f213eda44ca&quot;, element=&quot;52C0E600024204D96ACCAD9D43C40FBA_element_421&quot;)&gt;" type="foritem">
<kw name="Split Search Keyword by space and validate match" library="Search">
<arguments>
<arg>${SearchKeyword}</arg>
<arg>${result}</arg>
</arguments>
<kw name="Split String" library="String">
<doc>Splits the ``string`` using ``separator`` as a delimiter string.</doc>
<arguments>
<arg>${SearchKeyword}</arg>
</arguments>
<assign>
<var>${searchText_parts}</var>
</assign>
<msg timestamp="20240226 09:17:45.042" level="INFO">${searchText_parts} = ['Iphone']</msg>
<status status="PASS" starttime="20240226 09:17:45.041" endtime="20240226 09:17:45.042"></status>
</kw>
<kw name="${text} IN [ @{searchText_parts} ]" type="for">
<kw name="${text} = Iphone" type="foritem">
<kw name="Run Keyword And Return Status" library="BuiltIn">
<doc>Runs the given keyword with given arguments and returns the status as a Boolean value.</doc>
<arguments>
<arg>Should Contain</arg>
<arg>${result.text}</arg>
<arg>${text}</arg>
<arg>ignore_case=True</arg>
</arguments>
<assign>
<var>${status}</var>
</assign>
<kw name="Should Contain" library="BuiltIn">
<doc>Fails if ``container`` does not contain ``item`` one or more times.</doc>
<arguments>
<arg>${result.text}</arg>
<arg>${text}</arg>
<arg>ignore_case=True</arg>
</arguments>
<status status="PASS" starttime="20240226 09:17:45.042" endtime="20240226 09:17:45.083"></status>
</kw>
<msg timestamp="20240226 09:17:45.083" level="INFO">${status} = True</msg>
<status status="PASS" starttime="20240226 09:17:45.042" endtime="20240226 09:17:45.083"></status>
</kw>
<kw name="Run Keyword If" library="BuiltIn">
<doc>Runs the given keyword with the given arguments, if ``condition`` is true.</doc>
<arguments>
<arg>${status}==True</arg>
<arg>Exit For Loop</arg>
</arguments>
<kw name="Exit For Loop" library="BuiltIn">
<doc>Stops executing the enclosing for loop.</doc>
<msg timestamp="20240226 09:17:45.084" level="INFO">Exiting for loop altogether.</msg>
<status status="PASS" starttime="20240226 09:17:45.084" endtime="20240226 09:17:45.084"></status>
</kw>
<status status="PASS" starttime="20240226 09:17:45.083" endtime="20240226 09:17:45.084"></status>
</kw>
<status status="PASS" starttime="20240226 09:17:45.042" endtime="20240226 09:17:45.084"></status>
</kw>
<status status="PASS" starttime="20240226 09:17:45.042" endtime="20240226 09:17:45.084"></status>
</kw>
<status status="PASS" starttime="20240226 09:17:45.041" endtime="20240226 09:17:45.084"></status>
</kw>
<kw name="Run Keyword And Return Status" library="BuiltIn">
<doc>Runs the given keyword with given arguments and returns the status as a Boolean value.</doc>
<arguments>
<arg>Get Element Attribute</arg>
<arg>${searchResultsComponent}</arg>
<arg>img</arg>
</arguments>
<assign>
<var>${status}</var>
</assign>
<kw name="Get Element Attribute" library="SeleniumLibrary">
<doc>Returns the value of ``attribute`` from the element ``locator``.</doc>
<arguments>
<arg>${searchResultsComponent}</arg>
<arg>img</arg>
</arguments>
<status status="PASS" starttime="20240226 09:17:45.085" endtime="20240226 09:17:45.101"></status>
</kw>
<msg timestamp="20240226 09:17:45.101" level="INFO">${status} = True</msg>
<status status="PASS" starttime="20240226 09:17:45.084" endtime="20240226 09:17:45.101"></status>
</kw>
<kw name="Should Be Equal As Strings" library="BuiltIn">
<doc>Fails if objects are unequal after converting them to strings.</doc>
<arguments>
<arg>${status}</arg>
<arg>True</arg>
</arguments>
<msg timestamp="20240226 09:17:45.101" level="INFO">Argument types are:
&lt;class 'bool'&gt;
&lt;type 'unicode'&gt;</msg>
<status status="PASS" starttime="20240226 09:17:45.101" endtime="20240226 09:17:45.101"></status>
</kw>
<status status="PASS" starttime="20240226 09:17:45.041" endtime="20240226 09:17:45.102"></status>
</kw>
<kw name="${result} = &lt;selenium.webdriver.remote.webelement.WebElement (session=&quot;a1331f96b794434cd80c3f213eda44ca&quot;, element=&quot;52C0E600024204D96ACCAD9D43C40FBA_element_422&quot;)&gt;" type="foritem">
<kw name="Split Search Keyword by space and validate match" library="Search">
<arguments>
<arg>${SearchKeyword}</arg>
<arg>${result}</arg>
</arguments>
<kw name="Split String" library="String">
<doc>Splits the ``string`` using ``separator`` as a delimiter string.</doc>
<arguments>
<arg>${SearchKeyword}</arg>
</arguments>
<assign>
<var>${searchText_parts}</var>
</assign>
<msg timestamp="20240226 09:17:45.102" level="INFO">${searchText_parts} = ['Iphone']</msg>
<status status="PASS" starttime="20240226 09:17:45.102" endtime="20240226 09:17:45.102"></status>
</kw>
<kw name="${text} IN [ @{searchText_parts} ]" type="for">
<kw name="${text} = Iphone" type="foritem">
<kw name="Run Keyword And Return Status" library="BuiltIn">
<doc>Runs the given keyword with given arguments and returns the status as a Boolean value.</doc>
<arguments>
<arg>Should Contain</arg>
<arg>${result.text}</arg>
<arg>${text}</arg>
<arg>ignore_case=True</arg>
</arguments>
<assign>
<var>${status}</var>
</assign>
<kw name="Should Contain" library="BuiltIn">
<doc>Fails if ``container`` does not contain ``item`` one or more times.</doc>
<arguments>
<arg>${result.text}</arg>
<arg>${text}</arg>
<arg>ignore_case=True</arg>
</arguments>
<status status="PASS" starttime="20240226 09:17:45.103" endtime="20240226 09:17:45.134"></status>
</kw>
<msg timestamp="20240226 09:17:45.135" level="INFO">${status} = True</msg>
<status status="PASS" starttime="20240226 09:17:45.103" endtime="20240226 09:17:45.135"></status>
</kw>
<kw name="Run Keyword If" library="BuiltIn">
<doc>Runs the given keyword with the given arguments, if ``condition`` is true.</doc>
<arguments>
<arg>${status}==True</arg>
<arg>Exit For Loop</arg>
</arguments>
<kw name="Exit For Loop" library="BuiltIn">
<doc>Stops executing the enclosing for loop.</doc>
<msg timestamp="20240226 09:17:45.135" level="INFO">Exiting for loop altogether.</msg>
<status status="PASS" starttime="20240226 09:17:45.135" endtime="20240226 09:17:45.135"></status>
</kw>
<status status="PASS" starttime="20240226 09:17:45.135" endtime="20240226 09:17:45.135"></status>
</kw>
<status status="PASS" starttime="20240226 09:17:45.102" endtime="20240226 09:17:45.135"></status>
</kw>
<status status="PASS" starttime="20240226 09:17:45.102" endtime="20240226 09:17:45.136"></status>
</kw>
<status status="PASS" starttime="20240226 09:17:45.102" endtime="20240226 09:17:45.136"></status>
</kw>
<kw name="Run Keyword And Return Status" library="BuiltIn">
<doc>Runs the given keyword with given arguments and returns the status as a Boolean value.</doc>
<arguments>
<arg>Get Element Attribute</arg>
<arg>${searchResultsComponent}</arg>
<arg>img</arg>
</arguments>
<assign>
<var>${status}</var>
</assign>
<kw name="Get Element Attribute" library="SeleniumLibrary">
<doc>Returns the value of ``attribute`` from the element ``locator``.</doc>
<arguments>
<arg>${searchResultsComponent}</arg>
<arg>img</arg>
</arguments>
<status status="PASS" starttime="20240226 09:17:45.136" endtime="20240226 09:17:45.152"></status>
</kw>
<msg timestamp="20240226 09:17:45.152" level="INFO">${status} = True</msg>
<status status="PASS" starttime="20240226 09:17:45.136" endtime="20240226 09:17:45.152"></status>
</kw>
<kw name="Should Be Equal As Strings" library="BuiltIn">
<doc>Fails if objects are unequal after converting them to strings.</doc>
<arguments>
<arg>${status}</arg>
<arg>True</arg>
</arguments>
<msg timestamp="20240226 09:17:45.153" level="INFO">Argument types are:
&lt;class 'bool'&gt;
&lt;type 'unicode'&gt;</msg>
<status status="PASS" starttime="20240226 09:17:45.152" endtime="20240226 09:17:45.153"></status>
</kw>
<status status="PASS" starttime="20240226 09:17:45.102" endtime="20240226 09:17:45.153"></status>
</kw>
<kw name="${result} = &lt;selenium.webdriver.remote.webelement.WebElement (session=&quot;a1331f96b794434cd80c3f213eda44ca&quot;, element=&quot;52C0E600024204D96ACCAD9D43C40FBA_element_423&quot;)&gt;" type="foritem">
<kw name="Split Search Keyword by space and validate match" library="Search">
<arguments>
<arg>${SearchKeyword}</arg>
<arg>${result}</arg>
</arguments>
<kw name="Split String" library="String">
<doc>Splits the ``string`` using ``separator`` as a delimiter string.</doc>
<arguments>
<arg>${SearchKeyword}</arg>
</arguments>
<assign>
<var>${searchText_parts}</var>
</assign>
<msg timestamp="20240226 09:17:45.153" level="INFO">${searchText_parts} = ['Iphone']</msg>
<status status="PASS" starttime="20240226 09:17:45.153" endtime="20240226 09:17:45.153"></status>
</kw>
<kw name="${text} IN [ @{searchText_parts} ]" type="for">
<kw name="${text} = Iphone" type="foritem">
<kw name="Run Keyword And Return Status" library="BuiltIn">
<doc>Runs the given keyword with given arguments and returns the status as a Boolean value.</doc>
<arguments>
<arg>Should Contain</arg>
<arg>${result.text}</arg>
<arg>${text}</arg>
<arg>ignore_case=True</arg>
</arguments>
<assign>
<var>${status}</var>
</assign>
<kw name="Should Contain" library="BuiltIn">
<doc>Fails if ``container`` does not contain ``item`` one or more times.</doc>
<arguments>
<arg>${result.text}</arg>
<arg>${text}</arg>
<arg>ignore_case=True</arg>
</arguments>
<status status="PASS" starttime="20240226 09:17:45.154" endtime="20240226 09:17:45.174"></status>
</kw>
<msg timestamp="20240226 09:17:45.174" level="INFO">${status} = True</msg>
<status status="PASS" starttime="20240226 09:17:45.154" endtime="20240226 09:17:45.175"></status>
</kw>
<kw name="Run Keyword If" library="BuiltIn">
<doc>Runs the given keyword with the given arguments, if ``condition`` is true.</doc>
<arguments>
<arg>${status}==True</arg>
<arg>Exit For Loop</arg>
</arguments>
<kw name="Exit For Loop" library="BuiltIn">
<doc>Stops executing the enclosing for loop.</doc>
<msg timestamp="20240226 09:17:45.175" level="INFO">Exiting for loop altogether.</msg>
<status status="PASS" starttime="20240226 09:17:45.175" endtime="20240226 09:17:45.175"></status>
</kw>
<status status="PASS" starttime="20240226 09:17:45.175" endtime="20240226 09:17:45.175"></status>
</kw>
<status status="PASS" starttime="20240226 09:17:45.154" endtime="20240226 09:17:45.175"></status>
</kw>
<status status="PASS" starttime="20240226 09:17:45.154" endtime="20240226 09:17:45.175"></status>
</kw>
<status status="PASS" starttime="20240226 09:17:45.153" endtime="20240226 09:17:45.175"></status>
</kw>
<kw name="Run Keyword And Return Status" library="BuiltIn">
<doc>Runs the given keyword with given arguments and returns the status as a Boolean value.</doc>
<arguments>
<arg>Get Element Attribute</arg>
<arg>${searchResultsComponent}</arg>
<arg>img</arg>
</arguments>
<assign>
<var>${status}</var>
</assign>
<kw name="Get Element Attribute" library="SeleniumLibrary">
<doc>Returns the value of ``attribute`` from the element ``locator``.</doc>
<arguments>
<arg>${searchResultsComponent}</arg>
<arg>img</arg>
</arguments>
<status status="PASS" starttime="20240226 09:17:45.176" endtime="20240226 09:17:45.191"></status>
</kw>
<msg timestamp="20240226 09:17:45.191" level="INFO">${status} = True</msg>
<status status="PASS" starttime="20240226 09:17:45.176" endtime="20240226 09:17:45.191"></status>
</kw>
<kw name="Should Be Equal As Strings" library="BuiltIn">
<doc>Fails if objects are unequal after converting them to strings.</doc>
<arguments>
<arg>${status}</arg>
<arg>True</arg>
</arguments>
<msg timestamp="20240226 09:17:45.191" level="INFO">Argument types are:
&lt;class 'bool'&gt;
&lt;type 'unicode'&gt;</msg>
<status status="PASS" starttime="20240226 09:17:45.191" endtime="20240226 09:17:45.192"></status>
</kw>
<status status="PASS" starttime="20240226 09:17:45.153" endtime="20240226 09:17:45.192"></status>
</kw>
<kw name="${result} = &lt;selenium.webdriver.remote.webelement.WebElement (session=&quot;a1331f96b794434cd80c3f213eda44ca&quot;, element=&quot;52C0E600024204D96ACCAD9D43C40FBA_element_424&quot;)&gt;" type="foritem">
<kw name="Split Search Keyword by space and validate match" library="Search">
<arguments>
<arg>${SearchKeyword}</arg>
<arg>${result}</arg>
</arguments>
<kw name="Split String" library="String">
<doc>Splits the ``string`` using ``separator`` as a delimiter string.</doc>
<arguments>
<arg>${SearchKeyword}</arg>
</arguments>
<assign>
<var>${searchText_parts}</var>
</assign>
<msg timestamp="20240226 09:17:45.192" level="INFO">${searchText_parts} = ['Iphone']</msg>
<status status="PASS" starttime="20240226 09:17:45.192" endtime="20240226 09:17:45.192"></status>
</kw>
<kw name="${text} IN [ @{searchText_parts} ]" type="for">
<kw name="${text} = Iphone" type="foritem">
<kw name="Run Keyword And Return Status" library="BuiltIn">
<doc>Runs the given keyword with given arguments and returns the status as a Boolean value.</doc>
<arguments>
<arg>Should Contain</arg>
<arg>${result.text}</arg>
<arg>${text}</arg>
<arg>ignore_case=True</arg>
</arguments>
<assign>
<var>${status}</var>
</assign>
<kw name="Should Contain" library="BuiltIn">
<doc>Fails if ``container`` does not contain ``item`` one or more times.</doc>
<arguments>
<arg>${result.text}</arg>
<arg>${text}</arg>
<arg>ignore_case=True</arg>
</arguments>
<status status="PASS" starttime="20240226 09:17:45.193" endtime="20240226 09:17:45.223"></status>
</kw>
<msg timestamp="20240226 09:17:45.224" level="INFO">${status} = True</msg>
<status status="PASS" starttime="20240226 09:17:45.193" endtime="20240226 09:17:45.224"></status>
</kw>
<kw name="Run Keyword If" library="BuiltIn">
<doc>Runs the given keyword with the given arguments, if ``condition`` is true.</doc>
<arguments>
<arg>${status}==True</arg>
<arg>Exit For Loop</arg>
</arguments>
<kw name="Exit For Loop" library="BuiltIn">
<doc>Stops executing the enclosing for loop.</doc>
<msg timestamp="20240226 09:17:45.224" level="INFO">Exiting for loop altogether.</msg>
<status status="PASS" starttime="20240226 09:17:45.224" endtime="20240226 09:17:45.224"></status>
</kw>
<status status="PASS" starttime="20240226 09:17:45.224" endtime="20240226 09:17:45.224"></status>
</kw>
<status status="PASS" starttime="20240226 09:17:45.193" endtime="20240226 09:17:45.224"></status>
</kw>
<status status="PASS" starttime="20240226 09:17:45.193" endtime="20240226 09:17:45.224"></status>
</kw>
<status status="PASS" starttime="20240226 09:17:45.192" endtime="20240226 09:17:45.225"></status>
</kw>
<kw name="Run Keyword And Return Status" library="BuiltIn">
<doc>Runs the given keyword with given arguments and returns the status as a Boolean value.</doc>
<arguments>
<arg>Get Element Attribute</arg>
<arg>${searchResultsComponent}</arg>
<arg>img</arg>
</arguments>
<assign>
<var>${status}</var>
</assign>
<kw name="Get Element Attribute" library="SeleniumLibrary">
<doc>Returns the value of ``attribute`` from the element ``locator``.</doc>
<arguments>
<arg>${searchResultsComponent}</arg>
<arg>img</arg>
</arguments>
<status status="PASS" starttime="20240226 09:17:45.225" endtime="20240226 09:17:45.247"></status>
</kw>
<msg timestamp="20240226 09:17:45.247" level="INFO">${status} = True</msg>
<status status="PASS" starttime="20240226 09:17:45.225" endtime="20240226 09:17:45.247"></status>
</kw>
<kw name="Should Be Equal As Strings" library="BuiltIn">
<doc>Fails if objects are unequal after converting them to strings.</doc>
<arguments>
<arg>${status}</arg>
<arg>True</arg>
</arguments>
<msg timestamp="20240226 09:17:45.247" level="INFO">Argument types are:
&lt;class 'bool'&gt;
&lt;type 'unicode'&gt;</msg>
<status status="PASS" starttime="20240226 09:17:45.247" endtime="20240226 09:17:45.247"></status>
</kw>
<status status="PASS" starttime="20240226 09:17:45.192" endtime="20240226 09:17:45.247"></status>
</kw>
<kw name="${result} = &lt;selenium.webdriver.remote.webelement.WebElement (session=&quot;a1331f96b794434cd80c3f213eda44ca&quot;, element=&quot;52C0E600024204D96ACCAD9D43C40FBA_element_425&quot;)&gt;" type="foritem">
<kw name="Split Search Keyword by space and validate match" library="Search">
<arguments>
<arg>${SearchKeyword}</arg>
<arg>${result}</arg>
</arguments>
<kw name="Split String" library="String">
<doc>Splits the ``string`` using ``separator`` as a delimiter string.</doc>
<arguments>
<arg>${SearchKeyword}</arg>
</arguments>
<assign>
<var>${searchText_parts}</var>
</assign>
<msg timestamp="20240226 09:17:45.248" level="INFO">${searchText_parts} = ['Iphone']</msg>
<status status="PASS" starttime="20240226 09:17:45.248" endtime="20240226 09:17:45.248"></status>
</kw>
<kw name="${text} IN [ @{searchText_parts} ]" type="for">
<kw name="${text} = Iphone" type="foritem">
<kw name="Run Keyword And Return Status" library="BuiltIn">
<doc>Runs the given keyword with given arguments and returns the status as a Boolean value.</doc>
<arguments>
<arg>Should Contain</arg>
<arg>${result.text}</arg>
<arg>${text}</arg>
<arg>ignore_case=True</arg>
</arguments>
<assign>
<var>${status}</var>
</assign>
<kw name="Should Contain" library="BuiltIn">
<doc>Fails if ``container`` does not contain ``item`` one or more times.</doc>
<arguments>
<arg>${result.text}</arg>
<arg>${text}</arg>
<arg>ignore_case=True</arg>
</arguments>
<status status="PASS" starttime="20240226 09:17:45.249" endtime="20240226 09:17:45.283"></status>
</kw>
<msg timestamp="20240226 09:17:45.283" level="INFO">${status} = True</msg>
<status status="PASS" starttime="20240226 09:17:45.248" endtime="20240226 09:17:45.283"></status>
</kw>
<kw name="Run Keyword If" library="BuiltIn">
<doc>Runs the given keyword with the given arguments, if ``condition`` is true.</doc>
<arguments>
<arg>${status}==True</arg>
<arg>Exit For Loop</arg>
</arguments>
<kw name="Exit For Loop" library="BuiltIn">
<doc>Stops executing the enclosing for loop.</doc>
<msg timestamp="20240226 09:17:45.284" level="INFO">Exiting for loop altogether.</msg>
<status status="PASS" starttime="20240226 09:17:45.284" endtime="20240226 09:17:45.284"></status>
</kw>
<status status="PASS" starttime="20240226 09:17:45.283" endtime="20240226 09:17:45.284"></status>
</kw>
<status status="PASS" starttime="20240226 09:17:45.248" endtime="20240226 09:17:45.284"></status>
</kw>
<status status="PASS" starttime="20240226 09:17:45.248" endtime="20240226 09:17:45.284"></status>
</kw>
<status status="PASS" starttime="20240226 09:17:45.248" endtime="20240226 09:17:45.284"></status>
</kw>
<kw name="Run Keyword And Return Status" library="BuiltIn">
<doc>Runs the given keyword with given arguments and returns the status as a Boolean value.</doc>
<arguments>
<arg>Get Element Attribute</arg>
<arg>${searchResultsComponent}</arg>
<arg>img</arg>
</arguments>
<assign>
<var>${status}</var>
</assign>
<kw name="Get Element Attribute" library="SeleniumLibrary">
<doc>Returns the value of ``attribute`` from the element ``locator``.</doc>
<arguments>
<arg>${searchResultsComponent}</arg>
<arg>img</arg>
</arguments>
<status status="PASS" starttime="20240226 09:17:45.285" endtime="20240226 09:17:45.300"></status>
</kw>
<msg timestamp="20240226 09:17:45.301" level="INFO">${status} = True</msg>
<status status="PASS" starttime="20240226 09:17:45.284" endtime="20240226 09:17:45.301"></status>
</kw>
<kw name="Should Be Equal As Strings" library="BuiltIn">
<doc>Fails if objects are unequal after converting them to strings.</doc>
<arguments>
<arg>${status}</arg>
<arg>True</arg>
</arguments>
<msg timestamp="20240226 09:17:45.301" level="INFO">Argument types are:
&lt;class 'bool'&gt;
&lt;type 'unicode'&gt;</msg>
<status status="PASS" starttime="20240226 09:17:45.301" endtime="20240226 09:17:45.301"></status>
</kw>
<status status="PASS" starttime="20240226 09:17:45.247" endtime="20240226 09:17:45.301"></status>
</kw>
<kw name="${result} = &lt;selenium.webdriver.remote.webelement.WebElement (session=&quot;a1331f96b794434cd80c3f213eda44ca&quot;, element=&quot;52C0E600024204D96ACCAD9D43C40FBA_element_426&quot;)&gt;" type="foritem">
<kw name="Split Search Keyword by space and validate match" library="Search">
<arguments>
<arg>${SearchKeyword}</arg>
<arg>${result}</arg>
</arguments>
<kw name="Split String" library="String">
<doc>Splits the ``string`` using ``separator`` as a delimiter string.</doc>
<arguments>
<arg>${SearchKeyword}</arg>
</arguments>
<assign>
<var>${searchText_parts}</var>
</assign>
<msg timestamp="20240226 09:17:45.302" level="INFO">${searchText_parts} = ['Iphone']</msg>
<status status="PASS" starttime="20240226 09:17:45.302" endtime="20240226 09:17:45.302"></status>
</kw>
<kw name="${text} IN [ @{searchText_parts} ]" type="for">
<kw name="${text} = Iphone" type="foritem">
<kw name="Run Keyword And Return Status" library="BuiltIn">
<doc>Runs the given keyword with given arguments and returns the status as a Boolean value.</doc>
<arguments>
<arg>Should Contain</arg>
<arg>${result.text}</arg>
<arg>${text}</arg>
<arg>ignore_case=True</arg>
</arguments>
<assign>
<var>${status}</var>
</assign>
<kw name="Should Contain" library="BuiltIn">
<doc>Fails if ``container`` does not contain ``item`` one or more times.</doc>
<arguments>
<arg>${result.text}</arg>
<arg>${text}</arg>
<arg>ignore_case=True</arg>
</arguments>
<status status="PASS" starttime="20240226 09:17:45.302" endtime="20240226 09:17:45.332"></status>
</kw>
<msg timestamp="20240226 09:17:45.332" level="INFO">${status} = True</msg>
<status status="PASS" starttime="20240226 09:17:45.302" endtime="20240226 09:17:45.332"></status>
</kw>
<kw name="Run Keyword If" library="BuiltIn">
<doc>Runs the given keyword with the given arguments, if ``condition`` is true.</doc>
<arguments>
<arg>${status}==True</arg>
<arg>Exit For Loop</arg>
</arguments>
<kw name="Exit For Loop" library="BuiltIn">
<doc>Stops executing the enclosing for loop.</doc>
<msg timestamp="20240226 09:17:45.333" level="INFO">Exiting for loop altogether.</msg>
<status status="PASS" starttime="20240226 09:17:45.332" endtime="20240226 09:17:45.333"></status>
</kw>
<status status="PASS" starttime="20240226 09:17:45.332" endtime="20240226 09:17:45.333"></status>
</kw>
<status status="PASS" starttime="20240226 09:17:45.302" endtime="20240226 09:17:45.333"></status>
</kw>
<status status="PASS" starttime="20240226 09:17:45.302" endtime="20240226 09:17:45.333"></status>
</kw>
<status status="PASS" starttime="20240226 09:17:45.301" endtime="20240226 09:17:45.333"></status>
</kw>
<kw name="Run Keyword And Return Status" library="BuiltIn">
<doc>Runs the given keyword with given arguments and returns the status as a Boolean value.</doc>
<arguments>
<arg>Get Element Attribute</arg>
<arg>${searchResultsComponent}</arg>
<arg>img</arg>
</arguments>
<assign>
<var>${status}</var>
</assign>
<kw name="Get Element Attribute" library="SeleniumLibrary">
<doc>Returns the value of ``attribute`` from the element ``locator``.</doc>
<arguments>
<arg>${searchResultsComponent}</arg>
<arg>img</arg>
</arguments>
<status status="PASS" starttime="20240226 09:17:45.333" endtime="20240226 09:17:45.350"></status>
</kw>
<msg timestamp="20240226 09:17:45.350" level="INFO">${status} = True</msg>
<status status="PASS" starttime="20240226 09:17:45.333" endtime="20240226 09:17:45.350"></status>
</kw>
<kw name="Should Be Equal As Strings" library="BuiltIn">
<doc>Fails if objects are unequal after converting them to strings.</doc>
<arguments>
<arg>${status}</arg>
<arg>True</arg>
</arguments>
<msg timestamp="20240226 09:17:45.350" level="INFO">Argument types are:
&lt;class 'bool'&gt;
&lt;type 'unicode'&gt;</msg>
<status status="PASS" starttime="20240226 09:17:45.350" endtime="20240226 09:17:45.350"></status>
</kw>
<status status="PASS" starttime="20240226 09:17:45.301" endtime="20240226 09:17:45.350"></status>
</kw>
<kw name="${result} = &lt;selenium.webdriver.remote.webelement.WebElement (session=&quot;a1331f96b794434cd80c3f213eda44ca&quot;, element=&quot;52C0E600024204D96ACCAD9D43C40FBA_element_427&quot;)&gt;" type="foritem">
<kw name="Split Search Keyword by space and validate match" library="Search">
<arguments>
<arg>${SearchKeyword}</arg>
<arg>${result}</arg>
</arguments>
<kw name="Split String" library="String">
<doc>Splits the ``string`` using ``separator`` as a delimiter string.</doc>
<arguments>
<arg>${SearchKeyword}</arg>
</arguments>
<assign>
<var>${searchText_parts}</var>
</assign>
<msg timestamp="20240226 09:17:45.351" level="INFO">${searchText_parts} = ['Iphone']</msg>
<status status="PASS" starttime="20240226 09:17:45.351" endtime="20240226 09:17:45.351"></status>
</kw>
<kw name="${text} IN [ @{searchText_parts} ]" type="for">
<kw name="${text} = Iphone" type="foritem">
<kw name="Run Keyword And Return Status" library="BuiltIn">
<doc>Runs the given keyword with given arguments and returns the status as a Boolean value.</doc>
<arguments>
<arg>Should Contain</arg>
<arg>${result.text}</arg>
<arg>${text}</arg>
<arg>ignore_case=True</arg>
</arguments>
<assign>
<var>${status}</var>
</assign>
<kw name="Should Contain" library="BuiltIn">
<doc>Fails if ``container`` does not contain ``item`` one or more times.</doc>
<arguments>
<arg>${result.text}</arg>
<arg>${text}</arg>
<arg>ignore_case=True</arg>
</arguments>
<status status="PASS" starttime="20240226 09:17:45.352" endtime="20240226 09:17:45.379"></status>
</kw>
<msg timestamp="20240226 09:17:45.381" level="INFO">${status} = True</msg>
<status status="PASS" starttime="20240226 09:17:45.351" endtime="20240226 09:17:45.381"></status>
</kw>
<kw name="Run Keyword If" library="BuiltIn">
<doc>Runs the given keyword with the given arguments, if ``condition`` is true.</doc>
<arguments>
<arg>${status}==True</arg>
<arg>Exit For Loop</arg>
</arguments>
<kw name="Exit For Loop" library="BuiltIn">
<doc>Stops executing the enclosing for loop.</doc>
<msg timestamp="20240226 09:17:45.381" level="INFO">Exiting for loop altogether.</msg>
<status status="PASS" starttime="20240226 09:17:45.381" endtime="20240226 09:17:45.382"></status>
</kw>
<status status="PASS" starttime="20240226 09:17:45.381" endtime="20240226 09:17:45.382"></status>
</kw>
<status status="PASS" starttime="20240226 09:17:45.351" endtime="20240226 09:17:45.382"></status>
</kw>
<status status="PASS" starttime="20240226 09:17:45.351" endtime="20240226 09:17:45.382"></status>
</kw>
<status status="PASS" starttime="20240226 09:17:45.351" endtime="20240226 09:17:45.382"></status>
</kw>
<kw name="Run Keyword And Return Status" library="BuiltIn">
<doc>Runs the given keyword with given arguments and returns the status as a Boolean value.</doc>
<arguments>
<arg>Get Element Attribute</arg>
<arg>${searchResultsComponent}</arg>
<arg>img</arg>
</arguments>
<assign>
<var>${status}</var>
</assign>
<kw name="Get Element Attribute" library="SeleniumLibrary">
<doc>Returns the value of ``attribute`` from the element ``locator``.</doc>
<arguments>
<arg>${searchResultsComponent}</arg>
<arg>img</arg>
</arguments>
<status status="PASS" starttime="20240226 09:17:45.382" endtime="20240226 09:17:45.399"></status>
</kw>
<msg timestamp="20240226 09:17:45.399" level="INFO">${status} = True</msg>
<status status="PASS" starttime="20240226 09:17:45.382" endtime="20240226 09:17:45.399"></status>
</kw>
<kw name="Should Be Equal As Strings" library="BuiltIn">
<doc>Fails if objects are unequal after converting them to strings.</doc>
<arguments>
<arg>${status}</arg>
<arg>True</arg>
</arguments>
<msg timestamp="20240226 09:17:45.400" level="INFO">Argument types are:
&lt;class 'bool'&gt;
&lt;type 'unicode'&gt;</msg>
<status status="PASS" starttime="20240226 09:17:45.399" endtime="20240226 09:17:45.400"></status>
</kw>
<status status="PASS" starttime="20240226 09:17:45.351" endtime="20240226 09:17:45.400"></status>
</kw>
<kw name="${result} = &lt;selenium.webdriver.remote.webelement.WebElement (session=&quot;a1331f96b794434cd80c3f213eda44ca&quot;, element=&quot;52C0E600024204D96ACCAD9D43C40FBA_element_428&quot;)&gt;" type="foritem">
<kw name="Split Search Keyword by space and validate match" library="Search">
<arguments>
<arg>${SearchKeyword}</arg>
<arg>${result}</arg>
</arguments>
<kw name="Split String" library="String">
<doc>Splits the ``string`` using ``separator`` as a delimiter string.</doc>
<arguments>
<arg>${SearchKeyword}</arg>
</arguments>
<assign>
<var>${searchText_parts}</var>
</assign>
<msg timestamp="20240226 09:17:45.400" level="INFO">${searchText_parts} = ['Iphone']</msg>
<status status="PASS" starttime="20240226 09:17:45.400" endtime="20240226 09:17:45.400"></status>
</kw>
<kw name="${text} IN [ @{searchText_parts} ]" type="for">
<kw name="${text} = Iphone" type="foritem">
<kw name="Run Keyword And Return Status" library="BuiltIn">
<doc>Runs the given keyword with given arguments and returns the status as a Boolean value.</doc>
<arguments>
<arg>Should Contain</arg>
<arg>${result.text}</arg>
<arg>${text}</arg>
<arg>ignore_case=True</arg>
</arguments>
<assign>
<var>${status}</var>
</assign>
<kw name="Should Contain" library="BuiltIn">
<doc>Fails if ``container`` does not contain ``item`` one or more times.</doc>
<arguments>
<arg>${result.text}</arg>
<arg>${text}</arg>
<arg>ignore_case=True</arg>
</arguments>
<status status="PASS" starttime="20240226 09:17:45.401" endtime="20240226 09:17:45.435"></status>
</kw>
<msg timestamp="20240226 09:17:45.435" level="INFO">${status} = True</msg>
<status status="PASS" starttime="20240226 09:17:45.401" endtime="20240226 09:17:45.435"></status>
</kw>
<kw name="Run Keyword If" library="BuiltIn">
<doc>Runs the given keyword with the given arguments, if ``condition`` is true.</doc>
<arguments>
<arg>${status}==True</arg>
<arg>Exit For Loop</arg>
</arguments>
<kw name="Exit For Loop" library="BuiltIn">
<doc>Stops executing the enclosing for loop.</doc>
<msg timestamp="20240226 09:17:45.436" level="INFO">Exiting for loop altogether.</msg>
<status status="PASS" starttime="20240226 09:17:45.436" endtime="20240226 09:17:45.436"></status>
</kw>
<status status="PASS" starttime="20240226 09:17:45.436" endtime="20240226 09:17:45.436"></status>
</kw>
<status status="PASS" starttime="20240226 09:17:45.401" endtime="20240226 09:17:45.436"></status>
</kw>
<status status="PASS" starttime="20240226 09:17:45.400" endtime="20240226 09:17:45.436"></status>
</kw>
<status status="PASS" starttime="20240226 09:17:45.400" endtime="20240226 09:17:45.436"></status>
</kw>
<kw name="Run Keyword And Return Status" library="BuiltIn">
<doc>Runs the given keyword with given arguments and returns the status as a Boolean value.</doc>
<arguments>
<arg>Get Element Attribute</arg>
<arg>${searchResultsComponent}</arg>
<arg>img</arg>
</arguments>
<assign>
<var>${status}</var>
</assign>
<kw name="Get Element Attribute" library="SeleniumLibrary">
<doc>Returns the value of ``attribute`` from the element ``locator``.</doc>
<arguments>
<arg>${searchResultsComponent}</arg>
<arg>img</arg>
</arguments>
<status status="PASS" starttime="20240226 09:17:45.437" endtime="20240226 09:17:45.454"></status>
</kw>
<msg timestamp="20240226 09:17:45.454" level="INFO">${status} = True</msg>
<status status="PASS" starttime="20240226 09:17:45.436" endtime="20240226 09:17:45.454"></status>
</kw>
<kw name="Should Be Equal As Strings" library="BuiltIn">
<doc>Fails if objects are unequal after converting them to strings.</doc>
<arguments>
<arg>${status}</arg>
<arg>True</arg>
</arguments>
<msg timestamp="20240226 09:17:45.455" level="INFO">Argument types are:
&lt;class 'bool'&gt;
&lt;type 'unicode'&gt;</msg>
<status status="PASS" starttime="20240226 09:17:45.454" endtime="20240226 09:17:45.455"></status>
</kw>
<status status="PASS" starttime="20240226 09:17:45.400" endtime="20240226 09:17:45.455"></status>
</kw>
<kw name="${result} = &lt;selenium.webdriver.remote.webelement.WebElement (session=&quot;a1331f96b794434cd80c3f213eda44ca&quot;, element=&quot;52C0E600024204D96ACCAD9D43C40FBA_element_429&quot;)&gt;" type="foritem">
<kw name="Split Search Keyword by space and validate match" library="Search">
<arguments>
<arg>${SearchKeyword}</arg>
<arg>${result}</arg>
</arguments>
<kw name="Split String" library="String">
<doc>Splits the ``string`` using ``separator`` as a delimiter string.</doc>
<arguments>
<arg>${SearchKeyword}</arg>
</arguments>
<assign>
<var>${searchText_parts}</var>
</assign>
<msg timestamp="20240226 09:17:45.455" level="INFO">${searchText_parts} = ['Iphone']</msg>
<status status="PASS" starttime="20240226 09:17:45.455" endtime="20240226 09:17:45.456"></status>
</kw>
<kw name="${text} IN [ @{searchText_parts} ]" type="for">
<kw name="${text} = Iphone" type="foritem">
<kw name="Run Keyword And Return Status" library="BuiltIn">
<doc>Runs the given keyword with given arguments and returns the status as a Boolean value.</doc>
<arguments>
<arg>Should Contain</arg>
<arg>${result.text}</arg>
<arg>${text}</arg>
<arg>ignore_case=True</arg>
</arguments>
<assign>
<var>${status}</var>
</assign>
<kw name="Should Contain" library="BuiltIn">
<doc>Fails if ``container`` does not contain ``item`` one or more times.</doc>
<arguments>
<arg>${result.text}</arg>
<arg>${text}</arg>
<arg>ignore_case=True</arg>
</arguments>
<status status="PASS" starttime="20240226 09:17:45.456" endtime="20240226 09:17:45.491"></status>
</kw>
<msg timestamp="20240226 09:17:45.491" level="INFO">${status} = True</msg>
<status status="PASS" starttime="20240226 09:17:45.456" endtime="20240226 09:17:45.492"></status>
</kw>
<kw name="Run Keyword If" library="BuiltIn">
<doc>Runs the given keyword with the given arguments, if ``condition`` is true.</doc>
<arguments>
<arg>${status}==True</arg>
<arg>Exit For Loop</arg>
</arguments>
<kw name="Exit For Loop" library="BuiltIn">
<doc>Stops executing the enclosing for loop.</doc>
<msg timestamp="20240226 09:17:45.492" level="INFO">Exiting for loop altogether.</msg>
<status status="PASS" starttime="20240226 09:17:45.492" endtime="20240226 09:17:45.492"></status>
</kw>
<status status="PASS" starttime="20240226 09:17:45.492" endtime="20240226 09:17:45.492"></status>
</kw>
<status status="PASS" starttime="20240226 09:17:45.456" endtime="20240226 09:17:45.492"></status>
</kw>
<status status="PASS" starttime="20240226 09:17:45.456" endtime="20240226 09:17:45.492"></status>
</kw>
<status status="PASS" starttime="20240226 09:17:45.455" endtime="20240226 09:17:45.493"></status>
</kw>
<kw name="Run Keyword And Return Status" library="BuiltIn">
<doc>Runs the given keyword with given arguments and returns the status as a Boolean value.</doc>
<arguments>
<arg>Get Element Attribute</arg>
<arg>${searchResultsComponent}</arg>
<arg>img</arg>
</arguments>
<assign>
<var>${status}</var>
</assign>
<kw name="Get Element Attribute" library="SeleniumLibrary">
<doc>Returns the value of ``attribute`` from the element ``locator``.</doc>
<arguments>
<arg>${searchResultsComponent}</arg>
<arg>img</arg>
</arguments>
<status status="PASS" starttime="20240226 09:17:45.493" endtime="20240226 09:17:45.512"></status>
</kw>
<msg timestamp="20240226 09:17:45.512" level="INFO">${status} = True</msg>
<status status="PASS" starttime="20240226 09:17:45.493" endtime="20240226 09:17:45.512"></status>
</kw>
<kw name="Should Be Equal As Strings" library="BuiltIn">
<doc>Fails if objects are unequal after converting them to strings.</doc>
<arguments>
<arg>${status}</arg>
<arg>True</arg>
</arguments>
<msg timestamp="20240226 09:17:45.512" level="INFO">Argument types are:
&lt;class 'bool'&gt;
&lt;type 'unicode'&gt;</msg>
<status status="PASS" starttime="20240226 09:17:45.512" endtime="20240226 09:17:45.513"></status>
</kw>
<status status="PASS" starttime="20240226 09:17:45.455" endtime="20240226 09:17:45.513"></status>
</kw>
<kw name="${result} = &lt;selenium.webdriver.remote.webelement.WebElement (session=&quot;a1331f96b794434cd80c3f213eda44ca&quot;, element=&quot;52C0E600024204D96ACCAD9D43C40FBA_element_430&quot;)&gt;" type="foritem">
<kw name="Split Search Keyword by space and validate match" library="Search">
<arguments>
<arg>${SearchKeyword}</arg>
<arg>${result}</arg>
</arguments>
<kw name="Split String" library="String">
<doc>Splits the ``string`` using ``separator`` as a delimiter string.</doc>
<arguments>
<arg>${SearchKeyword}</arg>
</arguments>
<assign>
<var>${searchText_parts}</var>
</assign>
<msg timestamp="20240226 09:17:45.513" level="INFO">${searchText_parts} = ['Iphone']</msg>
<status status="PASS" starttime="20240226 09:17:45.513" endtime="20240226 09:17:45.514"></status>
</kw>
<kw name="${text} IN [ @{searchText_parts} ]" type="for">
<kw name="${text} = Iphone" type="foritem">
<kw name="Run Keyword And Return Status" library="BuiltIn">
<doc>Runs the given keyword with given arguments and returns the status as a Boolean value.</doc>
<arguments>
<arg>Should Contain</arg>
<arg>${result.text}</arg>
<arg>${text}</arg>
<arg>ignore_case=True</arg>
</arguments>
<assign>
<var>${status}</var>
</assign>
<kw name="Should Contain" library="BuiltIn">
<doc>Fails if ``container`` does not contain ``item`` one or more times.</doc>
<arguments>
<arg>${result.text}</arg>
<arg>${text}</arg>
<arg>ignore_case=True</arg>
</arguments>
<status status="PASS" starttime="20240226 09:17:45.514" endtime="20240226 09:17:45.543"></status>
</kw>
<msg timestamp="20240226 09:17:45.543" level="INFO">${status} = True</msg>
<status status="PASS" starttime="20240226 09:17:45.514" endtime="20240226 09:17:45.543"></status>
</kw>
<kw name="Run Keyword If" library="BuiltIn">
<doc>Runs the given keyword with the given arguments, if ``condition`` is true.</doc>
<arguments>
<arg>${status}==True</arg>
<arg>Exit For Loop</arg>
</arguments>
<kw name="Exit For Loop" library="BuiltIn">
<doc>Stops executing the enclosing for loop.</doc>
<msg timestamp="20240226 09:17:45.544" level="INFO">Exiting for loop altogether.</msg>
<status status="PASS" starttime="20240226 09:17:45.544" endtime="20240226 09:17:45.544"></status>
</kw>
<status status="PASS" starttime="20240226 09:17:45.543" endtime="20240226 09:17:45.544"></status>
</kw>
<status status="PASS" starttime="20240226 09:17:45.514" endtime="20240226 09:17:45.544"></status>
</kw>
<status status="PASS" starttime="20240226 09:17:45.514" endtime="20240226 09:17:45.544"></status>
</kw>
<status status="PASS" starttime="20240226 09:17:45.513" endtime="20240226 09:17:45.544"></status>
</kw>
<kw name="Run Keyword And Return Status" library="BuiltIn">
<doc>Runs the given keyword with given arguments and returns the status as a Boolean value.</doc>
<arguments>
<arg>Get Element Attribute</arg>
<arg>${searchResultsComponent}</arg>
<arg>img</arg>
</arguments>
<assign>
<var>${status}</var>
</assign>
<kw name="Get Element Attribute" library="SeleniumLibrary">
<doc>Returns the value of ``attribute`` from the element ``locator``.</doc>
<arguments>
<arg>${searchResultsComponent}</arg>
<arg>img</arg>
</arguments>
<status status="PASS" starttime="20240226 09:17:45.545" endtime="20240226 09:17:45.578"></status>
</kw>
<msg timestamp="20240226 09:17:45.579" level="INFO">${status} = True</msg>
<status status="PASS" starttime="20240226 09:17:45.545" endtime="20240226 09:17:45.579"></status>
</kw>
<kw name="Should Be Equal As Strings" library="BuiltIn">
<doc>Fails if objects are unequal after converting them to strings.</doc>
<arguments>
<arg>${status}</arg>
<arg>True</arg>
</arguments>
<msg timestamp="20240226 09:17:45.579" level="INFO">Argument types are:
&lt;class 'bool'&gt;
&lt;type 'unicode'&gt;</msg>
<status status="PASS" starttime="20240226 09:17:45.579" endtime="20240226 09:17:45.579"></status>
</kw>
<status status="PASS" starttime="20240226 09:17:45.513" endtime="20240226 09:17:45.580"></status>
</kw>
<kw name="${result} = &lt;selenium.webdriver.remote.webelement.WebElement (session=&quot;a1331f96b794434cd80c3f213eda44ca&quot;, element=&quot;52C0E600024204D96ACCAD9D43C40FBA_element_431&quot;)&gt;" type="foritem">
<kw name="Split Search Keyword by space and validate match" library="Search">
<arguments>
<arg>${SearchKeyword}</arg>
<arg>${result}</arg>
</arguments>
<kw name="Split String" library="String">
<doc>Splits the ``string`` using ``separator`` as a delimiter string.</doc>
<arguments>
<arg>${SearchKeyword}</arg>
</arguments>
<assign>
<var>${searchText_parts}</var>
</assign>
<msg timestamp="20240226 09:17:45.581" level="INFO">${searchText_parts} = ['Iphone']</msg>
<status status="PASS" starttime="20240226 09:17:45.580" endtime="20240226 09:17:45.581"></status>
</kw>
<kw name="${text} IN [ @{searchText_parts} ]" type="for">
<kw name="${text} = Iphone" type="foritem">
<kw name="Run Keyword And Return Status" library="BuiltIn">
<doc>Runs the given keyword with given arguments and returns the status as a Boolean value.</doc>
<arguments>
<arg>Should Contain</arg>
<arg>${result.text}</arg>
<arg>${text}</arg>
<arg>ignore_case=True</arg>
</arguments>
<assign>
<var>${status}</var>
</assign>
<kw name="Should Contain" library="BuiltIn">
<doc>Fails if ``container`` does not contain ``item`` one or more times.</doc>
<arguments>
<arg>${result.text}</arg>
<arg>${text}</arg>
<arg>ignore_case=True</arg>
</arguments>
<status status="PASS" starttime="20240226 09:17:45.581" endtime="20240226 09:17:45.622"></status>
</kw>
<msg timestamp="20240226 09:17:45.623" level="INFO">${status} = True</msg>
<status status="PASS" starttime="20240226 09:17:45.581" endtime="20240226 09:17:45.623"></status>
</kw>
<kw name="Run Keyword If" library="BuiltIn">
<doc>Runs the given keyword with the given arguments, if ``condition`` is true.</doc>
<arguments>
<arg>${status}==True</arg>
<arg>Exit For Loop</arg>
</arguments>
<kw name="Exit For Loop" library="BuiltIn">
<doc>Stops executing the enclosing for loop.</doc>
<msg timestamp="20240226 09:17:45.624" level="INFO">Exiting for loop altogether.</msg>
<status status="PASS" starttime="20240226 09:17:45.624" endtime="20240226 09:17:45.624"></status>
</kw>
<status status="PASS" starttime="20240226 09:17:45.623" endtime="20240226 09:17:45.624"></status>
</kw>
<status status="PASS" starttime="20240226 09:17:45.581" endtime="20240226 09:17:45.624"></status>
</kw>
<status status="PASS" starttime="20240226 09:17:45.581" endtime="20240226 09:17:45.624"></status>
</kw>
<status status="PASS" starttime="20240226 09:17:45.580" endtime="20240226 09:17:45.624"></status>
</kw>
<kw name="Run Keyword And Return Status" library="BuiltIn">
<doc>Runs the given keyword with given arguments and returns the status as a Boolean value.</doc>
<arguments>
<arg>Get Element Attribute</arg>
<arg>${searchResultsComponent}</arg>
<arg>img</arg>
</arguments>
<assign>
<var>${status}</var>
</assign>
<kw name="Get Element Attribute" library="SeleniumLibrary">
<doc>Returns the value of ``attribute`` from the element ``locator``.</doc>
<arguments>
<arg>${searchResultsComponent}</arg>
<arg>img</arg>
</arguments>
<status status="PASS" starttime="20240226 09:17:45.625" endtime="20240226 09:17:45.660"></status>
</kw>
[...]
<arguments>
<arg>${searchResultsComponent}</arg>
<arg>img</arg>
</arguments>
<status status="PASS" starttime="20240226 09:18:02.892" endtime="20240226 09:18:02.907"></status>
</kw>
<msg timestamp="20240226 09:18:02.907" level="INFO">${status} = True</msg>
<status status="PASS" starttime="20240226 09:18:02.892" endtime="20240226 09:18:02.907"></status>
</kw>
<kw name="Should Be Equal As Strings" library="BuiltIn">
<doc>Fails if objects are unequal after converting them to strings.</doc>
<arguments>
<arg>${status}</arg>
<arg>True</arg>
</arguments>
<msg timestamp="20240226 09:18:02.907" level="INFO">Argument types are:
&lt;class 'bool'&gt;
&lt;type 'unicode'&gt;</msg>
<status status="PASS" starttime="20240226 09:18:02.907" endtime="20240226 09:18:02.907"></status>
</kw>
<status status="PASS" starttime="20240226 09:18:02.872" endtime="20240226 09:18:02.907"></status>
</kw>
<kw name="${result} = &lt;selenium.webdriver.remote.webelement.WebElement (session=&quot;a1331f96b794434cd80c3f213eda44ca&quot;, element=&quot;6D18018CA26D44176FF58C5671B2B777_element_744&quot;)&gt;" type="foritem">
<kw name="Split Search Keyword by space and validate unmatch" library="Search">
<arguments>
<arg>${SearchKeyword}</arg>
<arg>${result}</arg>
</arguments>
<kw name="Split String" library="String">
<doc>Splits the ``string`` using ``separator`` as a delimiter string.</doc>
<arguments>
<arg>${SearchKeyword}</arg>
</arguments>
<assign>
<var>${searchText_parts}</var>
</assign>
<msg timestamp="20240226 09:18:02.908" level="INFO">${searchText_parts} = ['jhgkjhgkjhgk']</msg>
<status status="PASS" starttime="20240226 09:18:02.908" endtime="20240226 09:18:02.908"></status>
</kw>
<kw name="${text} IN [ @{searchText_parts} ]" type="for">
<kw name="${text} = jhgkjhgkjhgk" type="foritem">
<kw name="Should Not Contain" library="BuiltIn">
<doc>Fails if ``container`` contains ``item`` one or more times.</doc>
<arguments>
<arg>${result.text}</arg>
<arg>${text}</arg>
<arg>ignore_case=True</arg>
</arguments>
<status status="PASS" starttime="20240226 09:18:02.908" endtime="20240226 09:18:02.924"></status>
</kw>
<status status="PASS" starttime="20240226 09:18:02.908" endtime="20240226 09:18:02.924"></status>
</kw>
<status status="PASS" starttime="20240226 09:18:02.908" endtime="20240226 09:18:02.924"></status>
</kw>
<status status="PASS" starttime="20240226 09:18:02.907" endtime="20240226 09:18:02.925"></status>
</kw>
<kw name="Run Keyword And Return Status" library="BuiltIn">
<doc>Runs the given keyword with given arguments and returns the status as a Boolean value.</doc>
<arguments>
<arg>Get Element Attribute</arg>
<arg>${searchResultsComponent}</arg>
<arg>img</arg>
</arguments>
<assign>
<var>${status}</var>
</assign>
<kw name="Get Element Attribute" library="SeleniumLibrary">
<doc>Returns the value of ``attribute`` from the element ``locator``.</doc>
<arguments>
<arg>${searchResultsComponent}</arg>
<arg>img</arg>
</arguments>
<status status="PASS" starttime="20240226 09:18:02.925" endtime="20240226 09:18:02.943"></status>
</kw>
<msg timestamp="20240226 09:18:02.943" level="INFO">${status} = True</msg>
<status status="PASS" starttime="20240226 09:18:02.925" endtime="20240226 09:18:02.943"></status>
</kw>
<kw name="Should Be Equal As Strings" library="BuiltIn">
<doc>Fails if objects are unequal after converting them to strings.</doc>
<arguments>
<arg>${status}</arg>
<arg>True</arg>
</arguments>
<msg timestamp="20240226 09:18:02.943" level="INFO">Argument types are:
&lt;class 'bool'&gt;
&lt;type 'unicode'&gt;</msg>
<status status="PASS" starttime="20240226 09:18:02.943" endtime="20240226 09:18:02.943"></status>
</kw>
<status status="PASS" starttime="20240226 09:18:02.907" endtime="20240226 09:18:02.943"></status>
</kw>
<kw name="${result} = &lt;selenium.webdriver.remote.webelement.WebElement (session=&quot;a1331f96b794434cd80c3f213eda44ca&quot;, element=&quot;6D18018CA26D44176FF58C5671B2B777_element_745&quot;)&gt;" type="foritem">
<kw name="Split Search Keyword by space and validate unmatch" library="Search">
<arguments>
<arg>${SearchKeyword}</arg>
<arg>${result}</arg>
</arguments>
<kw name="Split String" library="String">
<doc>Splits the ``string`` using ``separator`` as a delimiter string.</doc>
<arguments>
<arg>${SearchKeyword}</arg>
</arguments>
<assign>
<var>${searchText_parts}</var>
</assign>
<msg timestamp="20240226 09:18:02.944" level="INFO">${searchText_parts} = ['jhgkjhgkjhgk']</msg>
<status status="PASS" starttime="20240226 09:18:02.944" endtime="20240226 09:18:02.944"></status>
</kw>
<kw name="${text} IN [ @{searchText_parts} ]" type="for">
<kw name="${text} = jhgkjhgkjhgk" type="foritem">
<kw name="Should Not Contain" library="BuiltIn">
<doc>Fails if ``container`` contains ``item`` one or more times.</doc>
<arguments>
<arg>${result.text}</arg>
<arg>${text}</arg>
<arg>ignore_case=True</arg>
</arguments>
<status status="PASS" starttime="20240226 09:18:02.945" endtime="20240226 09:18:02.961"></status>
</kw>
<status status="PASS" starttime="20240226 09:18:02.944" endtime="20240226 09:18:02.961"></status>
</kw>
<status status="PASS" starttime="20240226 09:18:02.944" endtime="20240226 09:18:02.961"></status>
</kw>
<status status="PASS" starttime="20240226 09:18:02.944" endtime="20240226 09:18:02.961"></status>
</kw>
<kw name="Run Keyword And Return Status" library="BuiltIn">
<doc>Runs the given keyword with given arguments and returns the status as a Boolean value.</doc>
<arguments>
<arg>Get Element Attribute</arg>
<arg>${searchResultsComponent}</arg>
<arg>img</arg>
</arguments>
<assign>
<var>${status}</var>
</assign>
<kw name="Get Element Attribute" library="SeleniumLibrary">
<doc>Returns the value of ``attribute`` from the element ``locator``.</doc>
<arguments>
<arg>${searchResultsComponent}</arg>
<arg>img</arg>
</arguments>
<status status="PASS" starttime="20240226 09:18:02.961" endtime="20240226 09:18:02.975"></status>
</kw>
<msg timestamp="20240226 09:18:02.975" level="INFO">${status} = True</msg>
<status status="PASS" starttime="20240226 09:18:02.961" endtime="20240226 09:18:02.975"></status>
</kw>
<kw name="Should Be Equal As Strings" library="BuiltIn">
<doc>Fails if objects are unequal after converting them to strings.</doc>
<arguments>
<arg>${status}</arg>
<arg>True</arg>
</arguments>
<msg timestamp="20240226 09:18:02.976" level="INFO">Argument types are:
&lt;class 'bool'&gt;
&lt;type 'unicode'&gt;</msg>
<status status="PASS" starttime="20240226 09:18:02.976" endtime="20240226 09:18:02.976"></status>
</kw>
<status status="PASS" starttime="20240226 09:18:02.943" endtime="20240226 09:18:02.976"></status>
</kw>
<kw name="${result} = &lt;selenium.webdriver.remote.webelement.WebElement (session=&quot;a1331f96b794434cd80c3f213eda44ca&quot;, element=&quot;6D18018CA26D44176FF58C5671B2B777_element_746&quot;)&gt;" type="foritem">
<kw name="Split Search Keyword by space and validate unmatch" library="Search">
<arguments>
<arg>${SearchKeyword}</arg>
<arg>${result}</arg>
</arguments>
<kw name="Split String" library="String">
<doc>Splits the ``string`` using ``separator`` as a delimiter string.</doc>
<arguments>
<arg>${SearchKeyword}</arg>
</arguments>
<assign>
<var>${searchText_parts}</var>
</assign>
<msg timestamp="20240226 09:18:02.977" level="INFO">${searchText_parts} = ['jhgkjhgkjhgk']</msg>
<status status="PASS" starttime="20240226 09:18:02.976" endtime="20240226 09:18:02.977"></status>
</kw>
<kw name="${text} IN [ @{searchText_parts} ]" type="for">
<kw name="${text} = jhgkjhgkjhgk" type="foritem">
<kw name="Should Not Contain" library="BuiltIn">
<doc>Fails if ``container`` contains ``item`` one or more times.</doc>
<arguments>
<arg>${result.text}</arg>
<arg>${text}</arg>
<arg>ignore_case=True</arg>
</arguments>
<status status="PASS" starttime="20240226 09:18:02.977" endtime="20240226 09:18:02.996"></status>
</kw>
<status status="PASS" starttime="20240226 09:18:02.977" endtime="20240226 09:18:02.996"></status>
</kw>
<status status="PASS" starttime="20240226 09:18:02.977" endtime="20240226 09:18:02.997"></status>
</kw>
<status status="PASS" starttime="20240226 09:18:02.976" endtime="20240226 09:18:02.997"></status>
</kw>
<kw name="Run Keyword And Return Status" library="BuiltIn">
<doc>Runs the given keyword with given arguments and returns the status as a Boolean value.</doc>
<arguments>
<arg>Get Element Attribute</arg>
<arg>${searchResultsComponent}</arg>
<arg>img</arg>
</arguments>
<assign>
<var>${status}</var>
</assign>
<kw name="Get Element Attribute" library="SeleniumLibrary">
<doc>Returns the value of ``attribute`` from the element ``locator``.</doc>
<arguments>
<arg>${searchResultsComponent}</arg>
<arg>img</arg>
</arguments>
<status status="PASS" starttime="20240226 09:18:02.997" endtime="20240226 09:18:03.012"></status>
</kw>
<msg timestamp="20240226 09:18:03.013" level="INFO">${status} = True</msg>
<status status="PASS" starttime="20240226 09:18:02.997" endtime="20240226 09:18:03.013"></status>
</kw>
<kw name="Should Be Equal As Strings" library="BuiltIn">
<doc>Fails if objects are unequal after converting them to strings.</doc>
<arguments>
<arg>${status}</arg>
<arg>True</arg>
</arguments>
<msg timestamp="20240226 09:18:03.013" level="INFO">Argument types are:
&lt;class 'bool'&gt;
&lt;type 'unicode'&gt;</msg>
<status status="PASS" starttime="20240226 09:18:03.013" endtime="20240226 09:18:03.013"></status>
</kw>
<status status="PASS" starttime="20240226 09:18:02.976" endtime="20240226 09:18:03.013"></status>
</kw>
<status status="PASS" starttime="20240226 09:18:02.380" endtime="20240226 09:18:03.013"></status>
</kw>
<status status="PASS" starttime="20240226 09:17:57.834" endtime="20240226 09:18:03.014"></status>
</kw>
<doc>Testing Search Functionality by giving random keyword for which there
are no matching results but still some results are listed</doc>
<status status="PASS" starttime="20240226 09:17:57.833" endtime="20240226 09:18:03.014" critical="yes"></status>
</test>
<test id="s1-s1-s1-t5" name="Search_Functional_TestCase05">
<kw name="Set Screenshot Directory" library="SeleniumLibrary">
<doc>Sets the directory for captured screenshots.</doc>
<arguments>
<arg>Screenshots/Search/TestCase05</arg>
</arguments>
<status status="PASS" starttime="20240226 09:18:03.015" endtime="20240226 09:18:03.015"></status>
</kw>
<kw name="Search functionality when no results are found" library="Search">
<arguments>
<arg>${noResultSearch}</arg>
</arguments>
<kw name="Perform Search and display search results" library="Search">
<arguments>
<arg>${SearchKeyword}</arg>
</arguments>
<kw name="Click Element" library="SeleniumLibrary">
<doc>Click the element identified by ``locator``.</doc>
<arguments>
<arg>${searchBox}</arg>
</arguments>
<msg timestamp="20240226 09:18:03.016" level="INFO">Clicking element 'id=twotabsearchtextbox'.</msg>
<status status="PASS" starttime="20240226 09:18:03.016" endtime="20240226 09:18:03.075"></status>
</kw>
<kw name="Clear Element Text" library="SeleniumLibrary">
<doc>Clears the value of the text-input-element identified by ``locator``.</doc>
<arguments>
<arg>${searchBox}</arg>
</arguments>
<status status="PASS" starttime="20240226 09:18:03.076" endtime="20240226 09:18:03.123"></status>
</kw>
<kw name="Sleep" library="BuiltIn">
<doc>Pauses the test executed for the given time.</doc>
<arguments>
<arg>1</arg>
</arguments>
<msg timestamp="20240226 09:18:04.124" level="INFO">Slept 1 second</msg>
<status status="PASS" starttime="20240226 09:18:03.123" endtime="20240226 09:18:04.124"></status>
</kw>
<kw name="Input Text" library="SeleniumLibrary">
<doc>Types the given ``text`` into the text field identified by ``locator``.</doc>
<arguments>
<arg>${searchBox}</arg>
<arg>${SearchKeyword}</arg>
</arguments>
<msg timestamp="20240226 09:18:04.125" level="INFO">Typing text 'aui_rel_noreferrer_27' into text field 'id=twotabsearchtextbox'.</msg>
<status status="PASS" starttime="20240226 09:18:04.125" endtime="20240226 09:18:04.296"></status>
</kw>
<kw name="Sleep" library="BuiltIn">
<doc>Pauses the test executed for the given time.</doc>
<arguments>
<arg>1</arg>
</arguments>
<msg timestamp="20240226 09:18:05.296" level="INFO">Slept 1 second</msg>
<status status="PASS" starttime="20240226 09:18:04.296" endtime="20240226 09:18:05.296"></status>
</kw>
<kw name="Click Element" library="SeleniumLibrary">
<doc>Click the element identified by ``locator``.</doc>
<arguments>
<arg>${searchButton}</arg>
</arguments>
<msg timestamp="20240226 09:18:05.296" level="INFO">Clicking element 'id=nav-search-submit-button'.</msg>
<status status="PASS" starttime="20240226 09:18:05.296" endtime="20240226 09:18:06.382"></status>
</kw>
<status status="PASS" starttime="20240226 09:18:03.015" endtime="20240226 09:18:06.382"></status>
</kw>
<kw name="Capture Page Screenshot" library="SeleniumLibrary">
<doc>Takes a screenshot of the current page and embeds it into a log file.</doc>
<msg timestamp="20240226 09:18:06.543" level="INFO" html="yes">&lt;/td&gt;&lt;/tr&gt;&lt;tr&gt;&lt;td colspan="3"&gt;&lt;a href="Screenshots/Search/TestCase05/selenium-screenshot-1.png"&gt;&lt;img src="Screenshots/Search/TestCase05/selenium-screenshot-1.png" width="800px"&gt;&lt;/a&gt;</msg>
<status status="PASS" starttime="20240226 09:18:06.382" endtime="20240226 09:18:06.543"></status>
</kw>
<kw name="Sleep" library="BuiltIn">
<doc>Pauses the test executed for the given time.</doc>
<arguments>
<arg>1</arg>
</arguments>
<msg timestamp="20240226 09:18:07.543" level="INFO">Slept 1 second</msg>
<status status="PASS" starttime="20240226 09:18:06.543" endtime="20240226 09:18:07.543"></status>
</kw>
<kw name="Page Should Not Contain Element" library="SeleniumLibrary">
<doc>Verifies that element ``locator`` is not found on the current page.</doc>
<arguments>
<arg>${searchResultsText}</arg>
</arguments>
<msg timestamp="20240226 09:18:07.569" level="INFO">Current page does not contain element 'xpath=//span[text()='Results']'.</msg>
<status status="PASS" starttime="20240226 09:18:07.543" endtime="20240226 09:18:07.570"></status>
</kw>
<kw name="Get WebElements" library="SeleniumLibrary">
<doc>Returns a list of WebElement objects matching the ``locator``.</doc>
<arguments>
<arg>${searchResultsComponent}</arg>
</arguments>
<assign>
<var>${search_results}</var>
</assign>
<msg timestamp="20240226 09:18:07.578" level="INFO">${search_results} = []</msg>
<status status="PASS" starttime="20240226 09:18:07.570" endtime="20240226 09:18:07.578"></status>
</kw>
<kw name="Should Be Empty" library="BuiltIn">
<doc>Verifies that the given item is empty.</doc>
<arguments>
<arg>${search_results}</arg>
</arguments>
<msg timestamp="20240226 09:18:07.578" level="INFO">Length is 0</msg>
<status status="PASS" starttime="20240226 09:18:07.578" endtime="20240226 09:18:07.579"></status>
</kw>
<kw name="Sleep" library="BuiltIn">
<doc>Pauses the test executed for the given time.</doc>
<arguments>
<arg>1</arg>
</arguments>
<msg timestamp="20240226 09:18:08.579" level="INFO">Slept 1 second</msg>
<status status="PASS" starttime="20240226 09:18:07.579" endtime="20240226 09:18:08.580"></status>
</kw>
<kw name="Page Should Contain Element" library="SeleniumLibrary">
<doc>Verifies that element ``locator`` is found on the current page.</doc>
<arguments>
<arg>${noResultsText1}</arg>
</arguments>
<msg timestamp="20240226 09:18:08.602" level="INFO">Current page contains element 'xpath=//span[contains(text(),'No results for')]'.</msg>
<status status="PASS" starttime="20240226 09:18:08.581" endtime="20240226 09:18:08.602"></status>
</kw>
<kw name="Page Should Contain Element" library="SeleniumLibrary">
<doc>Verifies that element ``locator`` is found on the current page.</doc>
<arguments>
<arg>${noResultsText2}</arg>
</arguments>
<msg timestamp="20240226 09:18:08.612" level="INFO">Current page contains element 'xpath=//span[text()='Try checking your spelling or use more general terms']'.</msg>
<status status="PASS" starttime="20240226 09:18:08.602" endtime="20240226 09:18:08.613"></status>
</kw>
<kw name="Page Should Contain Element" library="SeleniumLibrary">
<doc>Verifies that element ``locator`` is found on the current page.</doc>
<arguments>
<arg>${noResultsText3}</arg>
</arguments>
<msg timestamp="20240226 09:18:08.622" level="INFO">Current page contains element 'xpath=//span[text()='Need help?']'.</msg>
<status status="PASS" starttime="20240226 09:18:08.613" endtime="20240226 09:18:08.623"></status>
</kw>
<kw name="Page Should Contain Element" library="SeleniumLibrary">
<doc>Verifies that element ``locator`` is found on the current page.</doc>
<arguments>
<arg>${helpElement}</arg>
</arguments>
<msg timestamp="20240226 09:18:08.631" level="INFO">Current page contains element 'xpath=//a[text()='Visit the help section']'.</msg>
<status status="PASS" starttime="20240226 09:18:08.623" endtime="20240226 09:18:08.632"></status>
</kw>
<kw name="Page Should Contain Element" library="SeleniumLibrary">
<doc>Verifies that element ``locator`` is found on the current page.</doc>
<arguments>
<arg>${contactElement}</arg>
</arguments>
<msg timestamp="20240226 09:18:08.640" level="INFO">Current page contains element 'xpath=//a[text()='contact us']'.</msg>
<status status="PASS" starttime="20240226 09:18:08.632" endtime="20240226 09:18:08.640"></status>
</kw>
<status status="PASS" starttime="20240226 09:18:03.015" endtime="20240226 09:18:08.641"></status>
</kw>
<doc>Testing Search Functionality by giving random keyword for which there
are no matching results at all</doc>
<status status="PASS" starttime="20240226 09:18:03.014" endtime="20240226 09:18:08.641" critical="yes"></status>
</test>
<kw name="End Test" library="CommonFunctionalities" type="teardown">
<kw name="Logout" library="Login">
<kw name="Mouse Over" library="SeleniumLibrary">
<doc>Simulates hovering the mouse over the element ``locator``.</doc>
<arguments>
<arg>${txt_hello_SignIn}</arg>
</arguments>
<msg timestamp="20240226 09:18:08.642" level="INFO">Simulating Mouse Over on element 'id=nav-link-accountList'.</msg>
<status status="PASS" starttime="20240226 09:18:08.642" endtime="20240226 09:18:08.945"></status>
</kw>
<kw name="Click Element" library="SeleniumLibrary">
<doc>Click the element identified by ``locator``.</doc>
<arguments>
<arg>${element_after_login}</arg>
</arguments>
<msg timestamp="20240226 09:18:08.946" level="INFO">Clicking element 'id=nav-item-signout'.</msg>
<status status="PASS" starttime="20240226 09:18:08.946" endtime="20240226 09:18:10.433"></status>
</kw>
<kw name="Sleep" library="BuiltIn">
<doc>Pauses the test executed for the given time.</doc>
<arguments>
<arg>1</arg>
</arguments>
<msg timestamp="20240226 09:18:11.434" level="INFO">Slept 1 second</msg>
<status status="PASS" starttime="20240226 09:18:10.433" endtime="20240226 09:18:11.434"></status>
</kw>
<status status="PASS" starttime="20240226 09:18:08.642" endtime="20240226 09:18:11.435"></status>
</kw>
<kw name="Close Browser" library="SeleniumLibrary">
<doc>Closes the current browser.</doc>
<status status="PASS" starttime="20240226 09:18:11.435" endtime="20240226 09:18:13.602"></status>
</kw>
<status status="PASS" starttime="20240226 09:18:08.642" endtime="20240226 09:18:13.603"></status>
</kw>
<status status="PASS" starttime="20240226 09:17:24.314" endtime="20240226 09:18:13.603"></status>
</suite>
<status status="PASS" starttime="20240226 09:17:24.311" endtime="20240226 09:18:13.609"></status>
</suite>
<status status="PASS" starttime="20240226 09:17:24.299" endtime="20240226 09:18:13.611"></status>
</suite>
<statistics>
<total>
<stat pass="5" fail="0">Critical Tests</stat>
<stat pass="5" fail="0">All Tests</stat>
</total>
<tag>
</tag>
<suite>
<stat pass="5" fail="0" id="s1" name="Binder Amazon">Binder Amazon</stat>
<stat pass="5" fail="0" id="s1-s1" name="Test Cases">Binder Amazon.Test Cases</stat>
<stat pass="5" fail="0" id="s1-s1-s1" name="SearchTestCases">Binder Amazon.Test Cases.SearchTestCases</stat>
</suite>
</statistics>
<errors>
</errors>
</robot>
